[WARNING]: While constructing a mapping from
/Users/xiilab/Develop/astrago/astrago-deployment/kubespray/versions/v2.28.1/kub
espray/roles/bootstrap_os/tasks/main.yml, line 29, column 7, found a duplicate
dict key (paths). Using last defined value only.
[WARNING]: Skipping callback plugin 'ara_default', unable to load

PLAY [Check Ansible version] ***************************************************
수요일 10 9월 2025  09:58:49 +0900 (0:00:00.007)       0:00:00.007 **************** 

TASK [Check 2.16.4 <= Ansible version < 2.17.0] ********************************
ok: [node1] => {
    "changed": false,
    "msg": "All assertions passed"
}
수요일 10 9월 2025  09:58:49 +0900 (0:00:00.014)       0:00:00.021 **************** 

TASK [Check that python netaddr is installed] **********************************
ok: [node1] => {
    "changed": false,
    "msg": "All assertions passed"
}
수요일 10 9월 2025  09:58:49 +0900 (0:00:00.032)       0:00:00.054 **************** 

TASK [Check that jinja is not too old (install via pip)] ***********************
ok: [node1] => {
    "changed": false,
    "msg": "All assertions passed"
}

PLAY [Define groups for legacy less structured inventories] ********************
수요일 10 9월 2025  09:58:49 +0900 (0:00:00.012)       0:00:00.066 **************** 

TASK [Match needed groups by their old names or definition] ********************
changed: [node1] => (item={'key': 'kube_control_plane', 'value': ['kube-master']})
ok: [node1] => (item={'key': 'kube_node', 'value': ['kube-node']})
ok: [node1] => (item={'key': 'calico_rr', 'value': ['calico-rr']})
ok: [node1] => (item={'key': 'no_floating', 'value': ['no-floating']})
ok: [node1] => (item={'key': 'k8s_cluster', 'value': ['kube_node', 'kube_control_plane', 'calico_rr']})
changed: [node2] => (item={'key': 'kube_control_plane', 'value': ['kube-master']})
ok: [node2] => (item={'key': 'kube_node', 'value': ['kube-node']})
ok: [node2] => (item={'key': 'calico_rr', 'value': ['calico-rr']})
ok: [node2] => (item={'key': 'no_floating', 'value': ['no-floating']})
ok: [node2] => (item={'key': 'k8s_cluster', 'value': ['kube_node', 'kube_control_plane', 'calico_rr']})
changed: [node3] => (item={'key': 'kube_control_plane', 'value': ['kube-master']})
ok: [node3] => (item={'key': 'kube_node', 'value': ['kube-node']})
ok: [node3] => (item={'key': 'calico_rr', 'value': ['calico-rr']})
ok: [node3] => (item={'key': 'no_floating', 'value': ['no-floating']})
ok: [node3] => (item={'key': 'k8s_cluster', 'value': ['kube_node', 'kube_control_plane', 'calico_rr']})

PLAY [Check inventory settings] ************************************************
수요일 10 9월 2025  09:58:49 +0900 (0:00:00.047)       0:00:00.114 **************** 

TASK [validate_inventory : Stop if some versions have a 'v' left at the start] ***
ok: [node1] => {
    "changed": false,
    "msg": "All assertions passed"
}
ok: [node2] => {
    "changed": false,
    "msg": "All assertions passed"
}
ok: [node3] => {
    "changed": false,
    "msg": "All assertions passed"
}
수요일 10 9월 2025  09:58:49 +0900 (0:00:00.043)       0:00:00.157 **************** 

TASK [validate_inventory : Stop if some derived versions have a 'v' left at the start] ***
ok: [node1] => {
    "changed": false,
    "msg": "All assertions passed"
}
ok: [node2] => {
    "changed": false,
    "msg": "All assertions passed"
}
ok: [node3] => {
    "changed": false,
    "msg": "All assertions passed"
}
수요일 10 9월 2025  09:58:49 +0900 (0:00:00.096)       0:00:00.254 **************** 

TASK [validate_inventory : Stop if kube_control_plane group is empty] **********
ok: [node1] => {
    "changed": false,
    "msg": "All assertions passed"
}
수요일 10 9월 2025  09:58:49 +0900 (0:00:00.019)       0:00:00.274 **************** 

TASK [validate_inventory : Stop if etcd group is empty in external etcd mode] ***
ok: [node1] => {
    "changed": false,
    "msg": "All assertions passed"
}
수요일 10 9월 2025  09:58:49 +0900 (0:00:00.018)       0:00:00.292 **************** 
수요일 10 9월 2025  09:58:49 +0900 (0:00:00.022)       0:00:00.314 **************** 

TASK [validate_inventory : Stop if unsupported version of Kubernetes] **********
ok: [node1] => {
    "changed": false,
    "msg": "All assertions passed"
}
ok: [node2] => {
    "changed": false,
    "msg": "All assertions passed"
}
ok: [node3] => {
    "changed": false,
    "msg": "All assertions passed"
}
수요일 10 9월 2025  09:58:49 +0900 (0:00:00.034)       0:00:00.349 **************** 

TASK [validate_inventory : Stop if known booleans are set as strings (Use JSON format on CLI: -e "{'key': true }")] ***
ok: [node1] => {
    "changed": false,
    "msg": "All assertions passed"
}
수요일 10 9월 2025  09:58:49 +0900 (0:00:00.019)       0:00:00.368 **************** 

TASK [validate_inventory : Stop if even number of etcd hosts] ******************
ok: [node1] => {
    "changed": false,
    "msg": "All assertions passed"
}
수요일 10 9월 2025  09:58:49 +0900 (0:00:00.019)       0:00:00.387 **************** 
수요일 10 9월 2025  09:58:49 +0900 (0:00:00.022)       0:00:00.410 **************** 
수요일 10 9월 2025  09:58:49 +0900 (0:00:00.022)       0:00:00.432 **************** 
수요일 10 9월 2025  09:58:49 +0900 (0:00:00.021)       0:00:00.454 **************** 
수요일 10 9월 2025  09:58:49 +0900 (0:00:00.022)       0:00:00.477 **************** 

TASK [validate_inventory : Check that kube_service_addresses is a network range] ***
ok: [node1] => {
    "changed": false,
    "msg": "All assertions passed"
}
수요일 10 9월 2025  09:58:49 +0900 (0:00:00.035)       0:00:00.512 **************** 

TASK [validate_inventory : Check that kube_pods_subnet is a network range] *****
ok: [node1] => {
    "changed": false,
    "msg": "All assertions passed"
}
수요일 10 9월 2025  09:58:49 +0900 (0:00:00.083)       0:00:00.596 **************** 

TASK [validate_inventory : Check that kube_pods_subnet does not collide with kube_service_addresses] ***
ok: [node1] => {
    "changed": false,
    "msg": "All assertions passed"
}
수요일 10 9월 2025  09:58:49 +0900 (0:00:00.120)       0:00:00.716 **************** 
수요일 10 9월 2025  09:58:49 +0900 (0:00:00.014)       0:00:00.731 **************** 
수요일 10 9월 2025  09:58:49 +0900 (0:00:00.015)       0:00:00.746 **************** 
수요일 10 9월 2025  09:58:49 +0900 (0:00:00.015)       0:00:00.761 **************** 
수요일 10 9월 2025  09:58:49 +0900 (0:00:00.015)       0:00:00.776 **************** 
수요일 10 9월 2025  09:58:49 +0900 (0:00:00.015)       0:00:00.792 **************** 

TASK [validate_inventory : Stop if unsupported options selected] ***************
ok: [node1] => {
    "changed": false,
    "msg": "All assertions passed"
}
수요일 10 9월 2025  09:58:49 +0900 (0:00:00.020)       0:00:00.813 **************** 
수요일 10 9월 2025  09:58:49 +0900 (0:00:00.026)       0:00:00.840 **************** 

TASK [validate_inventory : Stop if etcd_kubeadm_enabled is defined] ************
ok: [node1] => {
    "changed": false,
    "msg": "All assertions passed"
}
수요일 10 9월 2025  09:58:50 +0900 (0:00:00.019)       0:00:00.859 **************** 
수요일 10 9월 2025  09:58:50 +0900 (0:00:00.023)       0:00:00.882 **************** 
수요일 10 9월 2025  09:58:50 +0900 (0:00:00.022)       0:00:00.904 **************** 
수요일 10 9월 2025  09:58:50 +0900 (0:00:00.022)       0:00:00.927 **************** 

TASK [validate_inventory : Ensure minimum containerd version] ******************
ok: [node1] => {
    "changed": false,
    "msg": "All assertions passed"
}
수요일 10 9월 2025  09:58:50 +0900 (0:00:00.020)       0:00:00.948 **************** 
[WARNING]: Could not match supplied host pattern, ignoring: bastion

PLAY [Install bastion ssh config] **********************************************
skipping: no hosts matched

PLAY [Bootstrap hosts for Ansible] *********************************************
수요일 10 9월 2025  09:58:50 +0900 (0:00:00.125)       0:00:01.073 **************** 
[WARNING]: raw module does not support the environment keyword

TASK [bootstrap_os : Fetch /etc/os-release] ************************************
ok: [node1]
ok: [node2]
ok: [node3]
수요일 10 9월 2025  09:58:50 +0900 (0:00:00.072)       0:00:01.146 **************** 
수요일 10 9월 2025  09:58:50 +0900 (0:00:00.048)       0:00:01.194 **************** 

TASK [bootstrap_os : Include tasks] ********************************************
included: /Users/xiilab/Develop/astrago/astrago-deployment/kubespray/versions/v2.28.1/kubespray/roles/bootstrap_os/tasks/ubuntu.yml for node1, node2, node3 => (item=/Users/xiilab/Develop/astrago/astrago-deployment/kubespray/versions/v2.28.1/kubespray/roles/bootstrap_os/tasks/ubuntu.yml)
수요일 10 9월 2025  09:58:50 +0900 (0:00:00.057)       0:00:01.252 **************** 

TASK [bootstrap_os : Check if bootstrap is needed] *****************************
ok: [node1]
ok: [node2]
ok: [node3]
수요일 10 9월 2025  09:58:50 +0900 (0:00:00.066)       0:00:01.318 **************** 

TASK [bootstrap_os : Check http::proxy in apt configuration files] *************
ok: [node1]
ok: [node2]
ok: [node3]
수요일 10 9월 2025  09:58:50 +0900 (0:00:00.087)       0:00:01.405 **************** 
수요일 10 9월 2025  09:58:50 +0900 (0:00:00.027)       0:00:01.432 **************** 

TASK [bootstrap_os : Check https::proxy in apt configuration files] ************
ok: [node1]
ok: [node2]
ok: [node3]
수요일 10 9월 2025  09:58:50 +0900 (0:00:00.139)       0:00:01.572 **************** 
수요일 10 9월 2025  09:58:50 +0900 (0:00:00.027)       0:00:01.600 **************** 
수요일 10 9월 2025  09:58:50 +0900 (0:00:00.023)       0:00:01.623 **************** 
수요일 10 9월 2025  09:58:50 +0900 (0:00:00.039)       0:00:01.663 **************** 
수요일 10 9월 2025  09:58:50 +0900 (0:00:00.023)       0:00:01.686 **************** 
수요일 10 9월 2025  09:58:50 +0900 (0:00:00.023)       0:00:01.710 **************** 
수요일 10 9월 2025  09:58:50 +0900 (0:00:00.022)       0:00:01.733 **************** 

TASK [system_packages : Gather OS information] *********************************
ok: [node1]
ok: [node2]
ok: [node3]
수요일 10 9월 2025  09:58:51 +0900 (0:00:00.881)       0:00:02.615 **************** 
수요일 10 9월 2025  09:58:51 +0900 (0:00:00.035)       0:00:02.651 **************** 
수요일 10 9월 2025  09:58:51 +0900 (0:00:00.065)       0:00:02.717 **************** 
수요일 10 9월 2025  09:58:51 +0900 (0:00:00.024)       0:00:02.742 **************** 

TASK [system_packages : Update package management cache (APT)] *****************
changed: [node3]
changed: [node1]
changed: [node2]
수요일 10 9월 2025  09:58:56 +0900 (0:00:04.359)       0:00:07.101 **************** 
수요일 10 9월 2025  09:58:56 +0900 (0:00:00.034)       0:00:07.135 **************** 
수요일 10 9월 2025  09:58:56 +0900 (0:00:00.026)       0:00:07.162 **************** 
