[WARNING]: While constructing a mapping from
/Users/xiilab/Develop/astrago/astrago-deployment/kubespray/versions/v2.28.1/kub
espray/roles/bootstrap_os/tasks/main.yml, line 29, column 7, found a duplicate
dict key (paths). Using last defined value only.
[WARNING]: Skipping callback plugin 'ara_default', unable to load

PLAY [Check Ansible version] ***************************************************
수요일 10 9월 2025  09:17:23 +0900 (0:00:00.006)       0:00:00.006 **************** 

TASK [Check 2.16.4 <= Ansible version < 2.17.0] ********************************
ok: [node1] => {
    "changed": false,
    "msg": "All assertions passed"
}
수요일 10 9월 2025  09:17:23 +0900 (0:00:00.015)       0:00:00.022 **************** 

TASK [Check that python netaddr is installed] **********************************
ok: [node1] => {
    "changed": false,
    "msg": "All assertions passed"
}
수요일 10 9월 2025  09:17:23 +0900 (0:00:00.036)       0:00:00.059 **************** 

TASK [Check that jinja is not too old (install via pip)] ***********************
ok: [node1] => {
    "changed": false,
    "msg": "All assertions passed"
}

PLAY [Define groups for legacy less structured inventories] ********************
수요일 10 9월 2025  09:17:23 +0900 (0:00:00.012)       0:00:00.071 **************** 

TASK [Match needed groups by their old names or definition] ********************
changed: [node1] => (item={'key': 'kube_control_plane', 'value': ['kube-master']})
ok: [node1] => (item={'key': 'kube_node', 'value': ['kube-node']})
ok: [node1] => (item={'key': 'calico_rr', 'value': ['calico-rr']})
ok: [node1] => (item={'key': 'no_floating', 'value': ['no-floating']})
ok: [node1] => (item={'key': 'k8s_cluster', 'value': ['kube_node', 'kube_control_plane', 'calico_rr']})
changed: [node2] => (item={'key': 'kube_control_plane', 'value': ['kube-master']})
ok: [node2] => (item={'key': 'kube_node', 'value': ['kube-node']})
ok: [node2] => (item={'key': 'calico_rr', 'value': ['calico-rr']})
ok: [node2] => (item={'key': 'no_floating', 'value': ['no-floating']})
ok: [node2] => (item={'key': 'k8s_cluster', 'value': ['kube_node', 'kube_control_plane', 'calico_rr']})
changed: [node3] => (item={'key': 'kube_control_plane', 'value': ['kube-master']})
ok: [node3] => (item={'key': 'kube_node', 'value': ['kube-node']})
ok: [node3] => (item={'key': 'calico_rr', 'value': ['calico-rr']})
ok: [node3] => (item={'key': 'no_floating', 'value': ['no-floating']})
ok: [node3] => (item={'key': 'k8s_cluster', 'value': ['kube_node', 'kube_control_plane', 'calico_rr']})

PLAY [Check inventory settings] ************************************************
수요일 10 9월 2025  09:17:23 +0900 (0:00:00.049)       0:00:00.120 **************** 

TASK [validate_inventory : Stop if some versions have a 'v' left at the start] ***
ok: [node1] => {
    "changed": false,
    "msg": "All assertions passed"
}
ok: [node2] => {
    "changed": false,
    "msg": "All assertions passed"
}
ok: [node3] => {
    "changed": false,
    "msg": "All assertions passed"
}
수요일 10 9월 2025  09:17:23 +0900 (0:00:00.045)       0:00:00.166 **************** 

TASK [validate_inventory : Stop if some derived versions have a 'v' left at the start] ***
ok: [node1] => {
    "changed": false,
    "msg": "All assertions passed"
}
ok: [node2] => {
    "changed": false,
    "msg": "All assertions passed"
}
ok: [node3] => {
    "changed": false,
    "msg": "All assertions passed"
}
수요일 10 9월 2025  09:17:23 +0900 (0:00:00.099)       0:00:00.265 **************** 

TASK [validate_inventory : Stop if kube_control_plane group is empty] **********
ok: [node1] => {
    "changed": false,
    "msg": "All assertions passed"
}
수요일 10 9월 2025  09:17:23 +0900 (0:00:00.019)       0:00:00.284 **************** 

TASK [validate_inventory : Stop if etcd group is empty in external etcd mode] ***
ok: [node1] => {
    "changed": false,
    "msg": "All assertions passed"
}
수요일 10 9월 2025  09:17:23 +0900 (0:00:00.020)       0:00:00.305 **************** 
수요일 10 9월 2025  09:17:23 +0900 (0:00:00.023)       0:00:00.328 **************** 

TASK [validate_inventory : Stop if unsupported version of Kubernetes] **********
ok: [node1] => {
    "changed": false,
    "msg": "All assertions passed"
}
ok: [node2] => {
    "changed": false,
    "msg": "All assertions passed"
}
ok: [node3] => {
    "changed": false,
    "msg": "All assertions passed"
}
수요일 10 9월 2025  09:17:23 +0900 (0:00:00.035)       0:00:00.364 **************** 

TASK [validate_inventory : Stop if known booleans are set as strings (Use JSON format on CLI: -e "{'key': true }")] ***
ok: [node1] => {
    "changed": false,
    "msg": "All assertions passed"
}
수요일 10 9월 2025  09:17:23 +0900 (0:00:00.020)       0:00:00.385 **************** 

TASK [validate_inventory : Stop if even number of etcd hosts] ******************
ok: [node1] => {
    "changed": false,
    "msg": "All assertions passed"
}
수요일 10 9월 2025  09:17:23 +0900 (0:00:00.020)       0:00:00.406 **************** 
수요일 10 9월 2025  09:17:23 +0900 (0:00:00.024)       0:00:00.430 **************** 
수요일 10 9월 2025  09:17:23 +0900 (0:00:00.023)       0:00:00.454 **************** 
수요일 10 9월 2025  09:17:23 +0900 (0:00:00.023)       0:00:00.477 **************** 
수요일 10 9월 2025  09:17:23 +0900 (0:00:00.064)       0:00:00.542 **************** 

TASK [validate_inventory : Check that kube_service_addresses is a network range] ***
ok: [node1] => {
    "changed": false,
    "msg": "All assertions passed"
}
수요일 10 9월 2025  09:17:23 +0900 (0:00:00.037)       0:00:00.580 **************** 

TASK [validate_inventory : Check that kube_pods_subnet is a network range] *****
ok: [node1] => {
    "changed": false,
    "msg": "All assertions passed"
}
수요일 10 9월 2025  09:17:23 +0900 (0:00:00.039)       0:00:00.619 **************** 

TASK [validate_inventory : Check that kube_pods_subnet does not collide with kube_service_addresses] ***
ok: [node1] => {
    "changed": false,
    "msg": "All assertions passed"
}
수요일 10 9월 2025  09:17:23 +0900 (0:00:00.039)       0:00:00.658 **************** 
수요일 10 9월 2025  09:17:23 +0900 (0:00:00.014)       0:00:00.673 **************** 
수요일 10 9월 2025  09:17:23 +0900 (0:00:00.015)       0:00:00.688 **************** 
수요일 10 9월 2025  09:17:23 +0900 (0:00:00.014)       0:00:00.703 **************** 
수요일 10 9월 2025  09:17:23 +0900 (0:00:00.015)       0:00:00.718 **************** 
수요일 10 9월 2025  09:17:23 +0900 (0:00:00.015)       0:00:00.734 **************** 

TASK [validate_inventory : Stop if unsupported options selected] ***************
ok: [node1] => {
    "changed": false,
    "msg": "All assertions passed"
}
수요일 10 9월 2025  09:17:23 +0900 (0:00:00.020)       0:00:00.755 **************** 
수요일 10 9월 2025  09:17:24 +0900 (0:00:00.027)       0:00:00.782 **************** 

TASK [validate_inventory : Stop if etcd_kubeadm_enabled is defined] ************
ok: [node1] => {
    "changed": false,
    "msg": "All assertions passed"
}
수요일 10 9월 2025  09:17:24 +0900 (0:00:00.019)       0:00:00.801 **************** 
수요일 10 9월 2025  09:17:24 +0900 (0:00:00.023)       0:00:00.824 **************** 
수요일 10 9월 2025  09:17:24 +0900 (0:00:00.023)       0:00:00.848 **************** 
수요일 10 9월 2025  09:17:24 +0900 (0:00:00.063)       0:00:00.911 **************** 

TASK [validate_inventory : Ensure minimum containerd version] ******************
ok: [node1] => {
    "changed": false,
    "msg": "All assertions passed"
}
수요일 10 9월 2025  09:17:24 +0900 (0:00:00.020)       0:00:00.932 **************** 
[WARNING]: Could not match supplied host pattern, ignoring: bastion

PLAY [Install bastion ssh config] **********************************************
skipping: no hosts matched

PLAY [Bootstrap hosts for Ansible] *********************************************
수요일 10 9월 2025  09:17:24 +0900 (0:00:00.045)       0:00:00.978 **************** 
[WARNING]: raw module does not support the environment keyword

TASK [bootstrap_os : Fetch /etc/os-release] ************************************
ok: [node2]
ok: [node1]
ok: [node3]
수요일 10 9월 2025  09:17:24 +0900 (0:00:00.080)       0:00:01.059 **************** 
수요일 10 9월 2025  09:17:24 +0900 (0:00:00.042)       0:00:01.101 **************** 

TASK [bootstrap_os : Include tasks] ********************************************
included: /Users/xiilab/Develop/astrago/astrago-deployment/kubespray/versions/v2.28.1/kubespray/roles/bootstrap_os/tasks/ubuntu.yml for node1, node2, node3 => (item=/Users/xiilab/Develop/astrago/astrago-deployment/kubespray/versions/v2.28.1/kubespray/roles/bootstrap_os/tasks/ubuntu.yml)
수요일 10 9월 2025  09:17:24 +0900 (0:00:00.096)       0:00:01.197 **************** 

TASK [bootstrap_os : Check if bootstrap is needed] *****************************
ok: [node1]
ok: [node2]
ok: [node3]
수요일 10 9월 2025  09:17:24 +0900 (0:00:00.070)       0:00:01.268 **************** 

TASK [bootstrap_os : Check http::proxy in apt configuration files] *************
ok: [node1]
ok: [node3]
ok: [node2]
수요일 10 9월 2025  09:17:24 +0900 (0:00:00.142)       0:00:01.410 **************** 
수요일 10 9월 2025  09:17:24 +0900 (0:00:00.032)       0:00:01.442 **************** 

TASK [bootstrap_os : Check https::proxy in apt configuration files] ************
ok: [node1]
ok: [node2]
ok: [node3]
수요일 10 9월 2025  09:17:24 +0900 (0:00:00.092)       0:00:01.535 **************** 
수요일 10 9월 2025  09:17:24 +0900 (0:00:00.028)       0:00:01.564 **************** 
수요일 10 9월 2025  09:17:24 +0900 (0:00:00.024)       0:00:01.588 **************** 
수요일 10 9월 2025  09:17:24 +0900 (0:00:00.124)       0:00:01.712 **************** 
수요일 10 9월 2025  09:17:24 +0900 (0:00:00.024)       0:00:01.737 **************** 
수요일 10 9월 2025  09:17:24 +0900 (0:00:00.025)       0:00:01.763 **************** 
수요일 10 9월 2025  09:17:25 +0900 (0:00:00.024)       0:00:01.788 **************** 

TASK [system_packages : Gather OS information] *********************************
ok: [node1]
ok: [node3]
ok: [node2]
수요일 10 9월 2025  09:17:25 +0900 (0:00:00.926)       0:00:02.715 **************** 
수요일 10 9월 2025  09:17:25 +0900 (0:00:00.038)       0:00:02.753 **************** 
수요일 10 9월 2025  09:17:26 +0900 (0:00:00.032)       0:00:02.785 **************** 
수요일 10 9월 2025  09:17:26 +0900 (0:00:00.027)       0:00:02.813 **************** 

TASK [system_packages : Update package management cache (APT)] *****************
ok: [node3]
ok: [node1]
ok: [node2]
수요일 10 9월 2025  09:17:27 +0900 (0:00:01.316)       0:00:04.129 **************** 
수요일 10 9월 2025  09:17:27 +0900 (0:00:00.037)       0:00:04.167 **************** 
수요일 10 9월 2025  09:17:27 +0900 (0:00:00.027)       0:00:04.195 **************** 

TASK [system_packages : Manage packages] ***************************************
ok: [node3] => (item=remove)
ok: [node1] => (item=remove)
ok: [node2] => (item=remove)
changed: [node3] => (item=install)
changed: [node1] => (item=install)
changed: [node2] => (item=install)
수요일 10 9월 2025  09:17:39 +0900 (0:00:11.885)       0:00:16.080 **************** 

TASK [bootstrap_os : Create remote_tmp for it is used by another module] *******
changed: [node3]
changed: [node1]
changed: [node2]
수요일 10 9월 2025  09:17:39 +0900 (0:00:00.417)       0:00:16.498 **************** 

TASK [bootstrap_os : Gather facts] *********************************************
ok: [node3]
ok: [node1]
ok: [node2]
수요일 10 9월 2025  09:17:40 +0900 (0:00:00.735)       0:00:17.234 **************** 

TASK [bootstrap_os : Assign inventory name to unconfigured hostnames (non-CoreOS, non-Flatcar, Suse and ClearLinux, non-Fedora)] ***
changed: [node3]
changed: [node1]
changed: [node2]
수요일 10 9월 2025  09:17:41 +0900 (0:00:01.226)       0:00:18.460 **************** 

TASK [bootstrap_os : Ensure bash_completion.d folder exists] *******************
ok: [node2]
ok: [node1]
ok: [node3]

PLAY [Gather facts] ************************************************************
수요일 10 9월 2025  09:17:42 +0900 (0:00:00.376)       0:00:18.836 **************** 
수요일 10 9월 2025  09:17:42 +0900 (0:00:00.030)       0:00:18.867 **************** 

TASK [network_facts : Set fallback_ip] *****************************************
ok: [node1]
ok: [node2]
ok: [node3]
수요일 10 9월 2025  09:17:42 +0900 (0:00:00.038)       0:00:18.906 **************** 
수요일 10 9월 2025  09:17:42 +0900 (0:00:00.032)       0:00:18.938 **************** 

TASK [network_facts : Set fallback_ip6] ****************************************
ok: [node1]
ok: [node2]
ok: [node3]
수요일 10 9월 2025  09:17:42 +0900 (0:00:00.038)       0:00:18.977 **************** 

TASK [network_facts : Set main access ip(access_ip based on ipv4_stack/ipv6_stack options).] ***
ok: [node1]
ok: [node2]
ok: [node3]
수요일 10 9월 2025  09:17:42 +0900 (0:00:00.076)       0:00:19.053 **************** 

TASK [network_facts : Set main ip(ip based on ipv4_stack/ipv6_stack options).] ***
ok: [node1]
ok: [node2]
ok: [node3]
수요일 10 9월 2025  09:17:42 +0900 (0:00:00.035)       0:00:19.088 **************** 

TASK [network_facts : Set main access ips(mixed ips for dualstack).] ***********
ok: [node1]
ok: [node2]
ok: [node3]
수요일 10 9월 2025  09:17:42 +0900 (0:00:00.035)       0:00:19.124 **************** 

TASK [network_facts : Set main ips(mixed ips for dualstack).] ******************
ok: [node1]
ok: [node2]
ok: [node3]
수요일 10 9월 2025  09:17:42 +0900 (0:00:00.035)       0:00:19.160 **************** 
수요일 10 9월 2025  09:17:42 +0900 (0:00:00.014)       0:00:19.174 **************** 
수요일 10 9월 2025  09:17:42 +0900 (0:00:00.035)       0:00:19.210 **************** 

TASK [Gather minimal facts] ****************************************************
ok: [node1]
ok: [node3]
ok: [node2]
수요일 10 9월 2025  09:17:43 +0900 (0:00:00.734)       0:00:19.945 **************** 

TASK [Gather necessary facts (network)] ****************************************
ok: [node2]
ok: [node1]
ok: [node3]
수요일 10 9월 2025  09:17:44 +0900 (0:00:00.840)       0:00:20.785 **************** 

TASK [Gather necessary facts (hardware)] ***************************************
ok: [node1]
ok: [node3]
ok: [node2]

PLAY [Prepare for etcd install] ************************************************
수요일 10 9월 2025  09:17:45 +0900 (0:00:01.283)       0:00:22.068 **************** 

TASK [adduser : User | Create User Group] **************************************
changed: [node2]
changed: [node1]
changed: [node3]
수요일 10 9월 2025  09:17:45 +0900 (0:00:00.407)       0:00:22.476 **************** 

TASK [adduser : User | Create User] ********************************************
changed: [node3]
changed: [node1]
changed: [node2]
수요일 10 9월 2025  09:17:46 +0900 (0:00:00.589)       0:00:23.065 **************** 

TASK [kubernetes/preinstall : Check if /etc/fstab exists] **********************
ok: [node1]
ok: [node3]
ok: [node2]
수요일 10 9월 2025  09:17:46 +0900 (0:00:00.403)       0:00:23.468 **************** 

TASK [kubernetes/preinstall : Remove swapfile from /etc/fstab] *****************
ok: [node1] => (item=swap)
ok: [node2] => (item=swap)
ok: [node3] => (item=swap)
changed: [node1] => (item=none)
changed: [node2] => (item=none)
changed: [node3] => (item=none)
수요일 10 9월 2025  09:17:47 +0900 (0:00:00.717)       0:00:24.186 **************** 

TASK [kubernetes/preinstall : Mask swap.target (persist swapoff)] **************
changed: [node3]
changed: [node1]
changed: [node2]
수요일 10 9월 2025  09:17:48 +0900 (0:00:01.262)       0:00:25.448 **************** 

TASK [kubernetes/preinstall : Disable swap] ************************************
changed: [node3]
changed: [node1]
changed: [node2]
수요일 10 9월 2025  09:17:49 +0900 (0:00:00.394)       0:00:25.842 **************** 
수요일 10 9월 2025  09:17:49 +0900 (0:00:00.037)       0:00:25.880 **************** 

TASK [kubernetes/preinstall : Check resolvconf] ********************************
ok: [node1]
ok: [node2]
ok: [node3]
수요일 10 9월 2025  09:17:49 +0900 (0:00:00.319)       0:00:26.199 **************** 

TASK [kubernetes/preinstall : Check existence of /etc/resolvconf/resolv.conf.d] ***
ok: [node1]
ok: [node2]
ok: [node3]
수요일 10 9월 2025  09:17:49 +0900 (0:00:00.322)       0:00:26.521 **************** 

TASK [kubernetes/preinstall : Check status of /etc/resolv.conf] ****************
ok: [node1]
ok: [node3]
ok: [node2]
수요일 10 9월 2025  09:17:50 +0900 (0:00:00.320)       0:00:26.842 **************** 

TASK [kubernetes/preinstall : Fetch resolv.conf] *******************************
ok: [node3]
ok: [node1]
ok: [node2]
수요일 10 9월 2025  09:17:50 +0900 (0:00:00.404)       0:00:27.246 **************** 

TASK [kubernetes/preinstall : NetworkManager | Check if host has NetworkManager] ***
ok: [node1]
ok: [node2]
ok: [node3]
수요일 10 9월 2025  09:17:50 +0900 (0:00:00.338)       0:00:27.585 **************** 

TASK [kubernetes/preinstall : Check systemd-resolved] **************************
ok: [node1]
ok: [node2]
ok: [node3]
수요일 10 9월 2025  09:17:51 +0900 (0:00:00.346)       0:00:27.932 **************** 

TASK [kubernetes/preinstall : Set default dns if remove_default_searchdomains is false] ***
ok: [node1]
ok: [node2]
ok: [node3]
수요일 10 9월 2025  09:17:51 +0900 (0:00:00.097)       0:00:28.029 **************** 

TASK [kubernetes/preinstall : Set dns facts] ***********************************
ok: [node1]
ok: [node2]
ok: [node3]
수요일 10 9월 2025  09:17:51 +0900 (0:00:00.037)       0:00:28.067 **************** 

TASK [kubernetes/preinstall : Check if kubelet is configured] ******************
ok: [node1]
ok: [node2]
ok: [node3]
수요일 10 9월 2025  09:17:51 +0900 (0:00:00.313)       0:00:28.380 **************** 

TASK [kubernetes/preinstall : Check if early DNS configuration stage] **********
ok: [node1]
ok: [node2]
ok: [node3]
수요일 10 9월 2025  09:17:51 +0900 (0:00:00.048)       0:00:28.428 **************** 

TASK [kubernetes/preinstall : Target resolv.conf files] ************************
ok: [node1]
ok: [node2]
ok: [node3]
수요일 10 9월 2025  09:17:51 +0900 (0:00:00.039)       0:00:28.468 **************** 
수요일 10 9월 2025  09:17:51 +0900 (0:00:00.026)       0:00:28.494 **************** 

TASK [kubernetes/preinstall : Check if /etc/dhclient.conf exists] **************
ok: [node1]
ok: [node2]
ok: [node3]
수요일 10 9월 2025  09:17:52 +0900 (0:00:00.308)       0:00:28.803 **************** 
수요일 10 9월 2025  09:17:52 +0900 (0:00:00.037)       0:00:28.840 **************** 

TASK [kubernetes/preinstall : Check if /etc/dhcp/dhclient.conf exists] *********
ok: [node1]
ok: [node2]
ok: [node3]
수요일 10 9월 2025  09:17:52 +0900 (0:00:00.361)       0:00:29.202 **************** 

TASK [kubernetes/preinstall : Target dhclient conf file for /etc/dhcp/dhclient.conf] ***
ok: [node1]
ok: [node2]
ok: [node3]
수요일 10 9월 2025  09:17:52 +0900 (0:00:00.038)       0:00:29.241 **************** 
수요일 10 9월 2025  09:17:52 +0900 (0:00:00.027)       0:00:29.268 **************** 

TASK [kubernetes/preinstall : Target dhclient hook file for Debian family] *****
ok: [node1]
ok: [node2]
ok: [node3]
수요일 10 9월 2025  09:17:52 +0900 (0:00:00.038)       0:00:29.306 **************** 
수요일 10 9월 2025  09:17:52 +0900 (0:00:00.026)       0:00:29.333 **************** 

TASK [kubernetes/preinstall : Check /usr readonly] *****************************
ok: [node1]
ok: [node2]
ok: [node3]
수요일 10 9월 2025  09:17:52 +0900 (0:00:00.309)       0:00:29.642 **************** 
수요일 10 9월 2025  09:17:52 +0900 (0:00:00.036)       0:00:29.678 **************** 
수요일 10 9월 2025  09:17:52 +0900 (0:00:00.017)       0:00:29.695 **************** 

TASK [kubernetes/preinstall : Stop if non systemd OS type] *********************
ok: [node1] => {
    "changed": false,
    "msg": "All assertions passed"
}
ok: [node2] => {
    "changed": false,
    "msg": "All assertions passed"
}
ok: [node3] => {
    "changed": false,
    "msg": "All assertions passed"
}
수요일 10 9월 2025  09:17:52 +0900 (0:00:00.039)       0:00:29.735 **************** 

TASK [kubernetes/preinstall : Stop if the os does not support] *****************
ok: [node1] => {
    "changed": false,
    "msg": "All assertions passed"
}
ok: [node2] => {
    "changed": false,
    "msg": "All assertions passed"
}
ok: [node3] => {
    "changed": false,
    "msg": "All assertions passed"
}
수요일 10 9월 2025  09:17:53 +0900 (0:00:00.077)       0:00:29.813 **************** 

TASK [kubernetes/preinstall : Stop if memory is too small for control plane nodes] ***
ok: [node1] => {
    "changed": false,
    "msg": "All assertions passed"
}
ok: [node2] => {
    "changed": false,
    "msg": "All assertions passed"
}
ok: [node3] => {
    "changed": false,
    "msg": "All assertions passed"
}
수요일 10 9월 2025  09:17:53 +0900 (0:00:00.038)       0:00:29.851 **************** 

TASK [kubernetes/preinstall : Stop if memory is too small for nodes] ***********
ok: [node1] => {
    "changed": false,
    "msg": "All assertions passed"
}
ok: [node2] => {
    "changed": false,
    "msg": "All assertions passed"
}
ok: [node3] => {
    "changed": false,
    "msg": "All assertions passed"
}
수요일 10 9월 2025  09:17:53 +0900 (0:00:00.037)       0:00:29.889 **************** 

TASK [kubernetes/preinstall : Stop if cgroups are not enabled on nodes] ********
ok: [node1]
ok: [node2]
ok: [node3]
수요일 10 9월 2025  09:17:53 +0900 (0:00:00.319)       0:00:30.209 **************** 

TASK [kubernetes/preinstall : Stop if ip var does not match local ips] *********
ok: [node1] => {
    "changed": false,
    "msg": "All assertions passed"
}
ok: [node2] => {
    "changed": false,
    "msg": "All assertions passed"
}
ok: [node3] => {
    "changed": false,
    "msg": "All assertions passed"
}
수요일 10 9월 2025  09:17:53 +0900 (0:00:00.049)       0:00:30.258 **************** 

TASK [kubernetes/preinstall : Stop if access_ip is not pingable] ***************
ok: [node1]
ok: [node2]
ok: [node3]
수요일 10 9월 2025  09:17:53 +0900 (0:00:00.332)       0:00:30.591 **************** 
수요일 10 9월 2025  09:17:53 +0900 (0:00:00.038)       0:00:30.630 **************** 
수요일 10 9월 2025  09:17:53 +0900 (0:00:00.030)       0:00:30.660 **************** 

TASK [kubernetes/preinstall : Stop if bad hostname] ****************************
ok: [node1] => {
    "changed": false,
    "msg": "All assertions passed"
}
ok: [node2] => {
    "changed": false,
    "msg": "All assertions passed"
}
ok: [node3] => {
    "changed": false,
    "msg": "All assertions passed"
}
수요일 10 9월 2025  09:17:53 +0900 (0:00:00.037)       0:00:30.697 **************** 

TASK [kubernetes/preinstall : Stop if /etc/resolv.conf has no configured nameservers] ***
ok: [node1] => {
    "changed": false,
    "msg": "All assertions passed"
}
ok: [node2] => {
    "changed": false,
    "msg": "All assertions passed"
}
ok: [node3] => {
    "changed": false,
    "msg": "All assertions passed"
}
수요일 10 9월 2025  09:17:54 +0900 (0:00:00.126)       0:00:30.824 **************** 
수요일 10 9월 2025  09:17:54 +0900 (0:00:00.027)       0:00:30.851 **************** 

TASK [kubernetes/preinstall : Create kubernetes directories] *******************
changed: [node1] => (item=/etc/kubernetes)
changed: [node2] => (item=/etc/kubernetes)
changed: [node3] => (item=/etc/kubernetes)
changed: [node1] => (item=/etc/kubernetes/manifests)
changed: [node2] => (item=/etc/kubernetes/manifests)
changed: [node3] => (item=/etc/kubernetes/manifests)
changed: [node1] => (item=/usr/local/bin/kubernetes-scripts)
changed: [node2] => (item=/usr/local/bin/kubernetes-scripts)
changed: [node3] => (item=/usr/local/bin/kubernetes-scripts)
changed: [node1] => (item=/usr/libexec/kubernetes/kubelet-plugins/volume/exec)
changed: [node2] => (item=/usr/libexec/kubernetes/kubelet-plugins/volume/exec)
changed: [node3] => (item=/usr/libexec/kubernetes/kubelet-plugins/volume/exec)
수요일 10 9월 2025  09:17:55 +0900 (0:00:01.173)       0:00:32.025 **************** 

TASK [kubernetes/preinstall : Create other directories of root owner] **********
changed: [node1] => (item=/etc/kubernetes/ssl)
changed: [node3] => (item=/etc/kubernetes/ssl)
changed: [node2] => (item=/etc/kubernetes/ssl)
ok: [node1] => (item=/usr/local/bin)
ok: [node2] => (item=/usr/local/bin)
ok: [node3] => (item=/usr/local/bin)
수요일 10 9월 2025  09:17:55 +0900 (0:00:00.606)       0:00:32.631 **************** 

TASK [kubernetes/preinstall : Check if kubernetes kubeadm compat cert dir exists] ***
ok: [node1]
ok: [node2]
ok: [node3]
수요일 10 9월 2025  09:17:56 +0900 (0:00:00.314)       0:00:32.945 **************** 

TASK [kubernetes/preinstall : Create kubernetes kubeadm compat cert dir (kubernetes/kubeadm issue 1498)] ***
changed: [node1]
changed: [node2]
changed: [node3]
수요일 10 9월 2025  09:17:56 +0900 (0:00:00.333)       0:00:33.279 **************** 

TASK [kubernetes/preinstall : Create cni directories] **************************
changed: [node1] => (item=/etc/cni/net.d)
changed: [node2] => (item=/etc/cni/net.d)
changed: [node3] => (item=/etc/cni/net.d)
changed: [node1] => (item=/opt/cni/bin)
changed: [node2] => (item=/opt/cni/bin)
changed: [node3] => (item=/opt/cni/bin)
수요일 10 9월 2025  09:17:57 +0900 (0:00:00.613)       0:00:33.893 **************** 

TASK [kubernetes/preinstall : Create calico cni directories] *******************
changed: [node1] => (item=/var/lib/calico)
changed: [node3] => (item=/var/lib/calico)
changed: [node2] => (item=/var/lib/calico)
수요일 10 9월 2025  09:17:57 +0900 (0:00:00.333)       0:00:34.227 **************** 
수요일 10 9월 2025  09:17:57 +0900 (0:00:00.094)       0:00:34.322 **************** 
수요일 10 9월 2025  09:17:57 +0900 (0:00:00.028)       0:00:34.350 **************** 
수요일 10 9월 2025  09:17:57 +0900 (0:00:00.027)       0:00:34.377 **************** 
수요일 10 9월 2025  09:17:57 +0900 (0:00:00.039)       0:00:34.417 **************** 
수요일 10 9월 2025  09:17:57 +0900 (0:00:00.036)       0:00:34.454 **************** 
수요일 10 9월 2025  09:17:57 +0900 (0:00:00.028)       0:00:34.482 **************** 
수요일 10 9월 2025  09:17:57 +0900 (0:00:00.027)       0:00:34.510 **************** 

TASK [kubernetes/preinstall : Create systemd-resolved drop-in directory] *******
changed: [node1]
changed: [node2]
changed: [node3]
수요일 10 9월 2025  09:17:58 +0900 (0:00:00.317)       0:00:34.827 **************** 

TASK [kubernetes/preinstall : Write Kubespray DNS settings to systemd-resolved] ***
changed: [node2]
changed: [node1]
changed: [node3]
수요일 10 9월 2025  09:17:58 +0900 (0:00:00.942)       0:00:35.770 **************** 
수요일 10 9월 2025  09:17:59 +0900 (0:00:00.085)       0:00:35.855 **************** 
수요일 10 9월 2025  09:17:59 +0900 (0:00:00.028)       0:00:35.884 **************** 
수요일 10 9월 2025  09:17:59 +0900 (0:00:00.027)       0:00:35.911 **************** 
수요일 10 9월 2025  09:17:59 +0900 (0:00:00.026)       0:00:35.938 **************** 
수요일 10 9월 2025  09:17:59 +0900 (0:00:00.026)       0:00:35.964 **************** 
수요일 10 9월 2025  09:17:59 +0900 (0:00:00.027)       0:00:35.992 **************** 
수요일 10 9월 2025  09:17:59 +0900 (0:00:00.027)       0:00:36.019 **************** 
수요일 10 9월 2025  09:17:59 +0900 (0:00:00.025)       0:00:36.045 **************** 
수요일 10 9월 2025  09:17:59 +0900 (0:00:00.067)       0:00:36.113 **************** 
수요일 10 9월 2025  09:17:59 +0900 (0:00:00.026)       0:00:36.139 **************** 

TASK [kubernetes/preinstall : Clean previously used sysctl file locations] *****
ok: [node1] => (item=ipv4-ip_forward.conf)
ok: [node2] => (item=ipv4-ip_forward.conf)
ok: [node3] => (item=ipv4-ip_forward.conf)
ok: [node2] => (item=bridge-nf-call.conf)
ok: [node1] => (item=bridge-nf-call.conf)
ok: [node3] => (item=bridge-nf-call.conf)
수요일 10 9월 2025  09:17:59 +0900 (0:00:00.613)       0:00:36.753 **************** 

TASK [kubernetes/preinstall : Stat sysctl file configuration] ******************
ok: [node1]
ok: [node2]
ok: [node3]
수요일 10 9월 2025  09:18:00 +0900 (0:00:00.334)       0:00:37.087 **************** 

TASK [kubernetes/preinstall : Change sysctl file path to link source if linked] ***
ok: [node1]
ok: [node2]
ok: [node3]
수요일 10 9월 2025  09:18:00 +0900 (0:00:00.051)       0:00:37.138 **************** 

TASK [kubernetes/preinstall : Make sure sysctl file path folder exists] ********
ok: [node2]
ok: [node1]
ok: [node3]
수요일 10 9월 2025  09:18:00 +0900 (0:00:00.312)       0:00:37.451 **************** 

TASK [kubernetes/preinstall : Enable ip forwarding] ****************************
changed: [node1]
changed: [node2]
changed: [node3]
수요일 10 9월 2025  09:18:01 +0900 (0:00:00.444)       0:00:37.895 **************** 
수요일 10 9월 2025  09:18:01 +0900 (0:00:00.046)       0:00:37.941 **************** 

TASK [kubernetes/preinstall : Check if we need to set fs.may_detach_mounts] ****
ok: [node1]
ok: [node2]
ok: [node3]
수요일 10 9월 2025  09:18:01 +0900 (0:00:00.389)       0:00:38.331 **************** 
수요일 10 9월 2025  09:18:01 +0900 (0:00:00.033)       0:00:38.364 **************** 

TASK [kubernetes/preinstall : Ensure kubelet expected parameters are set] ******
changed: [node1] => (item={'name': 'kernel.keys.root_maxbytes', 'value': 25000000})
changed: [node3] => (item={'name': 'kernel.keys.root_maxbytes', 'value': 25000000})
changed: [node2] => (item={'name': 'kernel.keys.root_maxbytes', 'value': 25000000})
changed: [node2] => (item={'name': 'kernel.keys.root_maxkeys', 'value': 1000000})
changed: [node1] => (item={'name': 'kernel.keys.root_maxkeys', 'value': 1000000})
changed: [node3] => (item={'name': 'kernel.keys.root_maxkeys', 'value': 1000000})
changed: [node2] => (item={'name': 'kernel.panic', 'value': 10})
changed: [node1] => (item={'name': 'kernel.panic', 'value': 10})
changed: [node3] => (item={'name': 'kernel.panic', 'value': 10})
changed: [node3] => (item={'name': 'kernel.panic_on_oops', 'value': 1})
changed: [node2] => (item={'name': 'kernel.panic_on_oops', 'value': 1})
changed: [node2] => (item={'name': 'vm.overcommit_memory', 'value': 1})
changed: [node3] => (item={'name': 'vm.overcommit_memory', 'value': 1})
changed: [node2] => (item={'name': 'vm.panic_on_oom', 'value': 0})
changed: [node3] => (item={'name': 'vm.panic_on_oom', 'value': 0})
changed: [node1] => (item={'name': 'kernel.panic_on_oops', 'value': 1})
changed: [node1] => (item={'name': 'vm.overcommit_memory', 'value': 1})
changed: [node1] => (item={'name': 'vm.panic_on_oom', 'value': 0})
수요일 10 9월 2025  09:18:04 +0900 (0:00:02.873)       0:00:41.237 **************** 

TASK [kubernetes/preinstall : Check dummy module] ******************************
changed: [node3]
changed: [node1]
changed: [node2]
수요일 10 9월 2025  09:18:04 +0900 (0:00:00.402)       0:00:41.640 **************** 
수요일 10 9월 2025  09:18:04 +0900 (0:00:00.039)       0:00:41.680 **************** 

TASK [kubernetes/preinstall : Disable fapolicyd service] ***********************
ok: [node1]
ok: [node2]
ok: [node3]
수요일 10 9월 2025  09:18:05 +0900 (0:00:00.527)       0:00:42.207 **************** 
수요일 10 9월 2025  09:18:05 +0900 (0:00:00.037)       0:00:42.244 **************** 
수요일 10 9월 2025  09:18:05 +0900 (0:00:00.029)       0:00:42.274 **************** 
수요일 10 9월 2025  09:18:05 +0900 (0:00:00.026)       0:00:42.300 **************** 
수요일 10 9월 2025  09:18:05 +0900 (0:00:00.068)       0:00:42.369 **************** 
수요일 10 9월 2025  09:18:05 +0900 (0:00:00.026)       0:00:42.395 **************** 
수요일 10 9월 2025  09:18:05 +0900 (0:00:00.025)       0:00:42.421 **************** 
수요일 10 9월 2025  09:18:05 +0900 (0:00:00.026)       0:00:42.448 **************** 
수요일 10 9월 2025  09:18:05 +0900 (0:00:00.026)       0:00:42.475 **************** 

TASK [kubernetes/preinstall : Hosts | create hosts list from inventory] ********
ok: [node1 -> localhost]
수요일 10 9월 2025  09:18:05 +0900 (0:00:00.044)       0:00:42.519 **************** 

TASK [kubernetes/preinstall : Hosts | populate inventory into hosts file] ******
changed: [node1]
changed: [node2]
changed: [node3]
수요일 10 9월 2025  09:18:06 +0900 (0:00:00.423)       0:00:42.942 **************** 
수요일 10 9월 2025  09:18:06 +0900 (0:00:00.041)       0:00:42.983 **************** 

TASK [kubernetes/preinstall : Hosts | Retrieve hosts file content] *************
ok: [node1]
ok: [node2]
ok: [node3]
수요일 10 9월 2025  09:18:06 +0900 (0:00:00.302)       0:00:43.286 **************** 

TASK [kubernetes/preinstall : Hosts | Extract existing entries for localhost from hosts file] ***
ok: [node1] => (item=127.0.0.1 localhost)
ok: [node2] => (item=127.0.0.1 localhost)
ok: [node1] => (item=::1     ip6-localhost ip6-loopback)
ok: [node2] => (item=::1     ip6-localhost ip6-loopback)
ok: [node1] => (item=127.0.0.1 ubuntu2204.localdomain)
ok: [node3] => (item=127.0.0.1 localhost)
ok: [node3] => (item=::1     ip6-localhost ip6-loopback)
ok: [node2] => (item=127.0.0.1 ubuntu2204.localdomain)
ok: [node3] => (item=127.0.0.1 ubuntu2204.localdomain)
수요일 10 9월 2025  09:18:06 +0900 (0:00:00.151)       0:00:43.438 **************** 

TASK [kubernetes/preinstall : Hosts | Update target hosts file entries dict with required entries] ***
ok: [node1] => (item={'key': '127.0.0.1', 'value': {'expected': ['localhost', 'localhost.localdomain']}})
ok: [node1] => (item={'key': '::1', 'value': {'expected': ['localhost6', 'localhost6.localdomain'], 'unexpected': ['localhost', 'localhost.localdomain']}})
ok: [node2] => (item={'key': '127.0.0.1', 'value': {'expected': ['localhost', 'localhost.localdomain']}})
ok: [node2] => (item={'key': '::1', 'value': {'expected': ['localhost6', 'localhost6.localdomain'], 'unexpected': ['localhost', 'localhost.localdomain']}})
ok: [node3] => (item={'key': '127.0.0.1', 'value': {'expected': ['localhost', 'localhost.localdomain']}})
ok: [node3] => (item={'key': '::1', 'value': {'expected': ['localhost6', 'localhost6.localdomain'], 'unexpected': ['localhost', 'localhost.localdomain']}})
수요일 10 9월 2025  09:18:06 +0900 (0:00:00.043)       0:00:43.481 **************** 

TASK [kubernetes/preinstall : Hosts | Update (if necessary) hosts file] ********
changed: [node2] => (item={'key': '127.0.0.1', 'value': ['ubuntu2204.localdomain', 'localhost', 'localhost.localdomain']})
changed: [node3] => (item={'key': '127.0.0.1', 'value': ['ubuntu2204.localdomain', 'localhost', 'localhost.localdomain']})
changed: [node1] => (item={'key': '127.0.0.1', 'value': ['ubuntu2204.localdomain', 'localhost', 'localhost.localdomain']})
changed: [node2] => (item={'key': '::1', 'value': ['ip6-loopback', 'ip6-localhost', 'localhost6', 'localhost6.localdomain']})
changed: [node3] => (item={'key': '::1', 'value': ['ip6-loopback', 'ip6-localhost', 'localhost6', 'localhost6.localdomain']})
changed: [node1] => (item={'key': '::1', 'value': ['ip6-loopback', 'ip6-localhost', 'localhost6', 'localhost6.localdomain']})
수요일 10 9월 2025  09:18:07 +0900 (0:00:00.697)       0:00:44.179 **************** 

TASK [kubernetes/preinstall : Update facts] ************************************
ok: [node1]
ok: [node2]
ok: [node3]
수요일 10 9월 2025  09:18:08 +0900 (0:00:00.754)       0:00:44.934 **************** 

TASK [kubernetes/preinstall : Configure dhclient to supersede search/domain/nameservers] ***
changed: [node1]
changed: [node2]
changed: [node3]
수요일 10 9월 2025  09:18:08 +0900 (0:00:00.368)       0:00:45.302 **************** 

TASK [kubernetes/preinstall : Configure dhclient hooks for resolv.conf (non-RH)] ***
changed: [node1]
changed: [node3]
changed: [node2]
수요일 10 9월 2025  09:18:09 +0900 (0:00:00.855)       0:00:46.158 **************** 
수요일 10 9월 2025  09:18:09 +0900 (0:00:00.036)       0:00:46.194 **************** 
수요일 10 9월 2025  09:18:09 +0900 (0:00:00.028)       0:00:46.222 **************** 
수요일 10 9월 2025  09:18:09 +0900 (0:00:00.068)       0:00:46.291 **************** 
수요일 10 9월 2025  09:18:09 +0900 (0:00:00.003)       0:00:46.294 **************** 
수요일 10 9월 2025  09:18:09 +0900 (0:00:00.003)       0:00:46.297 **************** 
수요일 10 9월 2025  09:18:09 +0900 (0:00:00.002)       0:00:46.300 **************** 
수요일 10 9월 2025  09:18:09 +0900 (0:00:00.033)       0:00:46.333 **************** 

RUNNING HANDLER [kubernetes/preinstall : Preinstall | kube-apiserver configured] ***
ok: [node1]
ok: [node2]
ok: [node3]
수요일 10 9월 2025  09:18:09 +0900 (0:00:00.303)       0:00:46.637 **************** 

RUNNING HANDLER [kubernetes/preinstall : Preinstall | kube-controller configured] ***
ok: [node1]
ok: [node2]
ok: [node3]
수요일 10 9월 2025  09:18:10 +0900 (0:00:00.310)       0:00:46.947 **************** 
수요일 10 9월 2025  09:18:10 +0900 (0:00:00.035)       0:00:46.982 **************** 
수요일 10 9월 2025  09:18:10 +0900 (0:00:00.029)       0:00:47.012 **************** 
수요일 10 9월 2025  09:18:10 +0900 (0:00:00.026)       0:00:47.039 **************** 
수요일 10 9월 2025  09:18:10 +0900 (0:00:00.028)       0:00:47.067 **************** 
수요일 10 9월 2025  09:18:10 +0900 (0:00:00.068)       0:00:47.136 **************** 

RUNNING HANDLER [kubernetes/preinstall : Preinstall | Restart systemd-resolved] ***
changed: [node3]
changed: [node1]
changed: [node2]
수요일 10 9월 2025  09:18:11 +0900 (0:00:00.884)       0:00:48.020 **************** 

TASK [kubernetes/preinstall : Check if we are running inside a Azure VM] *******
ok: [node1]
ok: [node2]
ok: [node3]
수요일 10 9월 2025  09:18:11 +0900 (0:00:00.317)       0:00:48.337 **************** 

TASK [Run calico checks] *******************************************************
수요일 10 9월 2025  09:18:11 +0900 (0:00:00.116)       0:00:48.454 **************** 

TASK [network_plugin/calico : Stop if legacy encapsulation variables are detected (ipip)] ***
ok: [node1] => {
    "changed": false,
    "msg": "All assertions passed"
}
수요일 10 9월 2025  09:18:11 +0900 (0:00:00.025)       0:00:48.479 **************** 

TASK [network_plugin/calico : Stop if legacy encapsulation variables are detected (ipip_mode)] ***
ok: [node1] => {
    "changed": false,
    "msg": "All assertions passed"
}
수요일 10 9월 2025  09:18:11 +0900 (0:00:00.024)       0:00:48.503 **************** 

TASK [network_plugin/calico : Stop if legacy encapsulation variables are detected (calcio_ipam_autoallocateblocks)] ***
ok: [node1] => {
    "changed": false,
    "msg": "All assertions passed"
}
수요일 10 9월 2025  09:18:11 +0900 (0:00:00.109)       0:00:48.612 **************** 

TASK [network_plugin/calico : Stop if supported Calico versions] ***************
ok: [node1] => {
    "changed": false,
    "msg": "All assertions passed"
}
수요일 10 9월 2025  09:18:11 +0900 (0:00:00.025)       0:00:48.638 **************** 

TASK [network_plugin/calico : Check if calicoctl.sh exists] ********************
ok: [node1]
수요일 10 9월 2025  09:18:12 +0900 (0:00:00.297)       0:00:48.935 **************** 
수요일 10 9월 2025  09:18:12 +0900 (0:00:00.026)       0:00:48.962 **************** 
수요일 10 9월 2025  09:18:12 +0900 (0:00:00.018)       0:00:48.981 **************** 
수요일 10 9월 2025  09:18:12 +0900 (0:00:00.018)       0:00:48.999 **************** 
수요일 10 9월 2025  09:18:12 +0900 (0:00:00.021)       0:00:49.020 **************** 
수요일 10 9월 2025  09:18:12 +0900 (0:00:00.016)       0:00:49.036 **************** 

TASK [network_plugin/calico : Check vars defined correctly] ********************
ok: [node1] => {
    "changed": false,
    "msg": "All assertions passed"
}
수요일 10 9월 2025  09:18:12 +0900 (0:00:00.023)       0:00:49.060 **************** 

TASK [network_plugin/calico : Check calico network backend defined correctly] ***
ok: [node1] => {
    "changed": false,
    "msg": "All assertions passed"
}
수요일 10 9월 2025  09:18:12 +0900 (0:00:00.025)       0:00:49.085 **************** 

TASK [network_plugin/calico : Check ipip and vxlan mode defined correctly] *****
ok: [node1] => {
    "changed": false,
    "msg": "All assertions passed"
}
수요일 10 9월 2025  09:18:12 +0900 (0:00:00.023)       0:00:49.109 **************** 
수요일 10 9월 2025  09:18:12 +0900 (0:00:00.015)       0:00:49.124 **************** 

TASK [network_plugin/calico : Check ipip and vxlan mode if simultaneously enabled] ***
ok: [node1] => {
    "changed": false,
    "msg": "All assertions passed"
}
수요일 10 9월 2025  09:18:12 +0900 (0:00:00.024)       0:00:49.149 **************** 

TASK [network_plugin/calico : Get Calico default-pool configuration] ***********
ok: [node1]
수요일 10 9월 2025  09:18:12 +0900 (0:00:00.297)       0:00:49.446 **************** 
수요일 10 9월 2025  09:18:12 +0900 (0:00:00.032)       0:00:49.479 **************** 
수요일 10 9월 2025  09:18:12 +0900 (0:00:00.025)       0:00:49.504 **************** 
수요일 10 9월 2025  09:18:12 +0900 (0:00:00.022)       0:00:49.526 **************** 
수요일 10 9월 2025  09:18:12 +0900 (0:00:00.020)       0:00:49.546 **************** 
수요일 10 9월 2025  09:18:12 +0900 (0:00:00.020)       0:00:49.567 **************** 
수요일 10 9월 2025  09:18:12 +0900 (0:00:00.014)       0:00:49.581 **************** 
수요일 10 9월 2025  09:18:12 +0900 (0:00:00.015)       0:00:49.596 **************** 
수요일 10 9월 2025  09:18:12 +0900 (0:00:00.078)       0:00:49.675 **************** 

TASK [container-engine/validate-container-engine : Validate-container-engine | check if fedora coreos] ***
ok: [node1]
ok: [node2]
ok: [node3]
수요일 10 9월 2025  09:18:13 +0900 (0:00:00.300)       0:00:49.975 **************** 

TASK [container-engine/validate-container-engine : Validate-container-engine | set is_ostree] ***
ok: [node1]
ok: [node2]
ok: [node3]
수요일 10 9월 2025  09:18:13 +0900 (0:00:00.049)       0:00:50.025 **************** 

TASK [container-engine/validate-container-engine : Ensure kubelet systemd unit exists] ***
ok: [node1]
ok: [node3]
ok: [node2]
수요일 10 9월 2025  09:18:13 +0900 (0:00:00.303)       0:00:50.328 **************** 

TASK [container-engine/validate-container-engine : Populate service facts] *****
ok: [node3]
ok: [node1]
ok: [node2]
수요일 10 9월 2025  09:18:21 +0900 (0:00:08.392)       0:00:58.721 **************** 

TASK [container-engine/validate-container-engine : Check if containerd is installed] ***
ok: [node3]
ok: [node2]
ok: [node1]
수요일 10 9월 2025  09:18:22 +0900 (0:00:00.430)       0:00:59.151 **************** 

TASK [container-engine/validate-container-engine : Check if docker is installed] ***
ok: [node1]
ok: [node2]
ok: [node3]
수요일 10 9월 2025  09:18:22 +0900 (0:00:00.343)       0:00:59.495 **************** 

TASK [container-engine/validate-container-engine : Check if crio is installed] ***
ok: [node1]
ok: [node2]
ok: [node3]
수요일 10 9월 2025  09:18:23 +0900 (0:00:00.343)       0:00:59.838 **************** 
수요일 10 9월 2025  09:18:23 +0900 (0:00:00.035)       0:00:59.873 **************** 
수요일 10 9월 2025  09:18:23 +0900 (0:00:00.028)       0:00:59.902 **************** 
수요일 10 9월 2025  09:18:23 +0900 (0:00:00.025)       0:00:59.928 **************** 
수요일 10 9월 2025  09:18:23 +0900 (0:00:00.024)       0:00:59.952 **************** 
수요일 10 9월 2025  09:18:23 +0900 (0:00:00.044)       0:00:59.997 **************** 
수요일 10 9월 2025  09:18:23 +0900 (0:00:00.024)       0:01:00.022 **************** 
수요일 10 9월 2025  09:18:23 +0900 (0:00:00.068)       0:01:00.090 **************** 
수요일 10 9월 2025  09:18:23 +0900 (0:00:00.025)       0:01:00.115 **************** 
수요일 10 9월 2025  09:18:23 +0900 (0:00:00.026)       0:01:00.141 **************** 
수요일 10 9월 2025  09:18:23 +0900 (0:00:00.025)       0:01:00.167 **************** 
수요일 10 9월 2025  09:18:23 +0900 (0:00:00.031)       0:01:00.198 **************** 
수요일 10 9월 2025  09:18:23 +0900 (0:00:00.031)       0:01:00.230 **************** 
수요일 10 9월 2025  09:18:23 +0900 (0:00:00.026)       0:01:00.256 **************** 
수요일 10 9월 2025  09:18:23 +0900 (0:00:00.025)       0:01:00.282 **************** 
수요일 10 9월 2025  09:18:23 +0900 (0:00:00.024)       0:01:00.306 **************** 
수요일 10 9월 2025  09:18:23 +0900 (0:00:00.032)       0:01:00.338 **************** 
수요일 10 9월 2025  09:18:23 +0900 (0:00:00.024)       0:01:00.363 **************** 
수요일 10 9월 2025  09:18:23 +0900 (0:00:00.041)       0:01:00.405 **************** 
수요일 10 9월 2025  09:18:23 +0900 (0:00:00.025)       0:01:00.430 **************** 
수요일 10 9월 2025  09:18:23 +0900 (0:00:00.025)       0:01:00.456 **************** 
수요일 10 9월 2025  09:18:23 +0900 (0:00:00.024)       0:01:00.480 **************** 
수요일 10 9월 2025  09:18:23 +0900 (0:00:00.027)       0:01:00.508 **************** 
수요일 10 9월 2025  09:18:23 +0900 (0:00:00.045)       0:01:00.553 **************** 
수요일 10 9월 2025  09:18:23 +0900 (0:00:00.027)       0:01:00.581 **************** 
수요일 10 9월 2025  09:18:23 +0900 (0:00:00.024)       0:01:00.606 **************** 
수요일 10 9월 2025  09:18:23 +0900 (0:00:00.026)       0:01:00.632 **************** 
수요일 10 9월 2025  09:18:23 +0900 (0:00:00.025)       0:01:00.658 **************** 
수요일 10 9월 2025  09:18:23 +0900 (0:00:00.030)       0:01:00.688 **************** 
수요일 10 9월 2025  09:18:23 +0900 (0:00:00.027)       0:01:00.715 **************** 
수요일 10 9월 2025  09:18:23 +0900 (0:00:00.026)       0:01:00.742 **************** 
수요일 10 9월 2025  09:18:23 +0900 (0:00:00.026)       0:01:00.769 **************** 
수요일 10 9월 2025  09:18:24 +0900 (0:00:00.027)       0:01:00.797 **************** 
수요일 10 9월 2025  09:18:24 +0900 (0:00:00.026)       0:01:00.823 **************** 
수요일 10 9월 2025  09:18:24 +0900 (0:00:00.039)       0:01:00.863 **************** 
수요일 10 9월 2025  09:18:24 +0900 (0:00:00.032)       0:01:00.895 **************** 
수요일 10 9월 2025  09:18:24 +0900 (0:00:00.027)       0:01:00.922 **************** 
수요일 10 9월 2025  09:18:24 +0900 (0:00:00.024)       0:01:00.946 **************** 
수요일 10 9월 2025  09:18:24 +0900 (0:00:00.025)       0:01:00.972 **************** 
수요일 10 9월 2025  09:18:24 +0900 (0:00:00.075)       0:01:01.048 **************** 
수요일 10 9월 2025  09:18:24 +0900 (0:00:00.031)       0:01:01.080 **************** 
수요일 10 9월 2025  09:18:24 +0900 (0:00:00.025)       0:01:01.105 **************** 
수요일 10 9월 2025  09:18:24 +0900 (0:00:00.025)       0:01:01.131 **************** 
수요일 10 9월 2025  09:18:24 +0900 (0:00:00.027)       0:01:01.158 **************** 
수요일 10 9월 2025  09:18:24 +0900 (0:00:00.025)       0:01:01.184 **************** 
수요일 10 9월 2025  09:18:24 +0900 (0:00:00.032)       0:01:01.216 **************** 
수요일 10 9월 2025  09:18:24 +0900 (0:00:00.026)       0:01:01.243 **************** 
수요일 10 9월 2025  09:18:24 +0900 (0:00:00.026)       0:01:01.270 **************** 
수요일 10 9월 2025  09:18:24 +0900 (0:00:00.025)       0:01:01.295 **************** 
수요일 10 9월 2025  09:18:24 +0900 (0:00:00.025)       0:01:01.321 **************** 
수요일 10 9월 2025  09:18:24 +0900 (0:00:00.027)       0:01:01.348 **************** 
수요일 10 9월 2025  09:18:24 +0900 (0:00:00.025)       0:01:01.373 **************** 
수요일 10 9월 2025  09:18:24 +0900 (0:00:00.025)       0:01:01.399 **************** 
수요일 10 9월 2025  09:18:24 +0900 (0:00:00.028)       0:01:01.428 **************** 
수요일 10 9월 2025  09:18:24 +0900 (0:00:00.028)       0:01:01.456 **************** 
수요일 10 9월 2025  09:18:24 +0900 (0:00:00.026)       0:01:01.482 **************** 
수요일 10 9월 2025  09:18:24 +0900 (0:00:00.031)       0:01:01.513 **************** 
수요일 10 9월 2025  09:18:24 +0900 (0:00:00.025)       0:01:01.539 **************** 
수요일 10 9월 2025  09:18:24 +0900 (0:00:00.039)       0:01:01.579 **************** 
수요일 10 9월 2025  09:18:24 +0900 (0:00:00.027)       0:01:01.606 **************** 
수요일 10 9월 2025  09:18:24 +0900 (0:00:00.024)       0:01:01.631 **************** 
수요일 10 9월 2025  09:18:24 +0900 (0:00:00.023)       0:01:01.654 **************** 
수요일 10 9월 2025  09:18:24 +0900 (0:00:00.028)       0:01:01.683 **************** 
수요일 10 9월 2025  09:18:24 +0900 (0:00:00.026)       0:01:01.709 **************** 
수요일 10 9월 2025  09:18:24 +0900 (0:00:00.028)       0:01:01.737 **************** 
수요일 10 9월 2025  09:18:24 +0900 (0:00:00.031)       0:01:01.768 **************** 
수요일 10 9월 2025  09:18:25 +0900 (0:00:00.026)       0:01:01.795 **************** 
수요일 10 9월 2025  09:18:25 +0900 (0:00:00.025)       0:01:01.820 **************** 
수요일 10 9월 2025  09:18:25 +0900 (0:00:00.266)       0:01:02.086 **************** 
수요일 10 9월 2025  09:18:25 +0900 (0:00:00.025)       0:01:02.112 **************** 
수요일 10 9월 2025  09:18:25 +0900 (0:00:00.032)       0:01:02.144 **************** 
수요일 10 9월 2025  09:18:25 +0900 (0:00:00.025)       0:01:02.169 **************** 
수요일 10 9월 2025  09:18:25 +0900 (0:00:00.069)       0:01:02.239 **************** 
수요일 10 9월 2025  09:18:25 +0900 (0:00:00.026)       0:01:02.265 **************** 
수요일 10 9월 2025  09:18:25 +0900 (0:00:00.031)       0:01:02.297 **************** 
수요일 10 9월 2025  09:18:25 +0900 (0:00:00.031)       0:01:02.328 **************** 
수요일 10 9월 2025  09:18:25 +0900 (0:00:00.026)       0:01:02.354 **************** 
수요일 10 9월 2025  09:18:25 +0900 (0:00:00.024)       0:01:02.378 **************** 
수요일 10 9월 2025  09:18:25 +0900 (0:00:00.025)       0:01:02.404 **************** 
수요일 10 9월 2025  09:18:25 +0900 (0:00:00.024)       0:01:02.429 **************** 
수요일 10 9월 2025  09:18:25 +0900 (0:00:00.031)       0:01:02.460 **************** 
수요일 10 9월 2025  09:18:25 +0900 (0:00:00.025)       0:01:02.486 **************** 
수요일 10 9월 2025  09:18:25 +0900 (0:00:00.023)       0:01:02.510 **************** 
수요일 10 9월 2025  09:18:25 +0900 (0:00:00.025)       0:01:02.536 **************** 
수요일 10 9월 2025  09:18:25 +0900 (0:00:00.024)       0:01:02.560 **************** 
수요일 10 9월 2025  09:18:25 +0900 (0:00:00.024)       0:01:02.585 **************** 
수요일 10 9월 2025  09:18:25 +0900 (0:00:00.026)       0:01:02.612 **************** 
수요일 10 9월 2025  09:18:25 +0900 (0:00:00.024)       0:01:02.636 **************** 
수요일 10 9월 2025  09:18:25 +0900 (0:00:00.025)       0:01:02.662 **************** 
수요일 10 9월 2025  09:18:25 +0900 (0:00:00.025)       0:01:02.687 **************** 
수요일 10 9월 2025  09:18:25 +0900 (0:00:00.024)       0:01:02.712 **************** 
수요일 10 9월 2025  09:18:25 +0900 (0:00:00.027)       0:01:02.739 **************** 
수요일 10 9월 2025  09:18:25 +0900 (0:00:00.024)       0:01:02.764 **************** 
수요일 10 9월 2025  09:18:26 +0900 (0:00:00.028)       0:01:02.793 **************** 
수요일 10 9월 2025  09:18:26 +0900 (0:00:00.027)       0:01:02.820 **************** 
수요일 10 9월 2025  09:18:26 +0900 (0:00:00.024)       0:01:02.845 **************** 
수요일 10 9월 2025  09:18:26 +0900 (0:00:00.025)       0:01:02.871 **************** 
수요일 10 9월 2025  09:18:26 +0900 (0:00:00.025)       0:01:02.896 **************** 
수요일 10 9월 2025  09:18:26 +0900 (0:00:00.024)       0:01:02.921 **************** 
수요일 10 9월 2025  09:18:26 +0900 (0:00:00.026)       0:01:02.947 **************** 
수요일 10 9월 2025  09:18:26 +0900 (0:00:00.024)       0:01:02.972 **************** 
수요일 10 9월 2025  09:18:26 +0900 (0:00:00.024)       0:01:02.997 **************** 
수요일 10 9월 2025  09:18:26 +0900 (0:00:00.026)       0:01:03.023 **************** 
수요일 10 9월 2025  09:18:26 +0900 (0:00:00.024)       0:01:03.048 **************** 
수요일 10 9월 2025  09:18:26 +0900 (0:00:00.025)       0:01:03.074 **************** 
수요일 10 9월 2025  09:18:26 +0900 (0:00:00.030)       0:01:03.104 **************** 
수요일 10 9월 2025  09:18:26 +0900 (0:00:00.025)       0:01:03.129 **************** 
수요일 10 9월 2025  09:18:26 +0900 (0:00:00.064)       0:01:03.194 **************** 
수요일 10 9월 2025  09:18:26 +0900 (0:00:00.022)       0:01:03.217 **************** 
수요일 10 9월 2025  09:18:26 +0900 (0:00:00.024)       0:01:03.241 **************** 
수요일 10 9월 2025  09:18:26 +0900 (0:00:00.026)       0:01:03.268 **************** 
수요일 10 9월 2025  09:18:26 +0900 (0:00:00.028)       0:01:03.296 **************** 
수요일 10 9월 2025  09:18:26 +0900 (0:00:00.025)       0:01:03.322 **************** 
수요일 10 9월 2025  09:18:26 +0900 (0:00:00.025)       0:01:03.347 **************** 
수요일 10 9월 2025  09:18:26 +0900 (0:00:00.031)       0:01:03.378 **************** 

TASK [container-engine/containerd-common : Containerd-common | check if fedora coreos] ***
ok: [node2]
ok: [node1]
ok: [node3]
수요일 10 9월 2025  09:18:26 +0900 (0:00:00.300)       0:01:03.679 **************** 

TASK [container-engine/containerd-common : Containerd-common | set is_ostree] ***
ok: [node1]
ok: [node2]
ok: [node3]
수요일 10 9월 2025  09:18:26 +0900 (0:00:00.047)       0:01:03.726 **************** 
수요일 10 9월 2025  09:18:26 +0900 (0:00:00.047)       0:01:03.774 **************** 

TASK [container-engine/runc : Runc | check if fedora coreos] *******************
ok: [node1]
ok: [node2]
ok: [node3]
수요일 10 9월 2025  09:18:27 +0900 (0:00:00.330)       0:01:04.105 **************** 

TASK [container-engine/runc : Runc | set is_ostree] ****************************
ok: [node1]
ok: [node2]
ok: [node3]
수요일 10 9월 2025  09:18:27 +0900 (0:00:00.048)       0:01:04.154 **************** 

TASK [container-engine/runc : Runc | Uninstall runc package managed by package manager] ***
ok: [node1]
ok: [node3]
ok: [node2]
수요일 10 9월 2025  09:18:28 +0900 (0:00:01.097)       0:01:05.251 **************** 

TASK [container-engine/runc : Runc | Download runc binary] *********************
included: /Users/xiilab/Develop/astrago/astrago-deployment/kubespray/versions/v2.28.1/kubespray/roles/container-engine/runc/tasks/../../../download/tasks/download_file.yml for node1, node2, node3
수요일 10 9월 2025  09:18:28 +0900 (0:00:00.055)       0:01:05.307 **************** 

TASK [container-engine/runc : Prep_download | Set a few facts] *****************
ok: [node1]
ok: [node2]
ok: [node3]
수요일 10 9월 2025  09:18:28 +0900 (0:00:00.153)       0:01:05.460 **************** 
수요일 10 9월 2025  09:18:28 +0900 (0:00:00.032)       0:01:05.493 **************** 

TASK [container-engine/runc : Download_file | Set pathname of cached file] *****
ok: [node1]
ok: [node2]
ok: [node3]
수요일 10 9월 2025  09:18:28 +0900 (0:00:00.263)       0:01:05.756 **************** 

TASK [container-engine/runc : Download_file | Create dest directory on node] ***
changed: [node2]
changed: [node1]
changed: [node3]
수요일 10 9월 2025  09:18:29 +0900 (0:00:00.653)       0:01:06.409 **************** 
수요일 10 9월 2025  09:18:29 +0900 (0:00:00.024)       0:01:06.434 **************** 
수요일 10 9월 2025  09:18:29 +0900 (0:00:00.022)       0:01:06.456 **************** 

TASK [container-engine/runc : Download_file | Download item] *******************
changed: [node3]
changed: [node1]
changed: [node2]
수요일 10 9월 2025  09:18:37 +0900 (0:00:08.322)       0:01:14.779 **************** 
수요일 10 9월 2025  09:18:38 +0900 (0:00:00.039)       0:01:14.818 **************** 
수요일 10 9월 2025  09:18:38 +0900 (0:00:00.029)       0:01:14.848 **************** 
수요일 10 9월 2025  09:18:38 +0900 (0:00:00.025)       0:01:14.874 **************** 

TASK [container-engine/runc : Download_file | Extract file archives] ***********
included: /Users/xiilab/Develop/astrago/astrago-deployment/kubespray/versions/v2.28.1/kubespray/roles/download/tasks/extract_file.yml for node1, node2, node3
수요일 10 9월 2025  09:18:38 +0900 (0:00:00.039)       0:01:14.914 **************** 
수요일 10 9월 2025  09:18:38 +0900 (0:00:00.149)       0:01:15.063 **************** 

TASK [container-engine/runc : Copy runc binary from download dir] **************
changed: [node1]
changed: [node3]
changed: [node2]
수요일 10 9월 2025  09:18:38 +0900 (0:00:00.597)       0:01:15.661 **************** 

TASK [container-engine/runc : Runc | Remove orphaned binary] *******************
ok: [node1]
ok: [node2]
ok: [node3]
수요일 10 9월 2025  09:18:39 +0900 (0:00:00.329)       0:01:15.990 **************** 

TASK [container-engine/crictl : Install crictl] ********************************
included: /Users/xiilab/Develop/astrago/astrago-deployment/kubespray/versions/v2.28.1/kubespray/roles/container-engine/crictl/tasks/crictl.yml for node1, node2, node3
수요일 10 9월 2025  09:18:39 +0900 (0:00:00.044)       0:01:16.035 **************** 

TASK [container-engine/crictl : Crictl | Download crictl] **********************
included: /Users/xiilab/Develop/astrago/astrago-deployment/kubespray/versions/v2.28.1/kubespray/roles/container-engine/crictl/tasks/../../../download/tasks/download_file.yml for node1, node2, node3
수요일 10 9월 2025  09:18:39 +0900 (0:00:00.040)       0:01:16.075 **************** 

TASK [container-engine/crictl : Prep_download | Set a few facts] ***************
ok: [node1]
ok: [node2]
ok: [node3]
수요일 10 9월 2025  09:18:39 +0900 (0:00:00.229)       0:01:16.304 **************** 
수요일 10 9월 2025  09:18:39 +0900 (0:00:00.031)       0:01:16.336 **************** 

TASK [container-engine/crictl : Download_file | Set pathname of cached file] ***
ok: [node1]
ok: [node2]
ok: [node3]
수요일 10 9월 2025  09:18:39 +0900 (0:00:00.331)       0:01:16.667 **************** 

TASK [container-engine/crictl : Download_file | Create dest directory on node] ***
ok: [node1]
ok: [node3]
ok: [node2]
수요일 10 9월 2025  09:18:40 +0900 (0:00:00.660)       0:01:17.328 **************** 
수요일 10 9월 2025  09:18:40 +0900 (0:00:00.017)       0:01:17.346 **************** 
수요일 10 9월 2025  09:18:40 +0900 (0:00:00.014)       0:01:17.361 **************** 

TASK [container-engine/crictl : Download_file | Download item] *****************
changed: [node3]
changed: [node2]
changed: [node1]
수요일 10 9월 2025  09:18:49 +0900 (0:00:08.762)       0:01:26.123 **************** 
수요일 10 9월 2025  09:18:49 +0900 (0:00:00.040)       0:01:26.164 **************** 
수요일 10 9월 2025  09:18:49 +0900 (0:00:00.029)       0:01:26.193 **************** 
수요일 10 9월 2025  09:18:49 +0900 (0:00:00.027)       0:01:26.221 **************** 

TASK [container-engine/crictl : Download_file | Extract file archives] *********
included: /Users/xiilab/Develop/astrago/astrago-deployment/kubespray/versions/v2.28.1/kubespray/roles/download/tasks/extract_file.yml for node1, node2, node3
수요일 10 9월 2025  09:18:49 +0900 (0:00:00.041)       0:01:26.263 **************** 

TASK [container-engine/crictl : Extract_file | Unpacking archive] **************
changed: [node2]
changed: [node1]
changed: [node3]
수요일 10 9월 2025  09:18:53 +0900 (0:00:03.916)       0:01:30.179 **************** 

TASK [container-engine/crictl : Install crictl config] *************************
changed: [node1]
changed: [node3]
changed: [node2]
수요일 10 9월 2025  09:18:54 +0900 (0:00:00.784)       0:01:30.963 **************** 

TASK [container-engine/crictl : Copy crictl binary from download dir] **********
changed: [node2]
changed: [node3]
changed: [node1]
수요일 10 9월 2025  09:18:54 +0900 (0:00:00.681)       0:01:31.645 **************** 

TASK [container-engine/nerdctl : Nerdctl | Download nerdctl] *******************
included: /Users/xiilab/Develop/astrago/astrago-deployment/kubespray/versions/v2.28.1/kubespray/roles/container-engine/nerdctl/tasks/../../../download/tasks/download_file.yml for node1, node2, node3
수요일 10 9월 2025  09:18:54 +0900 (0:00:00.043)       0:01:31.689 **************** 

TASK [container-engine/nerdctl : Prep_download | Set a few facts] **************
ok: [node1]
ok: [node2]
ok: [node3]
수요일 10 9월 2025  09:18:55 +0900 (0:00:00.154)       0:01:31.843 **************** 
수요일 10 9월 2025  09:18:55 +0900 (0:00:00.031)       0:01:31.875 **************** 

TASK [container-engine/nerdctl : Download_file | Set pathname of cached file] ***
ok: [node1]
ok: [node2]
ok: [node3]
수요일 10 9월 2025  09:18:55 +0900 (0:00:00.263)       0:01:32.139 **************** 

TASK [container-engine/nerdctl : Download_file | Create dest directory on node] ***
ok: [node3]
ok: [node1]
ok: [node2]
수요일 10 9월 2025  09:18:56 +0900 (0:00:00.650)       0:01:32.790 **************** 
수요일 10 9월 2025  09:18:56 +0900 (0:00:00.020)       0:01:32.811 **************** 
수요일 10 9월 2025  09:18:56 +0900 (0:00:00.018)       0:01:32.830 **************** 

TASK [container-engine/nerdctl : Download_file | Download item] ****************
changed: [node2]
changed: [node1]
changed: [node3]
수요일 10 9월 2025  09:19:03 +0900 (0:00:07.510)       0:01:40.341 **************** 
수요일 10 9월 2025  09:19:03 +0900 (0:00:00.039)       0:01:40.380 **************** 
수요일 10 9월 2025  09:19:03 +0900 (0:00:00.029)       0:01:40.410 **************** 
수요일 10 9월 2025  09:19:03 +0900 (0:00:00.026)       0:01:40.436 **************** 

TASK [container-engine/nerdctl : Download_file | Extract file archives] ********
included: /Users/xiilab/Develop/astrago/astrago-deployment/kubespray/versions/v2.28.1/kubespray/roles/download/tasks/extract_file.yml for node1, node2, node3
수요일 10 9월 2025  09:19:03 +0900 (0:00:00.040)       0:01:40.477 **************** 

TASK [container-engine/nerdctl : Extract_file | Unpacking archive] *************
changed: [node1]
changed: [node2]
changed: [node3]
수요일 10 9월 2025  09:19:06 +0900 (0:00:02.560)       0:01:43.037 **************** 

TASK [container-engine/nerdctl : Nerdctl | Copy nerdctl binary from download dir] ***
changed: [node2]
changed: [node1]
changed: [node3]
수요일 10 9월 2025  09:19:06 +0900 (0:00:00.601)       0:01:43.639 **************** 

TASK [container-engine/nerdctl : Nerdctl | Create configuration dir] ***********
changed: [node1]
changed: [node3]
changed: [node2]
수요일 10 9월 2025  09:19:07 +0900 (0:00:00.314)       0:01:43.954 **************** 

TASK [container-engine/nerdctl : Nerdctl | Install nerdctl configuration] ******
changed: [node3]
changed: [node1]
changed: [node2]
수요일 10 9월 2025  09:19:07 +0900 (0:00:00.822)       0:01:44.776 **************** 

TASK [container-engine/containerd : Containerd | Download containerd] **********
included: /Users/xiilab/Develop/astrago/astrago-deployment/kubespray/versions/v2.28.1/kubespray/roles/container-engine/containerd/tasks/../../../download/tasks/download_file.yml for node1, node2, node3
수요일 10 9월 2025  09:19:08 +0900 (0:00:00.041)       0:01:44.817 **************** 

TASK [container-engine/containerd : Prep_download | Set a few facts] ***********
ok: [node1]
ok: [node2]
ok: [node3]
수요일 10 9월 2025  09:19:08 +0900 (0:00:00.152)       0:01:44.970 **************** 
수요일 10 9월 2025  09:19:08 +0900 (0:00:00.030)       0:01:45.001 **************** 

TASK [container-engine/containerd : Download_file | Set pathname of cached file] ***
ok: [node1]
ok: [node2]
ok: [node3]
수요일 10 9월 2025  09:19:08 +0900 (0:00:00.265)       0:01:45.266 **************** 

TASK [container-engine/containerd : Download_file | Create dest directory on node] ***
ok: [node1]
ok: [node3]
ok: [node2]
수요일 10 9월 2025  09:19:09 +0900 (0:00:00.721)       0:01:45.988 **************** 
수요일 10 9월 2025  09:19:09 +0900 (0:00:00.023)       0:01:46.012 **************** 
수요일 10 9월 2025  09:19:09 +0900 (0:00:00.016)       0:01:46.028 **************** 

TASK [container-engine/containerd : Download_file | Download item] *************
changed: [node3]
changed: [node2]
changed: [node1]
수요일 10 9월 2025  09:19:24 +0900 (0:00:15.198)       0:02:01.227 **************** 
수요일 10 9월 2025  09:19:24 +0900 (0:00:00.039)       0:02:01.266 **************** 
수요일 10 9월 2025  09:19:24 +0900 (0:00:00.029)       0:02:01.295 **************** 
수요일 10 9월 2025  09:19:24 +0900 (0:00:00.067)       0:02:01.363 **************** 

TASK [container-engine/containerd : Download_file | Extract file archives] *****
included: /Users/xiilab/Develop/astrago/astrago-deployment/kubespray/versions/v2.28.1/kubespray/roles/download/tasks/extract_file.yml for node1, node2, node3
수요일 10 9월 2025  09:19:24 +0900 (0:00:00.038)       0:02:01.402 **************** 
수요일 10 9월 2025  09:19:24 +0900 (0:00:00.148)       0:02:01.551 **************** 

TASK [container-engine/containerd : Containerd | Unpack containerd archive] ****
changed: [node2]
changed: [node1]
changed: [node3]
수요일 10 9월 2025  09:19:29 +0900 (0:00:04.384)       0:02:05.935 **************** 

TASK [container-engine/containerd : Containerd | Generate systemd service for containerd] ***
changed: [node1]
changed: [node3]
changed: [node2]
수요일 10 9월 2025  09:19:29 +0900 (0:00:00.807)       0:02:06.742 **************** 

TASK [container-engine/containerd : Containerd | Ensure containerd directories exist] ***
changed: [node1] => (item=/etc/systemd/system/containerd.service.d)
changed: [node2] => (item=/etc/systemd/system/containerd.service.d)
changed: [node3] => (item=/etc/systemd/system/containerd.service.d)
changed: [node1] => (item=/etc/containerd)
changed: [node3] => (item=/etc/containerd)
changed: [node2] => (item=/etc/containerd)
changed: [node1] => (item=/var/lib/containerd)
changed: [node3] => (item=/var/lib/containerd)
changed: [node2] => (item=/var/lib/containerd)
changed: [node1] => (item=/run/containerd)
changed: [node3] => (item=/run/containerd)
changed: [node2] => (item=/run/containerd)
수요일 10 9월 2025  09:19:31 +0900 (0:00:01.172)       0:02:07.915 **************** 
수요일 10 9월 2025  09:19:31 +0900 (0:00:00.042)       0:02:07.958 **************** 

TASK [container-engine/containerd : Containerd | Generate default base_runtime_spec] ***
ok: [node1]
ok: [node2]
ok: [node3]
수요일 10 9월 2025  09:19:31 +0900 (0:00:00.353)       0:02:08.312 **************** 

TASK [container-engine/containerd : Containerd | Store generated default base_runtime_spec] ***
ok: [node1]
ok: [node2]
ok: [node3]
수요일 10 9월 2025  09:19:31 +0900 (0:00:00.045)       0:02:08.357 **************** 

TASK [container-engine/containerd : Containerd | Write base_runtime_specs] *****
changed: [node1] => (item={'key': 'cri-base.json', 'value': {'ociVersion': '1.2.0', 'process': {'user': {'uid': 0, 'gid': 0}, 'cwd': '/', 'capabilities': {'bounding': ['CAP_CHOWN', 'CAP_DAC_OVERRIDE', 'CAP_FSETID', 'CAP_FOWNER', 'CAP_MKNOD', 'CAP_NET_RAW', 'CAP_SETGID', 'CAP_SETUID', 'CAP_SETFCAP', 'CAP_SETPCAP', 'CAP_NET_BIND_SERVICE', 'CAP_SYS_CHROOT', 'CAP_KILL', 'CAP_AUDIT_WRITE'], 'effective': ['CAP_CHOWN', 'CAP_DAC_OVERRIDE', 'CAP_FSETID', 'CAP_FOWNER', 'CAP_MKNOD', 'CAP_NET_RAW', 'CAP_SETGID', 'CAP_SETUID', 'CAP_SETFCAP', 'CAP_SETPCAP', 'CAP_NET_BIND_SERVICE', 'CAP_SYS_CHROOT', 'CAP_KILL', 'CAP_AUDIT_WRITE'], 'permitted': ['CAP_CHOWN', 'CAP_DAC_OVERRIDE', 'CAP_FSETID', 'CAP_FOWNER', 'CAP_MKNOD', 'CAP_NET_RAW', 'CAP_SETGID', 'CAP_SETUID', 'CAP_SETFCAP', 'CAP_SETPCAP', 'CAP_NET_BIND_SERVICE', 'CAP_SYS_CHROOT', 'CAP_KILL', 'CAP_AUDIT_WRITE']}, 'rlimits': [{'type': 'RLIMIT_NOFILE', 'hard': 65535, 'soft': 65535}], 'noNewPrivileges': True}, 'root': {'path': 'rootfs'}, 'mounts': [{'destination': '/proc', 'type': 'proc', 'source': 'proc', 'options': ['nosuid', 'noexec', 'nodev']}, {'destination': '/dev', 'type': 'tmpfs', 'source': 'tmpfs', 'options': ['nosuid', 'strictatime', 'mode=755', 'size=65536k']}, {'destination': '/dev/pts', 'type': 'devpts', 'source': 'devpts', 'options': ['nosuid', 'noexec', 'newinstance', 'ptmxmode=0666', 'mode=0620', 'gid=5']}, {'destination': '/dev/shm', 'type': 'tmpfs', 'source': 'shm', 'options': ['nosuid', 'noexec', 'nodev', 'mode=1777', 'size=65536k']}, {'destination': '/dev/mqueue', 'type': 'mqueue', 'source': 'mqueue', 'options': ['nosuid', 'noexec', 'nodev']}, {'destination': '/sys', 'type': 'sysfs', 'source': 'sysfs', 'options': ['nosuid', 'noexec', 'nodev', 'ro']}, {'destination': '/run', 'type': 'tmpfs', 'source': 'tmpfs', 'options': ['nosuid', 'strictatime', 'mode=755', 'size=65536k']}], 'linux': {'resources': {'devices': [{'allow': False, 'access': 'rwm'}]}, 'cgroupsPath': '/default', 'namespaces': [{'type': 'pid'}, {'type': 'ipc'}, {'type': 'uts'}, {'type': 'mount'}, {'type': 'network'}], 'maskedPaths': ['/proc/acpi', '/proc/asound', '/proc/kcore', '/proc/keys', '/proc/latency_stats', '/proc/timer_list', '/proc/timer_stats', '/proc/sched_debug', '/sys/firmware', '/sys/devices/virtual/powercap', '/proc/scsi'], 'readonlyPaths': ['/proc/bus', '/proc/fs', '/proc/irq', '/proc/sys', '/proc/sysrq-trigger']}}})
changed: [node2] => (item={'key': 'cri-base.json', 'value': {'ociVersion': '1.2.0', 'process': {'user': {'uid': 0, 'gid': 0}, 'cwd': '/', 'capabilities': {'bounding': ['CAP_CHOWN', 'CAP_DAC_OVERRIDE', 'CAP_FSETID', 'CAP_FOWNER', 'CAP_MKNOD', 'CAP_NET_RAW', 'CAP_SETGID', 'CAP_SETUID', 'CAP_SETFCAP', 'CAP_SETPCAP', 'CAP_NET_BIND_SERVICE', 'CAP_SYS_CHROOT', 'CAP_KILL', 'CAP_AUDIT_WRITE'], 'effective': ['CAP_CHOWN', 'CAP_DAC_OVERRIDE', 'CAP_FSETID', 'CAP_FOWNER', 'CAP_MKNOD', 'CAP_NET_RAW', 'CAP_SETGID', 'CAP_SETUID', 'CAP_SETFCAP', 'CAP_SETPCAP', 'CAP_NET_BIND_SERVICE', 'CAP_SYS_CHROOT', 'CAP_KILL', 'CAP_AUDIT_WRITE'], 'permitted': ['CAP_CHOWN', 'CAP_DAC_OVERRIDE', 'CAP_FSETID', 'CAP_FOWNER', 'CAP_MKNOD', 'CAP_NET_RAW', 'CAP_SETGID', 'CAP_SETUID', 'CAP_SETFCAP', 'CAP_SETPCAP', 'CAP_NET_BIND_SERVICE', 'CAP_SYS_CHROOT', 'CAP_KILL', 'CAP_AUDIT_WRITE']}, 'rlimits': [{'type': 'RLIMIT_NOFILE', 'hard': 65535, 'soft': 65535}], 'noNewPrivileges': True}, 'root': {'path': 'rootfs'}, 'mounts': [{'destination': '/proc', 'type': 'proc', 'source': 'proc', 'options': ['nosuid', 'noexec', 'nodev']}, {'destination': '/dev', 'type': 'tmpfs', 'source': 'tmpfs', 'options': ['nosuid', 'strictatime', 'mode=755', 'size=65536k']}, {'destination': '/dev/pts', 'type': 'devpts', 'source': 'devpts', 'options': ['nosuid', 'noexec', 'newinstance', 'ptmxmode=0666', 'mode=0620', 'gid=5']}, {'destination': '/dev/shm', 'type': 'tmpfs', 'source': 'shm', 'options': ['nosuid', 'noexec', 'nodev', 'mode=1777', 'size=65536k']}, {'destination': '/dev/mqueue', 'type': 'mqueue', 'source': 'mqueue', 'options': ['nosuid', 'noexec', 'nodev']}, {'destination': '/sys', 'type': 'sysfs', 'source': 'sysfs', 'options': ['nosuid', 'noexec', 'nodev', 'ro']}, {'destination': '/run', 'type': 'tmpfs', 'source': 'tmpfs', 'options': ['nosuid', 'strictatime', 'mode=755', 'size=65536k']}], 'linux': {'resources': {'devices': [{'allow': False, 'access': 'rwm'}]}, 'cgroupsPath': '/default', 'namespaces': [{'type': 'pid'}, {'type': 'ipc'}, {'type': 'uts'}, {'type': 'mount'}, {'type': 'network'}], 'maskedPaths': ['/proc/acpi', '/proc/asound', '/proc/kcore', '/proc/keys', '/proc/latency_stats', '/proc/timer_list', '/proc/timer_stats', '/proc/sched_debug', '/sys/firmware', '/sys/devices/virtual/powercap', '/proc/scsi'], 'readonlyPaths': ['/proc/bus', '/proc/fs', '/proc/irq', '/proc/sys', '/proc/sysrq-trigger']}}})
changed: [node3] => (item={'key': 'cri-base.json', 'value': {'ociVersion': '1.2.0', 'process': {'user': {'uid': 0, 'gid': 0}, 'cwd': '/', 'capabilities': {'bounding': ['CAP_CHOWN', 'CAP_DAC_OVERRIDE', 'CAP_FSETID', 'CAP_FOWNER', 'CAP_MKNOD', 'CAP_NET_RAW', 'CAP_SETGID', 'CAP_SETUID', 'CAP_SETFCAP', 'CAP_SETPCAP', 'CAP_NET_BIND_SERVICE', 'CAP_SYS_CHROOT', 'CAP_KILL', 'CAP_AUDIT_WRITE'], 'effective': ['CAP_CHOWN', 'CAP_DAC_OVERRIDE', 'CAP_FSETID', 'CAP_FOWNER', 'CAP_MKNOD', 'CAP_NET_RAW', 'CAP_SETGID', 'CAP_SETUID', 'CAP_SETFCAP', 'CAP_SETPCAP', 'CAP_NET_BIND_SERVICE', 'CAP_SYS_CHROOT', 'CAP_KILL', 'CAP_AUDIT_WRITE'], 'permitted': ['CAP_CHOWN', 'CAP_DAC_OVERRIDE', 'CAP_FSETID', 'CAP_FOWNER', 'CAP_MKNOD', 'CAP_NET_RAW', 'CAP_SETGID', 'CAP_SETUID', 'CAP_SETFCAP', 'CAP_SETPCAP', 'CAP_NET_BIND_SERVICE', 'CAP_SYS_CHROOT', 'CAP_KILL', 'CAP_AUDIT_WRITE']}, 'rlimits': [{'type': 'RLIMIT_NOFILE', 'hard': 65535, 'soft': 65535}], 'noNewPrivileges': True}, 'root': {'path': 'rootfs'}, 'mounts': [{'destination': '/proc', 'type': 'proc', 'source': 'proc', 'options': ['nosuid', 'noexec', 'nodev']}, {'destination': '/dev', 'type': 'tmpfs', 'source': 'tmpfs', 'options': ['nosuid', 'strictatime', 'mode=755', 'size=65536k']}, {'destination': '/dev/pts', 'type': 'devpts', 'source': 'devpts', 'options': ['nosuid', 'noexec', 'newinstance', 'ptmxmode=0666', 'mode=0620', 'gid=5']}, {'destination': '/dev/shm', 'type': 'tmpfs', 'source': 'shm', 'options': ['nosuid', 'noexec', 'nodev', 'mode=1777', 'size=65536k']}, {'destination': '/dev/mqueue', 'type': 'mqueue', 'source': 'mqueue', 'options': ['nosuid', 'noexec', 'nodev']}, {'destination': '/sys', 'type': 'sysfs', 'source': 'sysfs', 'options': ['nosuid', 'noexec', 'nodev', 'ro']}, {'destination': '/run', 'type': 'tmpfs', 'source': 'tmpfs', 'options': ['nosuid', 'strictatime', 'mode=755', 'size=65536k']}], 'linux': {'resources': {'devices': [{'allow': False, 'access': 'rwm'}]}, 'cgroupsPath': '/default', 'namespaces': [{'type': 'pid'}, {'type': 'ipc'}, {'type': 'uts'}, {'type': 'mount'}, {'type': 'network'}], 'maskedPaths': ['/proc/acpi', '/proc/asound', '/proc/kcore', '/proc/keys', '/proc/latency_stats', '/proc/timer_list', '/proc/timer_stats', '/proc/sched_debug', '/sys/firmware', '/sys/devices/virtual/powercap', '/proc/scsi'], 'readonlyPaths': ['/proc/bus', '/proc/fs', '/proc/irq', '/proc/sys', '/proc/sysrq-trigger']}}})
수요일 10 9월 2025  09:19:32 +0900 (0:00:00.852)       0:02:09.210 **************** 

TASK [container-engine/containerd : Containerd | Copy containerd config file] ***
changed: [node1]
changed: [node3]
changed: [node2]
수요일 10 9월 2025  09:19:33 +0900 (0:00:00.802)       0:02:10.013 **************** 

TASK [container-engine/containerd : Containerd | Create registry directories] ***
changed: [node1] => (item={'prefix': 'docker.io', 'mirrors': [{'host': 'https://registry-1.docker.io', 'capabilities': ['pull', 'resolve'], 'skip_verify': False}]})
changed: [node2] => (item={'prefix': 'docker.io', 'mirrors': [{'host': 'https://registry-1.docker.io', 'capabilities': ['pull', 'resolve'], 'skip_verify': False}]})
changed: [node3] => (item={'prefix': 'docker.io', 'mirrors': [{'host': 'https://registry-1.docker.io', 'capabilities': ['pull', 'resolve'], 'skip_verify': False}]})
수요일 10 9월 2025  09:19:33 +0900 (0:00:00.327)       0:02:10.340 **************** 

TASK [container-engine/containerd : Containerd | Write hosts.toml file] ********
changed: [node1] => (item={'prefix': 'docker.io', 'mirrors': [{'host': 'https://registry-1.docker.io', 'capabilities': ['pull', 'resolve'], 'skip_verify': False}]})
changed: [node3] => (item={'prefix': 'docker.io', 'mirrors': [{'host': 'https://registry-1.docker.io', 'capabilities': ['pull', 'resolve'], 'skip_verify': False}]})
changed: [node2] => (item={'prefix': 'docker.io', 'mirrors': [{'host': 'https://registry-1.docker.io', 'capabilities': ['pull', 'resolve'], 'skip_verify': False}]})
수요일 10 9월 2025  09:19:34 +0900 (0:00:00.805)       0:02:11.146 **************** 
수요일 10 9월 2025  09:19:34 +0900 (0:00:00.007)       0:02:11.153 **************** 
수요일 10 9월 2025  09:19:34 +0900 (0:00:00.007)       0:02:11.160 **************** 
수요일 10 9월 2025  09:19:34 +0900 (0:00:00.005)       0:02:11.166 **************** 

RUNNING HANDLER [container-engine/containerd : Containerd | restart containerd] ***
changed: [node1]
changed: [node3]
changed: [node2]
수요일 10 9월 2025  09:19:36 +0900 (0:00:01.743)       0:02:12.910 **************** 

RUNNING HANDLER [container-engine/containerd : Containerd | wait for containerd] ***
changed: [node1]
changed: [node3]
changed: [node2]
수요일 10 9월 2025  09:19:36 +0900 (0:00:00.426)       0:02:13.337 **************** 
수요일 10 9월 2025  09:19:36 +0900 (0:00:00.036)       0:02:13.374 **************** 
수요일 10 9월 2025  09:19:36 +0900 (0:00:00.026)       0:02:13.400 **************** 
수요일 10 9월 2025  09:19:36 +0900 (0:00:00.029)       0:02:13.430 **************** 
수요일 10 9월 2025  09:19:36 +0900 (0:00:00.023)       0:02:13.454 **************** 

TASK [container-engine/containerd : Containerd | Ensure containerd is started and enabled] ***
ok: [node1]
ok: [node2]
ok: [node3]
수요일 10 9월 2025  09:19:37 +0900 (0:00:01.046)       0:02:14.500 **************** 
수요일 10 9월 2025  09:19:37 +0900 (0:00:00.028)       0:02:14.528 **************** 
수요일 10 9월 2025  09:19:37 +0900 (0:00:00.026)       0:02:14.555 **************** 
수요일 10 9월 2025  09:19:37 +0900 (0:00:00.043)       0:02:14.598 **************** 
수요일 10 9월 2025  09:19:37 +0900 (0:00:00.026)       0:02:14.624 **************** 
수요일 10 9월 2025  09:19:37 +0900 (0:00:00.024)       0:02:14.648 **************** 
수요일 10 9월 2025  09:19:37 +0900 (0:00:00.040)       0:02:14.689 **************** 
수요일 10 9월 2025  09:19:37 +0900 (0:00:00.023)       0:02:14.713 **************** 
수요일 10 9월 2025  09:19:37 +0900 (0:00:00.024)       0:02:14.737 **************** 
수요일 10 9월 2025  09:19:38 +0900 (0:00:00.063)       0:02:14.800 **************** 
수요일 10 9월 2025  09:19:38 +0900 (0:00:00.024)       0:02:14.825 **************** 
수요일 10 9월 2025  09:19:38 +0900 (0:00:00.023)       0:02:14.848 **************** 
수요일 10 9월 2025  09:19:38 +0900 (0:00:00.025)       0:02:14.874 **************** 
수요일 10 9월 2025  09:19:38 +0900 (0:00:00.026)       0:02:14.900 **************** 
수요일 10 9월 2025  09:19:38 +0900 (0:00:00.023)       0:02:14.923 **************** 
수요일 10 9월 2025  09:19:38 +0900 (0:00:00.027)       0:02:14.951 **************** 
수요일 10 9월 2025  09:19:38 +0900 (0:00:00.023)       0:02:14.974 **************** 
수요일 10 9월 2025  09:19:38 +0900 (0:00:00.025)       0:02:14.999 **************** 
수요일 10 9월 2025  09:19:38 +0900 (0:00:00.029)       0:02:15.028 **************** 
수요일 10 9월 2025  09:19:38 +0900 (0:00:00.024)       0:02:15.053 **************** 
수요일 10 9월 2025  09:19:38 +0900 (0:00:00.029)       0:02:15.082 **************** 
수요일 10 9월 2025  09:19:38 +0900 (0:00:00.024)       0:02:15.107 **************** 
수요일 10 9월 2025  09:19:38 +0900 (0:00:00.004)       0:02:15.111 **************** 
수요일 10 9월 2025  09:19:38 +0900 (0:00:00.004)       0:02:15.116 **************** 
수요일 10 9월 2025  09:19:38 +0900 (0:00:00.005)       0:02:15.121 **************** 
수요일 10 9월 2025  09:19:38 +0900 (0:00:00.022)       0:02:15.143 **************** 
수요일 10 9월 2025  09:19:38 +0900 (0:00:00.023)       0:02:15.167 **************** 
수요일 10 9월 2025  09:19:38 +0900 (0:00:00.025)       0:02:15.193 **************** 
수요일 10 9월 2025  09:19:38 +0900 (0:00:00.024)       0:02:15.217 **************** 
수요일 10 9월 2025  09:19:38 +0900 (0:00:00.023)       0:02:15.240 **************** 
수요일 10 9월 2025  09:19:38 +0900 (0:00:00.026)       0:02:15.266 **************** 
수요일 10 9월 2025  09:19:38 +0900 (0:00:00.023)       0:02:15.290 **************** 
수요일 10 9월 2025  09:19:38 +0900 (0:00:00.025)       0:02:15.315 **************** 
수요일 10 9월 2025  09:19:38 +0900 (0:00:00.004)       0:02:15.320 **************** 
수요일 10 9월 2025  09:19:38 +0900 (0:00:00.004)       0:02:15.324 **************** 
수요일 10 9월 2025  09:19:38 +0900 (0:00:00.004)       0:02:15.329 **************** 
수요일 10 9월 2025  09:19:38 +0900 (0:00:00.032)       0:02:15.362 **************** 
수요일 10 9월 2025  09:19:38 +0900 (0:00:00.024)       0:02:15.386 **************** 
수요일 10 9월 2025  09:19:38 +0900 (0:00:00.024)       0:02:15.411 **************** 
수요일 10 9월 2025  09:19:38 +0900 (0:00:00.028)       0:02:15.439 **************** 
수요일 10 9월 2025  09:19:38 +0900 (0:00:00.004)       0:02:15.443 **************** 
수요일 10 9월 2025  09:19:38 +0900 (0:00:00.004)       0:02:15.448 **************** 
수요일 10 9월 2025  09:19:38 +0900 (0:00:00.016)       0:02:15.464 **************** 

TASK [download : Prep_download | Set a few facts] ******************************
ok: [node1]
ok: [node2]
ok: [node3]
수요일 10 9월 2025  09:19:38 +0900 (0:00:00.037)       0:02:15.502 **************** 
수요일 10 9월 2025  09:19:38 +0900 (0:00:00.016)       0:02:15.518 **************** 
수요일 10 9월 2025  09:19:38 +0900 (0:00:00.016)       0:02:15.534 **************** 
수요일 10 9월 2025  09:19:38 +0900 (0:00:00.028)       0:02:15.563 **************** 
수요일 10 9월 2025  09:19:38 +0900 (0:00:00.032)       0:02:15.596 **************** 

TASK [download : Prep_download | Register docker images info] ******************
ok: [node1]
ok: [node2]
ok: [node3]
수요일 10 9월 2025  09:19:39 +0900 (0:00:00.388)       0:02:15.984 **************** 

TASK [download : Prep_download | Create staging directory on remote node] ******
changed: [node1]
changed: [node2]
changed: [node3]
수요일 10 9월 2025  09:19:39 +0900 (0:00:00.554)       0:02:16.539 **************** 
수요일 10 9월 2025  09:19:39 +0900 (0:00:00.031)       0:02:16.571 **************** 

TASK [download : Download | Get kubeadm binary and list of required images] ****
included: /Users/xiilab/Develop/astrago/astrago-deployment/kubespray/versions/v2.28.1/kubespray/roles/download/tasks/prep_kubeadm_images.yml for node1, node2, node3
수요일 10 9월 2025  09:19:39 +0900 (0:00:00.049)       0:02:16.621 **************** 

TASK [download : Prep_kubeadm_images | Download kubeadm binary] ****************
included: /Users/xiilab/Develop/astrago/astrago-deployment/kubespray/versions/v2.28.1/kubespray/roles/download/tasks/download_file.yml for node1, node2, node3
수요일 10 9월 2025  09:19:40 +0900 (0:00:00.277)       0:02:16.898 **************** 

TASK [download : Prep_download | Set a few facts] ******************************
ok: [node1]
ok: [node2]
ok: [node3]
수요일 10 9월 2025  09:19:40 +0900 (0:00:00.150)       0:02:17.049 **************** 
수요일 10 9월 2025  09:19:40 +0900 (0:00:00.030)       0:02:17.079 **************** 

TASK [download : Download_file | Set pathname of cached file] ******************
ok: [node1]
ok: [node2]
ok: [node3]
수요일 10 9월 2025  09:19:40 +0900 (0:00:00.263)       0:02:17.342 **************** 

TASK [download : Download_file | Create dest directory on node] ****************
ok: [node2]
ok: [node3]
ok: [node1]
수요일 10 9월 2025  09:19:41 +0900 (0:00:00.653)       0:02:17.996 **************** 
수요일 10 9월 2025  09:19:41 +0900 (0:00:00.020)       0:02:18.016 **************** 
수요일 10 9월 2025  09:19:41 +0900 (0:00:00.014)       0:02:18.030 **************** 
