[WARNING]: While constructing a mapping from
/Users/xiilab/Develop/astrago/astrago-deployment/kubespray/versions/v2.28.1/kub
espray/roles/bootstrap_os/tasks/main.yml, line 29, column 7, found a duplicate
dict key (paths). Using last defined value only.
[WARNING]: Skipping callback plugin 'ara_default', unable to load

PLAY [Check Ansible version] ***************************************************
수요일 10 9월 2025  10:20:17 +0900 (0:00:00.007)       0:00:00.007 **************** 

TASK [Check 2.16.4 <= Ansible version < 2.17.0] ********************************
ok: [node1] => {
    "changed": false,
    "msg": "All assertions passed"
}
수요일 10 9월 2025  10:20:17 +0900 (0:00:00.014)       0:00:00.022 **************** 

TASK [Check that python netaddr is installed] **********************************
ok: [node1] => {
    "changed": false,
    "msg": "All assertions passed"
}
수요일 10 9월 2025  10:20:17 +0900 (0:00:00.040)       0:00:00.063 **************** 

TASK [Check that jinja is not too old (install via pip)] ***********************
ok: [node1] => {
    "changed": false,
    "msg": "All assertions passed"
}

PLAY [Define groups for legacy less structured inventories] ********************
수요일 10 9월 2025  10:20:17 +0900 (0:00:00.011)       0:00:00.075 **************** 

TASK [Match needed groups by their old names or definition] ********************
changed: [node1] => (item={'key': 'kube_control_plane', 'value': ['kube-master']})
ok: [node1] => (item={'key': 'kube_node', 'value': ['kube-node']})
ok: [node1] => (item={'key': 'calico_rr', 'value': ['calico-rr']})
ok: [node1] => (item={'key': 'no_floating', 'value': ['no-floating']})
ok: [node1] => (item={'key': 'k8s_cluster', 'value': ['kube_node', 'kube_control_plane', 'calico_rr']})
changed: [node2] => (item={'key': 'kube_control_plane', 'value': ['kube-master']})
ok: [node2] => (item={'key': 'kube_node', 'value': ['kube-node']})
ok: [node2] => (item={'key': 'calico_rr', 'value': ['calico-rr']})
ok: [node2] => (item={'key': 'no_floating', 'value': ['no-floating']})
ok: [node2] => (item={'key': 'k8s_cluster', 'value': ['kube_node', 'kube_control_plane', 'calico_rr']})
changed: [node3] => (item={'key': 'kube_control_plane', 'value': ['kube-master']})
ok: [node3] => (item={'key': 'kube_node', 'value': ['kube-node']})
ok: [node3] => (item={'key': 'calico_rr', 'value': ['calico-rr']})
ok: [node3] => (item={'key': 'no_floating', 'value': ['no-floating']})
ok: [node3] => (item={'key': 'k8s_cluster', 'value': ['kube_node', 'kube_control_plane', 'calico_rr']})

PLAY [Check inventory settings] ************************************************
수요일 10 9월 2025  10:20:17 +0900 (0:00:00.046)       0:00:00.121 **************** 

TASK [validate_inventory : Stop if some versions have a 'v' left at the start] ***
ok: [node1] => {
    "changed": false,
    "msg": "All assertions passed"
}
ok: [node2] => {
    "changed": false,
    "msg": "All assertions passed"
}
ok: [node3] => {
    "changed": false,
    "msg": "All assertions passed"
}
수요일 10 9월 2025  10:20:17 +0900 (0:00:00.042)       0:00:00.163 **************** 

TASK [validate_inventory : Stop if some derived versions have a 'v' left at the start] ***
ok: [node1] => {
    "changed": false,
    "msg": "All assertions passed"
}
ok: [node2] => {
    "changed": false,
    "msg": "All assertions passed"
}
ok: [node3] => {
    "changed": false,
    "msg": "All assertions passed"
}
수요일 10 9월 2025  10:20:18 +0900 (0:00:00.096)       0:00:00.260 **************** 

TASK [validate_inventory : Stop if kube_control_plane group is empty] **********
ok: [node1] => {
    "changed": false,
    "msg": "All assertions passed"
}
수요일 10 9월 2025  10:20:18 +0900 (0:00:00.018)       0:00:00.279 **************** 

TASK [validate_inventory : Stop if etcd group is empty in external etcd mode] ***
ok: [node1] => {
    "changed": false,
    "msg": "All assertions passed"
}
수요일 10 9월 2025  10:20:18 +0900 (0:00:00.019)       0:00:00.298 **************** 
수요일 10 9월 2025  10:20:18 +0900 (0:00:00.022)       0:00:00.321 **************** 

TASK [validate_inventory : Stop if unsupported version of Kubernetes] **********
ok: [node1] => {
    "changed": false,
    "msg": "All assertions passed"
}
ok: [node2] => {
    "changed": false,
    "msg": "All assertions passed"
}
ok: [node3] => {
    "changed": false,
    "msg": "All assertions passed"
}
수요일 10 9월 2025  10:20:18 +0900 (0:00:00.035)       0:00:00.357 **************** 

TASK [validate_inventory : Stop if known booleans are set as strings (Use JSON format on CLI: -e "{'key': true }")] ***
ok: [node1] => {
    "changed": false,
    "msg": "All assertions passed"
}
수요일 10 9월 2025  10:20:18 +0900 (0:00:00.020)       0:00:00.377 **************** 

TASK [validate_inventory : Stop if even number of etcd hosts] ******************
ok: [node1] => {
    "changed": false,
    "msg": "All assertions passed"
}
수요일 10 9월 2025  10:20:18 +0900 (0:00:00.020)       0:00:00.398 **************** 
수요일 10 9월 2025  10:20:18 +0900 (0:00:00.023)       0:00:00.421 **************** 
수요일 10 9월 2025  10:20:18 +0900 (0:00:00.021)       0:00:00.443 **************** 
수요일 10 9월 2025  10:20:18 +0900 (0:00:00.022)       0:00:00.466 **************** 
수요일 10 9월 2025  10:20:18 +0900 (0:00:00.022)       0:00:00.488 **************** 

TASK [validate_inventory : Check that kube_service_addresses is a network range] ***
ok: [node1] => {
    "changed": false,
    "msg": "All assertions passed"
}
수요일 10 9월 2025  10:20:18 +0900 (0:00:00.036)       0:00:00.525 **************** 

TASK [validate_inventory : Check that kube_pods_subnet is a network range] *****
ok: [node1] => {
    "changed": false,
    "msg": "All assertions passed"
}
수요일 10 9월 2025  10:20:18 +0900 (0:00:00.082)       0:00:00.607 **************** 

TASK [validate_inventory : Check that kube_pods_subnet does not collide with kube_service_addresses] ***
ok: [node1] => {
    "changed": false,
    "msg": "All assertions passed"
}
수요일 10 9월 2025  10:20:18 +0900 (0:00:00.119)       0:00:00.727 **************** 
수요일 10 9월 2025  10:20:18 +0900 (0:00:00.014)       0:00:00.742 **************** 
수요일 10 9월 2025  10:20:18 +0900 (0:00:00.015)       0:00:00.757 **************** 
수요일 10 9월 2025  10:20:18 +0900 (0:00:00.014)       0:00:00.772 **************** 
수요일 10 9월 2025  10:20:18 +0900 (0:00:00.014)       0:00:00.787 **************** 
수요일 10 9월 2025  10:20:18 +0900 (0:00:00.015)       0:00:00.802 **************** 

TASK [validate_inventory : Stop if unsupported options selected] ***************
ok: [node1] => {
    "changed": false,
    "msg": "All assertions passed"
}
수요일 10 9월 2025  10:20:18 +0900 (0:00:00.020)       0:00:00.822 **************** 
수요일 10 9월 2025  10:20:18 +0900 (0:00:00.026)       0:00:00.849 **************** 

TASK [validate_inventory : Stop if etcd_kubeadm_enabled is defined] ************
ok: [node1] => {
    "changed": false,
    "msg": "All assertions passed"
}
수요일 10 9월 2025  10:20:18 +0900 (0:00:00.018)       0:00:00.867 **************** 
수요일 10 9월 2025  10:20:18 +0900 (0:00:00.022)       0:00:00.890 **************** 
수요일 10 9월 2025  10:20:18 +0900 (0:00:00.022)       0:00:00.912 **************** 
수요일 10 9월 2025  10:20:18 +0900 (0:00:00.022)       0:00:00.934 **************** 

TASK [validate_inventory : Ensure minimum containerd version] ******************
ok: [node1] => {
    "changed": false,
    "msg": "All assertions passed"
}
수요일 10 9월 2025  10:20:18 +0900 (0:00:00.020)       0:00:00.954 **************** 
[WARNING]: Could not match supplied host pattern, ignoring: bastion

PLAY [Install bastion ssh config] **********************************************
skipping: no hosts matched

PLAY [Bootstrap hosts for Ansible] *********************************************
수요일 10 9월 2025  10:20:18 +0900 (0:00:00.083)       0:00:01.038 **************** 
[WARNING]: raw module does not support the environment keyword

TASK [bootstrap_os : Fetch /etc/os-release] ************************************
ok: [node1]
ok: [node2]
ok: [node3]
수요일 10 9월 2025  10:20:18 +0900 (0:00:00.066)       0:00:01.104 **************** 
수요일 10 9월 2025  10:20:18 +0900 (0:00:00.040)       0:00:01.145 **************** 

TASK [bootstrap_os : Include tasks] ********************************************
included: /Users/xiilab/Develop/astrago/astrago-deployment/kubespray/versions/v2.28.1/kubespray/roles/bootstrap_os/tasks/ubuntu.yml for node1, node2, node3 => (item=/Users/xiilab/Develop/astrago/astrago-deployment/kubespray/versions/v2.28.1/kubespray/roles/bootstrap_os/tasks/ubuntu.yml)
수요일 10 9월 2025  10:20:18 +0900 (0:00:00.055)       0:00:01.201 **************** 

TASK [bootstrap_os : Check if bootstrap is needed] *****************************
ok: [node1]
ok: [node2]
ok: [node3]
수요일 10 9월 2025  10:20:19 +0900 (0:00:00.062)       0:00:01.263 **************** 

TASK [bootstrap_os : Check http::proxy in apt configuration files] *************
ok: [node1]
ok: [node2]
ok: [node3]
수요일 10 9월 2025  10:20:19 +0900 (0:00:00.087)       0:00:01.351 **************** 
수요일 10 9월 2025  10:20:19 +0900 (0:00:00.027)       0:00:01.378 **************** 

TASK [bootstrap_os : Check https::proxy in apt configuration files] ************
ok: [node1]
ok: [node2]
ok: [node3]
수요일 10 9월 2025  10:20:19 +0900 (0:00:00.124)       0:00:01.503 **************** 
수요일 10 9월 2025  10:20:19 +0900 (0:00:00.028)       0:00:01.531 **************** 
수요일 10 9월 2025  10:20:19 +0900 (0:00:00.023)       0:00:01.555 **************** 
수요일 10 9월 2025  10:20:19 +0900 (0:00:00.039)       0:00:01.595 **************** 
수요일 10 9월 2025  10:20:19 +0900 (0:00:00.023)       0:00:01.618 **************** 
수요일 10 9월 2025  10:20:19 +0900 (0:00:00.024)       0:00:01.643 **************** 
수요일 10 9월 2025  10:20:19 +0900 (0:00:00.022)       0:00:01.666 **************** 

TASK [system_packages : Gather OS information] *********************************
ok: [node1]
ok: [node3]
ok: [node2]
수요일 10 9월 2025  10:20:20 +0900 (0:00:00.879)       0:00:02.546 **************** 
수요일 10 9월 2025  10:20:20 +0900 (0:00:00.034)       0:00:02.580 **************** 
수요일 10 9월 2025  10:20:20 +0900 (0:00:00.077)       0:00:02.658 **************** 
수요일 10 9월 2025  10:20:20 +0900 (0:00:00.028)       0:00:02.686 **************** 

TASK [system_packages : Update package management cache (APT)] *****************
ok: [node3]
ok: [node1]
ok: [node2]
수요일 10 9월 2025  10:20:21 +0900 (0:00:01.176)       0:00:03.863 **************** 
수요일 10 9월 2025  10:20:21 +0900 (0:00:00.038)       0:00:03.901 **************** 
수요일 10 9월 2025  10:20:21 +0900 (0:00:00.027)       0:00:03.929 **************** 

TASK [system_packages : Manage packages] ***************************************
ok: [node2] => (item=remove)
ok: [node3] => (item=remove)
ok: [node1] => (item=remove)
ok: [node1] => (item=install)
ok: [node3] => (item=install)
ok: [node2] => (item=install)
수요일 10 9월 2025  10:20:24 +0900 (0:00:02.678)       0:00:06.608 **************** 

TASK [bootstrap_os : Create remote_tmp for it is used by another module] *******
ok: [node1]
ok: [node3]
ok: [node2]
수요일 10 9월 2025  10:20:24 +0900 (0:00:00.413)       0:00:07.022 **************** 

TASK [bootstrap_os : Gather facts] *********************************************
ok: [node1]
ok: [node2]
ok: [node3]
수요일 10 9월 2025  10:20:25 +0900 (0:00:00.840)       0:00:07.862 **************** 

TASK [bootstrap_os : Assign inventory name to unconfigured hostnames (non-CoreOS, non-Flatcar, Suse and ClearLinux, non-Fedora)] ***
ok: [node1]
ok: [node2]
ok: [node3]
수요일 10 9월 2025  10:20:26 +0900 (0:00:00.953)       0:00:08.816 **************** 

TASK [bootstrap_os : Ensure bash_completion.d folder exists] *******************
ok: [node1]
ok: [node3]
ok: [node2]

PLAY [Gather facts] ************************************************************
수요일 10 9월 2025  10:20:26 +0900 (0:00:00.353)       0:00:09.170 **************** 
수요일 10 9월 2025  10:20:26 +0900 (0:00:00.030)       0:00:09.200 **************** 

TASK [network_facts : Set fallback_ip] *****************************************
ok: [node1]
ok: [node2]
ok: [node3]
수요일 10 9월 2025  10:20:26 +0900 (0:00:00.033)       0:00:09.234 **************** 
수요일 10 9월 2025  10:20:27 +0900 (0:00:00.027)       0:00:09.261 **************** 

TASK [network_facts : Set fallback_ip6] ****************************************
ok: [node1]
ok: [node2]
ok: [node3]
수요일 10 9월 2025  10:20:27 +0900 (0:00:00.033)       0:00:09.295 **************** 

TASK [network_facts : Set main access ip(access_ip based on ipv4_stack/ipv6_stack options).] ***
ok: [node1]
ok: [node2]
ok: [node3]
수요일 10 9월 2025  10:20:27 +0900 (0:00:00.079)       0:00:09.375 **************** 

TASK [network_facts : Set main ip(ip based on ipv4_stack/ipv6_stack options).] ***
ok: [node1]
ok: [node2]
ok: [node3]
수요일 10 9월 2025  10:20:27 +0900 (0:00:00.034)       0:00:09.409 **************** 

TASK [network_facts : Set main access ips(mixed ips for dualstack).] ***********
ok: [node1]
ok: [node2]
ok: [node3]
수요일 10 9월 2025  10:20:27 +0900 (0:00:00.035)       0:00:09.445 **************** 

TASK [network_facts : Set main ips(mixed ips for dualstack).] ******************
ok: [node1]
ok: [node2]
ok: [node3]
수요일 10 9월 2025  10:20:27 +0900 (0:00:00.035)       0:00:09.480 **************** 
수요일 10 9월 2025  10:20:27 +0900 (0:00:00.014)       0:00:09.495 **************** 
수요일 10 9월 2025  10:20:27 +0900 (0:00:00.036)       0:00:09.532 **************** 

TASK [Gather minimal facts] ****************************************************
ok: [node1]
ok: [node2]
ok: [node3]
수요일 10 9월 2025  10:20:27 +0900 (0:00:00.713)       0:00:10.245 **************** 

TASK [Gather necessary facts (network)] ****************************************
ok: [node1]
ok: [node3]
ok: [node2]
수요일 10 9월 2025  10:20:28 +0900 (0:00:00.825)       0:00:11.070 **************** 

TASK [Gather necessary facts (hardware)] ***************************************
ok: [node3]
ok: [node1]
ok: [node2]

PLAY [Prepare for etcd install] ************************************************
수요일 10 9월 2025  10:20:30 +0900 (0:00:01.236)       0:00:12.307 **************** 

TASK [adduser : User | Create User Group] **************************************
ok: [node3]
ok: [node2]
ok: [node1]
수요일 10 9월 2025  10:20:30 +0900 (0:00:00.361)       0:00:12.669 **************** 

TASK [adduser : User | Create User] ********************************************
ok: [node3]
ok: [node1]
ok: [node2]
수요일 10 9월 2025  10:20:30 +0900 (0:00:00.517)       0:00:13.186 **************** 

TASK [kubernetes/preinstall : Check if /etc/fstab exists] **********************
ok: [node3]
ok: [node1]
ok: [node2]
수요일 10 9월 2025  10:20:31 +0900 (0:00:00.400)       0:00:13.587 **************** 

TASK [kubernetes/preinstall : Remove swapfile from /etc/fstab] *****************
ok: [node3] => (item=swap)
ok: [node1] => (item=swap)
ok: [node2] => (item=swap)
ok: [node3] => (item=none)
ok: [node2] => (item=none)
ok: [node1] => (item=none)
수요일 10 9월 2025  10:20:32 +0900 (0:00:00.707)       0:00:14.294 **************** 

TASK [kubernetes/preinstall : Mask swap.target (persist swapoff)] **************
ok: [node3]
ok: [node1]
ok: [node2]
수요일 10 9월 2025  10:20:32 +0900 (0:00:00.706)       0:00:15.001 **************** 

TASK [kubernetes/preinstall : Disable swap] ************************************
changed: [node3]
changed: [node2]
changed: [node1]
수요일 10 9월 2025  10:20:33 +0900 (0:00:00.433)       0:00:15.435 **************** 
수요일 10 9월 2025  10:20:33 +0900 (0:00:00.038)       0:00:15.474 **************** 

TASK [kubernetes/preinstall : Check resolvconf] ********************************
ok: [node1]
ok: [node3]
ok: [node2]
수요일 10 9월 2025  10:20:33 +0900 (0:00:00.316)       0:00:15.790 **************** 

TASK [kubernetes/preinstall : Check existence of /etc/resolvconf/resolv.conf.d] ***
ok: [node1]
ok: [node2]
ok: [node3]
수요일 10 9월 2025  10:20:33 +0900 (0:00:00.310)       0:00:16.101 **************** 

TASK [kubernetes/preinstall : Check status of /etc/resolv.conf] ****************
ok: [node1]
ok: [node2]
ok: [node3]
수요일 10 9월 2025  10:20:34 +0900 (0:00:00.315)       0:00:16.417 **************** 

TASK [kubernetes/preinstall : Fetch resolv.conf] *******************************
ok: [node3]
ok: [node2]
ok: [node1]
수요일 10 9월 2025  10:20:34 +0900 (0:00:00.403)       0:00:16.820 **************** 

TASK [kubernetes/preinstall : NetworkManager | Check if host has NetworkManager] ***
ok: [node1]
ok: [node2]
ok: [node3]
수요일 10 9월 2025  10:20:34 +0900 (0:00:00.335)       0:00:17.156 **************** 

TASK [kubernetes/preinstall : Check systemd-resolved] **************************
ok: [node1]
ok: [node2]
ok: [node3]
수요일 10 9월 2025  10:20:35 +0900 (0:00:00.335)       0:00:17.492 **************** 

TASK [kubernetes/preinstall : Set default dns if remove_default_searchdomains is false] ***
ok: [node1]
ok: [node2]
ok: [node3]
수요일 10 9월 2025  10:20:35 +0900 (0:00:00.049)       0:00:17.541 **************** 

TASK [kubernetes/preinstall : Set dns facts] ***********************************
ok: [node1]
ok: [node2]
ok: [node3]
수요일 10 9월 2025  10:20:35 +0900 (0:00:00.102)       0:00:17.643 **************** 

TASK [kubernetes/preinstall : Check if kubelet is configured] ******************
ok: [node1]
ok: [node2]
ok: [node3]
수요일 10 9월 2025  10:20:35 +0900 (0:00:00.330)       0:00:17.973 **************** 

TASK [kubernetes/preinstall : Check if early DNS configuration stage] **********
ok: [node1]
ok: [node2]
ok: [node3]
수요일 10 9월 2025  10:20:35 +0900 (0:00:00.048)       0:00:18.021 **************** 

TASK [kubernetes/preinstall : Target resolv.conf files] ************************
ok: [node1]
ok: [node2]
ok: [node3]
수요일 10 9월 2025  10:20:35 +0900 (0:00:00.037)       0:00:18.058 **************** 
수요일 10 9월 2025  10:20:35 +0900 (0:00:00.025)       0:00:18.084 **************** 

TASK [kubernetes/preinstall : Check if /etc/dhclient.conf exists] **************
ok: [node1]
ok: [node3]
ok: [node2]
수요일 10 9월 2025  10:20:36 +0900 (0:00:00.299)       0:00:18.384 **************** 
수요일 10 9월 2025  10:20:36 +0900 (0:00:00.033)       0:00:18.417 **************** 

TASK [kubernetes/preinstall : Check if /etc/dhcp/dhclient.conf exists] *********
ok: [node1]
ok: [node2]
ok: [node3]
수요일 10 9월 2025  10:20:36 +0900 (0:00:00.304)       0:00:18.722 **************** 

TASK [kubernetes/preinstall : Target dhclient conf file for /etc/dhcp/dhclient.conf] ***
ok: [node1]
ok: [node2]
ok: [node3]
수요일 10 9월 2025  10:20:36 +0900 (0:00:00.047)       0:00:18.769 **************** 
수요일 10 9월 2025  10:20:36 +0900 (0:00:00.065)       0:00:18.835 **************** 

TASK [kubernetes/preinstall : Target dhclient hook file for Debian family] *****
ok: [node1]
ok: [node2]
ok: [node3]
수요일 10 9월 2025  10:20:36 +0900 (0:00:00.036)       0:00:18.872 **************** 
수요일 10 9월 2025  10:20:36 +0900 (0:00:00.025)       0:00:18.897 **************** 

TASK [kubernetes/preinstall : Check /usr readonly] *****************************
ok: [node1]
ok: [node3]
ok: [node2]
수요일 10 9월 2025  10:20:36 +0900 (0:00:00.305)       0:00:19.202 **************** 
수요일 10 9월 2025  10:20:36 +0900 (0:00:00.036)       0:00:19.238 **************** 
수요일 10 9월 2025  10:20:36 +0900 (0:00:00.016)       0:00:19.255 **************** 

TASK [kubernetes/preinstall : Stop if non systemd OS type] *********************
ok: [node1] => {
    "changed": false,
    "msg": "All assertions passed"
}
ok: [node2] => {
    "changed": false,
    "msg": "All assertions passed"
}
ok: [node3] => {
    "changed": false,
    "msg": "All assertions passed"
}
수요일 10 9월 2025  10:20:37 +0900 (0:00:00.039)       0:00:19.294 **************** 

TASK [kubernetes/preinstall : Stop if the os does not support] *****************
ok: [node1] => {
    "changed": false,
    "msg": "All assertions passed"
}
ok: [node2] => {
    "changed": false,
    "msg": "All assertions passed"
}
ok: [node3] => {
    "changed": false,
    "msg": "All assertions passed"
}
수요일 10 9월 2025  10:20:37 +0900 (0:00:00.036)       0:00:19.330 **************** 

TASK [kubernetes/preinstall : Stop if memory is too small for control plane nodes] ***
ok: [node1] => {
    "changed": false,
    "msg": "All assertions passed"
}
ok: [node2] => {
    "changed": false,
    "msg": "All assertions passed"
}
ok: [node3] => {
    "changed": false,
    "msg": "All assertions passed"
}
수요일 10 9월 2025  10:20:37 +0900 (0:00:00.037)       0:00:19.367 **************** 

TASK [kubernetes/preinstall : Stop if memory is too small for nodes] ***********
ok: [node1] => {
    "changed": false,
    "msg": "All assertions passed"
}
ok: [node2] => {
    "changed": false,
    "msg": "All assertions passed"
}
ok: [node3] => {
    "changed": false,
    "msg": "All assertions passed"
}
수요일 10 9월 2025  10:20:37 +0900 (0:00:00.118)       0:00:19.486 **************** 

TASK [kubernetes/preinstall : Stop if cgroups are not enabled on nodes] ********
ok: [node1]
ok: [node2]
ok: [node3]
수요일 10 9월 2025  10:20:37 +0900 (0:00:00.321)       0:00:19.807 **************** 

TASK [kubernetes/preinstall : Stop if ip var does not match local ips] *********
ok: [node1] => {
    "changed": false,
    "msg": "All assertions passed"
}
ok: [node2] => {
    "changed": false,
    "msg": "All assertions passed"
}
ok: [node3] => {
    "changed": false,
    "msg": "All assertions passed"
}
수요일 10 9월 2025  10:20:37 +0900 (0:00:00.051)       0:00:19.859 **************** 

TASK [kubernetes/preinstall : Stop if access_ip is not pingable] ***************
ok: [node1]
ok: [node3]
ok: [node2]
수요일 10 9월 2025  10:20:37 +0900 (0:00:00.317)       0:00:20.176 **************** 
수요일 10 9월 2025  10:20:37 +0900 (0:00:00.036)       0:00:20.213 **************** 
수요일 10 9월 2025  10:20:37 +0900 (0:00:00.028)       0:00:20.241 **************** 

TASK [kubernetes/preinstall : Stop if bad hostname] ****************************
ok: [node1] => {
    "changed": false,
    "msg": "All assertions passed"
}
ok: [node2] => {
    "changed": false,
    "msg": "All assertions passed"
}
ok: [node3] => {
    "changed": false,
    "msg": "All assertions passed"
}
수요일 10 9월 2025  10:20:38 +0900 (0:00:00.037)       0:00:20.279 **************** 

TASK [kubernetes/preinstall : Stop if /etc/resolv.conf has no configured nameservers] ***
ok: [node1] => {
    "changed": false,
    "msg": "All assertions passed"
}
ok: [node2] => {
    "changed": false,
    "msg": "All assertions passed"
}
ok: [node3] => {
    "changed": false,
    "msg": "All assertions passed"
}
수요일 10 9월 2025  10:20:38 +0900 (0:00:00.060)       0:00:20.339 **************** 
수요일 10 9월 2025  10:20:38 +0900 (0:00:00.025)       0:00:20.364 **************** 

TASK [kubernetes/preinstall : Create kubernetes directories] *******************
ok: [node1] => (item=/etc/kubernetes)
ok: [node2] => (item=/etc/kubernetes)
ok: [node3] => (item=/etc/kubernetes)
changed: [node1] => (item=/etc/kubernetes/manifests)
changed: [node2] => (item=/etc/kubernetes/manifests)
changed: [node3] => (item=/etc/kubernetes/manifests)
ok: [node2] => (item=/usr/local/bin/kubernetes-scripts)
ok: [node1] => (item=/usr/local/bin/kubernetes-scripts)
ok: [node3] => (item=/usr/local/bin/kubernetes-scripts)
ok: [node1] => (item=/usr/libexec/kubernetes/kubelet-plugins/volume/exec)
ok: [node2] => (item=/usr/libexec/kubernetes/kubelet-plugins/volume/exec)
ok: [node3] => (item=/usr/libexec/kubernetes/kubelet-plugins/volume/exec)
수요일 10 9월 2025  10:20:39 +0900 (0:00:01.227)       0:00:21.592 **************** 

TASK [kubernetes/preinstall : Create other directories of root owner] **********
changed: [node1] => (item=/etc/kubernetes/ssl)
changed: [node3] => (item=/etc/kubernetes/ssl)
changed: [node2] => (item=/etc/kubernetes/ssl)
ok: [node3] => (item=/usr/local/bin)
ok: [node1] => (item=/usr/local/bin)
ok: [node2] => (item=/usr/local/bin)
수요일 10 9월 2025  10:20:39 +0900 (0:00:00.607)       0:00:22.200 **************** 

TASK [kubernetes/preinstall : Check if kubernetes kubeadm compat cert dir exists] ***
ok: [node1]
ok: [node3]
ok: [node2]
수요일 10 9월 2025  10:20:40 +0900 (0:00:00.315)       0:00:22.516 **************** 

TASK [kubernetes/preinstall : Create kubernetes kubeadm compat cert dir (kubernetes/kubeadm issue 1498)] ***
changed: [node1]
changed: [node2]
changed: [node3]
수요일 10 9월 2025  10:20:40 +0900 (0:00:00.324)       0:00:22.841 **************** 

TASK [kubernetes/preinstall : Create cni directories] **************************
ok: [node1] => (item=/etc/cni/net.d)
ok: [node2] => (item=/etc/cni/net.d)
ok: [node3] => (item=/etc/cni/net.d)
ok: [node3] => (item=/opt/cni/bin)
ok: [node1] => (item=/opt/cni/bin)
ok: [node2] => (item=/opt/cni/bin)
수요일 10 9월 2025  10:20:41 +0900 (0:00:00.608)       0:00:23.449 **************** 

TASK [kubernetes/preinstall : Create calico cni directories] *******************
ok: [node1] => (item=/var/lib/calico)
ok: [node3] => (item=/var/lib/calico)
ok: [node2] => (item=/var/lib/calico)
수요일 10 9월 2025  10:20:41 +0900 (0:00:00.323)       0:00:23.773 **************** 
수요일 10 9월 2025  10:20:41 +0900 (0:00:00.045)       0:00:23.819 **************** 
수요일 10 9월 2025  10:20:41 +0900 (0:00:00.028)       0:00:23.848 **************** 
수요일 10 9월 2025  10:20:41 +0900 (0:00:00.026)       0:00:23.874 **************** 
수요일 10 9월 2025  10:20:41 +0900 (0:00:00.103)       0:00:23.978 **************** 
수요일 10 9월 2025  10:20:41 +0900 (0:00:00.036)       0:00:24.015 **************** 
수요일 10 9월 2025  10:20:41 +0900 (0:00:00.027)       0:00:24.042 **************** 
수요일 10 9월 2025  10:20:41 +0900 (0:00:00.026)       0:00:24.069 **************** 

TASK [kubernetes/preinstall : Create systemd-resolved drop-in directory] *******
ok: [node1]
ok: [node2]
ok: [node3]
수요일 10 9월 2025  10:20:42 +0900 (0:00:00.314)       0:00:24.383 **************** 

TASK [kubernetes/preinstall : Write Kubespray DNS settings to systemd-resolved] ***
ok: [node1]
ok: [node2]
ok: [node3]
수요일 10 9월 2025  10:20:43 +0900 (0:00:00.921)       0:00:25.305 **************** 
수요일 10 9월 2025  10:20:43 +0900 (0:00:00.032)       0:00:25.337 **************** 
수요일 10 9월 2025  10:20:43 +0900 (0:00:00.026)       0:00:25.364 **************** 
수요일 10 9월 2025  10:20:43 +0900 (0:00:00.025)       0:00:25.390 **************** 
수요일 10 9월 2025  10:20:43 +0900 (0:00:00.067)       0:00:25.457 **************** 
수요일 10 9월 2025  10:20:43 +0900 (0:00:00.026)       0:00:25.484 **************** 
수요일 10 9월 2025  10:20:43 +0900 (0:00:00.025)       0:00:25.509 **************** 
수요일 10 9월 2025  10:20:43 +0900 (0:00:00.025)       0:00:25.535 **************** 
수요일 10 9월 2025  10:20:43 +0900 (0:00:00.025)       0:00:25.560 **************** 
수요일 10 9월 2025  10:20:43 +0900 (0:00:00.025)       0:00:25.586 **************** 
수요일 10 9월 2025  10:20:43 +0900 (0:00:00.025)       0:00:25.611 **************** 

TASK [kubernetes/preinstall : Clean previously used sysctl file locations] *****
ok: [node1] => (item=ipv4-ip_forward.conf)
ok: [node2] => (item=ipv4-ip_forward.conf)
ok: [node3] => (item=ipv4-ip_forward.conf)
ok: [node2] => (item=bridge-nf-call.conf)
ok: [node3] => (item=bridge-nf-call.conf)
ok: [node1] => (item=bridge-nf-call.conf)
수요일 10 9월 2025  10:20:43 +0900 (0:00:00.594)       0:00:26.206 **************** 

TASK [kubernetes/preinstall : Stat sysctl file configuration] ******************
ok: [node1]
ok: [node2]
ok: [node3]
수요일 10 9월 2025  10:20:44 +0900 (0:00:00.319)       0:00:26.525 **************** 

TASK [kubernetes/preinstall : Change sysctl file path to link source if linked] ***
ok: [node1]
ok: [node2]
ok: [node3]
수요일 10 9월 2025  10:20:44 +0900 (0:00:00.121)       0:00:26.646 **************** 

TASK [kubernetes/preinstall : Make sure sysctl file path folder exists] ********
ok: [node1]
ok: [node2]
ok: [node3]
수요일 10 9월 2025  10:20:44 +0900 (0:00:00.318)       0:00:26.964 **************** 

TASK [kubernetes/preinstall : Enable ip forwarding] ****************************
ok: [node1]
ok: [node3]
ok: [node2]
수요일 10 9월 2025  10:20:45 +0900 (0:00:00.419)       0:00:27.384 **************** 
수요일 10 9월 2025  10:20:45 +0900 (0:00:00.045)       0:00:27.430 **************** 

TASK [kubernetes/preinstall : Check if we need to set fs.may_detach_mounts] ****
ok: [node1]
ok: [node2]
ok: [node3]
수요일 10 9월 2025  10:20:45 +0900 (0:00:00.307)       0:00:27.738 **************** 
수요일 10 9월 2025  10:20:45 +0900 (0:00:00.043)       0:00:27.781 **************** 

TASK [kubernetes/preinstall : Ensure kubelet expected parameters are set] ******
ok: [node1] => (item={'name': 'kernel.keys.root_maxbytes', 'value': 25000000})
ok: [node3] => (item={'name': 'kernel.keys.root_maxbytes', 'value': 25000000})
ok: [node2] => (item={'name': 'kernel.keys.root_maxbytes', 'value': 25000000})
ok: [node1] => (item={'name': 'kernel.keys.root_maxkeys', 'value': 1000000})
ok: [node3] => (item={'name': 'kernel.keys.root_maxkeys', 'value': 1000000})
ok: [node2] => (item={'name': 'kernel.keys.root_maxkeys', 'value': 1000000})
ok: [node3] => (item={'name': 'kernel.panic', 'value': 10})
ok: [node1] => (item={'name': 'kernel.panic', 'value': 10})
ok: [node2] => (item={'name': 'kernel.panic', 'value': 10})
ok: [node3] => (item={'name': 'kernel.panic_on_oops', 'value': 1})
ok: [node1] => (item={'name': 'kernel.panic_on_oops', 'value': 1})
ok: [node2] => (item={'name': 'kernel.panic_on_oops', 'value': 1})
ok: [node3] => (item={'name': 'vm.overcommit_memory', 'value': 1})
ok: [node1] => (item={'name': 'vm.overcommit_memory', 'value': 1})
ok: [node2] => (item={'name': 'vm.overcommit_memory', 'value': 1})
ok: [node3] => (item={'name': 'vm.panic_on_oom', 'value': 0})
ok: [node1] => (item={'name': 'vm.panic_on_oom', 'value': 0})
ok: [node2] => (item={'name': 'vm.panic_on_oom', 'value': 0})
수요일 10 9월 2025  10:20:47 +0900 (0:00:01.762)       0:00:29.544 **************** 

TASK [kubernetes/preinstall : Check dummy module] ******************************
ok: [node2]
ok: [node3]
ok: [node1]
수요일 10 9월 2025  10:20:47 +0900 (0:00:00.423)       0:00:29.968 **************** 
수요일 10 9월 2025  10:20:47 +0900 (0:00:00.083)       0:00:30.051 **************** 

TASK [kubernetes/preinstall : Disable fapolicyd service] ***********************
ok: [node1]
ok: [node2]
ok: [node3]
수요일 10 9월 2025  10:20:48 +0900 (0:00:00.570)       0:00:30.622 **************** 
수요일 10 9월 2025  10:20:48 +0900 (0:00:00.038)       0:00:30.660 **************** 
수요일 10 9월 2025  10:20:48 +0900 (0:00:00.029)       0:00:30.689 **************** 
수요일 10 9월 2025  10:20:48 +0900 (0:00:00.026)       0:00:30.716 **************** 
수요일 10 9월 2025  10:20:48 +0900 (0:00:00.024)       0:00:30.740 **************** 
수요일 10 9월 2025  10:20:48 +0900 (0:00:00.025)       0:00:30.766 **************** 
수요일 10 9월 2025  10:20:48 +0900 (0:00:00.024)       0:00:30.791 **************** 
수요일 10 9월 2025  10:20:48 +0900 (0:00:00.025)       0:00:30.816 **************** 
수요일 10 9월 2025  10:20:48 +0900 (0:00:00.066)       0:00:30.883 **************** 

TASK [kubernetes/preinstall : Hosts | create hosts list from inventory] ********
ok: [node1 -> localhost]
수요일 10 9월 2025  10:20:48 +0900 (0:00:00.042)       0:00:30.925 **************** 

TASK [kubernetes/preinstall : Hosts | populate inventory into hosts file] ******
ok: [node3]
ok: [node2]
ok: [node1]
수요일 10 9월 2025  10:20:49 +0900 (0:00:00.351)       0:00:31.276 **************** 
수요일 10 9월 2025  10:20:49 +0900 (0:00:00.039)       0:00:31.316 **************** 

TASK [kubernetes/preinstall : Hosts | Retrieve hosts file content] *************
ok: [node1]
ok: [node2]
ok: [node3]
수요일 10 9월 2025  10:20:49 +0900 (0:00:00.300)       0:00:31.617 **************** 

TASK [kubernetes/preinstall : Hosts | Extract existing entries for localhost from hosts file] ***
ok: [node1] => (item=127.0.0.1 localhost)
ok: [node2] => (item=127.0.0.1 localhost)
ok: [node1] => (item=::1 ip6-localhost ip6-loopback localhost6 localhost6.localdomain)
ok: [node3] => (item=127.0.0.1 localhost)
ok: [node2] => (item=::1 ip6-localhost ip6-loopback localhost6 localhost6.localdomain)
ok: [node1] => (item=127.0.0.1 localhost.localdomain localhost ubuntu2204.localdomain)
ok: [node3] => (item=::1 ip6-localhost ip6-loopback localhost6 localhost6.localdomain)
ok: [node2] => (item=127.0.0.1 localhost.localdomain localhost ubuntu2204.localdomain)
ok: [node3] => (item=127.0.0.1 localhost.localdomain localhost ubuntu2204.localdomain)
수요일 10 9월 2025  10:20:49 +0900 (0:00:00.087)       0:00:31.704 **************** 

TASK [kubernetes/preinstall : Hosts | Update target hosts file entries dict with required entries] ***
ok: [node1] => (item={'key': '127.0.0.1', 'value': {'expected': ['localhost', 'localhost.localdomain']}})
ok: [node1] => (item={'key': '::1', 'value': {'expected': ['localhost6', 'localhost6.localdomain'], 'unexpected': ['localhost', 'localhost.localdomain']}})
ok: [node2] => (item={'key': '127.0.0.1', 'value': {'expected': ['localhost', 'localhost.localdomain']}})
ok: [node2] => (item={'key': '::1', 'value': {'expected': ['localhost6', 'localhost6.localdomain'], 'unexpected': ['localhost', 'localhost.localdomain']}})
ok: [node3] => (item={'key': '127.0.0.1', 'value': {'expected': ['localhost', 'localhost.localdomain']}})
ok: [node3] => (item={'key': '::1', 'value': {'expected': ['localhost6', 'localhost6.localdomain'], 'unexpected': ['localhost', 'localhost.localdomain']}})
수요일 10 9월 2025  10:20:49 +0900 (0:00:00.043)       0:00:31.748 **************** 

TASK [kubernetes/preinstall : Hosts | Update (if necessary) hosts file] ********
changed: [node3] => (item={'key': '127.0.0.1', 'value': ['localhost', 'ubuntu2204.localdomain', 'localhost.localdomain']})
changed: [node1] => (item={'key': '127.0.0.1', 'value': ['localhost', 'ubuntu2204.localdomain', 'localhost.localdomain']})
changed: [node2] => (item={'key': '127.0.0.1', 'value': ['localhost', 'ubuntu2204.localdomain', 'localhost.localdomain']})
changed: [node1] => (item={'key': '::1', 'value': ['ip6-localhost', 'localhost6.localdomain', 'localhost6', 'ip6-loopback']})
changed: [node3] => (item={'key': '::1', 'value': ['ip6-localhost', 'localhost6.localdomain', 'localhost6', 'ip6-loopback']})
changed: [node2] => (item={'key': '::1', 'value': ['ip6-localhost', 'localhost6.localdomain', 'localhost6', 'ip6-loopback']})
수요일 10 9월 2025  10:20:50 +0900 (0:00:00.734)       0:00:32.482 **************** 

TASK [kubernetes/preinstall : Update facts] ************************************
ok: [node3]
ok: [node1]
ok: [node2]
수요일 10 9월 2025  10:20:50 +0900 (0:00:00.730)       0:00:33.212 **************** 

TASK [kubernetes/preinstall : Configure dhclient to supersede search/domain/nameservers] ***
ok: [node1]
ok: [node2]
ok: [node3]
수요일 10 9월 2025  10:20:51 +0900 (0:00:00.387)       0:00:33.600 **************** 

TASK [kubernetes/preinstall : Configure dhclient hooks for resolv.conf (non-RH)] ***
ok: [node3]
ok: [node2]
ok: [node1]
수요일 10 9월 2025  10:20:52 +0900 (0:00:00.804)       0:00:34.405 **************** 
수요일 10 9월 2025  10:20:52 +0900 (0:00:00.039)       0:00:34.445 **************** 
수요일 10 9월 2025  10:20:52 +0900 (0:00:00.027)       0:00:34.472 **************** 
수요일 10 9월 2025  10:20:52 +0900 (0:00:00.025)       0:00:34.497 **************** 
수요일 10 9월 2025  10:20:52 +0900 (0:00:00.002)       0:00:34.500 **************** 
수요일 10 9월 2025  10:20:52 +0900 (0:00:00.002)       0:00:34.503 **************** 
수요일 10 9월 2025  10:20:52 +0900 (0:00:00.002)       0:00:34.506 **************** 

TASK [kubernetes/preinstall : Check if we are running inside a Azure VM] *******
ok: [node1]
ok: [node3]
ok: [node2]
수요일 10 9월 2025  10:20:52 +0900 (0:00:00.307)       0:00:34.813 **************** 

TASK [Run calico checks] *******************************************************
수요일 10 9월 2025  10:20:52 +0900 (0:00:00.151)       0:00:34.965 **************** 

TASK [network_plugin/calico : Stop if legacy encapsulation variables are detected (ipip)] ***
ok: [node1] => {
    "changed": false,
    "msg": "All assertions passed"
}
수요일 10 9월 2025  10:20:52 +0900 (0:00:00.025)       0:00:34.990 **************** 

TASK [network_plugin/calico : Stop if legacy encapsulation variables are detected (ipip_mode)] ***
ok: [node1] => {
    "changed": false,
    "msg": "All assertions passed"
}
수요일 10 9월 2025  10:20:52 +0900 (0:00:00.023)       0:00:35.013 **************** 

TASK [network_plugin/calico : Stop if legacy encapsulation variables are detected (calcio_ipam_autoallocateblocks)] ***
ok: [node1] => {
    "changed": false,
    "msg": "All assertions passed"
}
수요일 10 9월 2025  10:20:52 +0900 (0:00:00.024)       0:00:35.037 **************** 

TASK [network_plugin/calico : Stop if supported Calico versions] ***************
ok: [node1] => {
    "changed": false,
    "msg": "All assertions passed"
}
수요일 10 9월 2025  10:20:52 +0900 (0:00:00.024)       0:00:35.062 **************** 

TASK [network_plugin/calico : Check if calicoctl.sh exists] ********************
ok: [node1]
수요일 10 9월 2025  10:20:53 +0900 (0:00:00.302)       0:00:35.364 **************** 
수요일 10 9월 2025  10:20:53 +0900 (0:00:00.028)       0:00:35.393 **************** 
수요일 10 9월 2025  10:20:53 +0900 (0:00:00.017)       0:00:35.411 **************** 
수요일 10 9월 2025  10:20:53 +0900 (0:00:00.017)       0:00:35.428 **************** 
수요일 10 9월 2025  10:20:53 +0900 (0:00:00.020)       0:00:35.448 **************** 
수요일 10 9월 2025  10:20:53 +0900 (0:00:00.014)       0:00:35.463 **************** 

TASK [network_plugin/calico : Check vars defined correctly] ********************
ok: [node1] => {
    "changed": false,
    "msg": "All assertions passed"
}
수요일 10 9월 2025  10:20:53 +0900 (0:00:00.024)       0:00:35.487 **************** 

TASK [network_plugin/calico : Check calico network backend defined correctly] ***
ok: [node1] => {
    "changed": false,
    "msg": "All assertions passed"
}
수요일 10 9월 2025  10:20:53 +0900 (0:00:00.023)       0:00:35.511 **************** 

TASK [network_plugin/calico : Check ipip and vxlan mode defined correctly] *****
ok: [node1] => {
    "changed": false,
    "msg": "All assertions passed"
}
수요일 10 9월 2025  10:20:53 +0900 (0:00:00.024)       0:00:35.535 **************** 
수요일 10 9월 2025  10:20:53 +0900 (0:00:00.013)       0:00:35.549 **************** 

TASK [network_plugin/calico : Check ipip and vxlan mode if simultaneously enabled] ***
ok: [node1] => {
    "changed": false,
    "msg": "All assertions passed"
}
수요일 10 9월 2025  10:20:53 +0900 (0:00:00.024)       0:00:35.573 **************** 

TASK [network_plugin/calico : Get Calico default-pool configuration] ***********
ok: [node1]
수요일 10 9월 2025  10:20:53 +0900 (0:00:00.303)       0:00:35.877 **************** 
수요일 10 9월 2025  10:20:53 +0900 (0:00:00.036)       0:00:35.913 **************** 
수요일 10 9월 2025  10:20:53 +0900 (0:00:00.024)       0:00:35.938 **************** 
수요일 10 9월 2025  10:20:53 +0900 (0:00:00.020)       0:00:35.958 **************** 
수요일 10 9월 2025  10:20:53 +0900 (0:00:00.019)       0:00:35.978 **************** 
수요일 10 9월 2025  10:20:53 +0900 (0:00:00.019)       0:00:35.997 **************** 
수요일 10 9월 2025  10:20:53 +0900 (0:00:00.014)       0:00:36.011 **************** 
수요일 10 9월 2025  10:20:53 +0900 (0:00:00.103)       0:00:36.114 **************** 
수요일 10 9월 2025  10:20:53 +0900 (0:00:00.036)       0:00:36.151 **************** 

TASK [container-engine/validate-container-engine : Validate-container-engine | check if fedora coreos] ***
ok: [node1]
ok: [node2]
ok: [node3]
수요일 10 9월 2025  10:20:54 +0900 (0:00:00.307)       0:00:36.458 **************** 

TASK [container-engine/validate-container-engine : Validate-container-engine | set is_ostree] ***
ok: [node1]
ok: [node2]
ok: [node3]
수요일 10 9월 2025  10:20:54 +0900 (0:00:00.047)       0:00:36.506 **************** 

TASK [container-engine/validate-container-engine : Ensure kubelet systemd unit exists] ***
ok: [node1]
ok: [node2]
ok: [node3]
수요일 10 9월 2025  10:20:54 +0900 (0:00:00.299)       0:00:36.805 **************** 

TASK [container-engine/validate-container-engine : Populate service facts] *****
ok: [node3]
ok: [node1]
ok: [node2]
수요일 10 9월 2025  10:21:02 +0900 (0:00:08.286)       0:00:45.092 **************** 

TASK [container-engine/validate-container-engine : Check if containerd is installed] ***
ok: [node2]
ok: [node1]
ok: [node3]
수요일 10 9월 2025  10:21:03 +0900 (0:00:00.428)       0:00:45.520 **************** 

TASK [container-engine/validate-container-engine : Check if docker is installed] ***
ok: [node2]
ok: [node1]
ok: [node3]
수요일 10 9월 2025  10:21:03 +0900 (0:00:00.343)       0:00:45.864 **************** 

TASK [container-engine/validate-container-engine : Check if crio is installed] ***
ok: [node1]
ok: [node2]
ok: [node3]
수요일 10 9월 2025  10:21:03 +0900 (0:00:00.341)       0:00:46.205 **************** 
수요일 10 9월 2025  10:21:03 +0900 (0:00:00.035)       0:00:46.241 **************** 
수요일 10 9월 2025  10:21:04 +0900 (0:00:00.027)       0:00:46.268 **************** 
수요일 10 9월 2025  10:21:04 +0900 (0:00:00.073)       0:00:46.341 **************** 
수요일 10 9월 2025  10:21:04 +0900 (0:00:00.024)       0:00:46.365 **************** 
수요일 10 9월 2025  10:21:04 +0900 (0:00:00.042)       0:00:46.408 **************** 
수요일 10 9월 2025  10:21:04 +0900 (0:00:00.025)       0:00:46.433 **************** 
수요일 10 9월 2025  10:21:04 +0900 (0:00:00.023)       0:00:46.457 **************** 
수요일 10 9월 2025  10:21:04 +0900 (0:00:00.026)       0:00:46.484 **************** 
수요일 10 9월 2025  10:21:04 +0900 (0:00:00.024)       0:00:46.508 **************** 
수요일 10 9월 2025  10:21:04 +0900 (0:00:00.024)       0:00:46.533 **************** 
수요일 10 9월 2025  10:21:04 +0900 (0:00:00.030)       0:00:46.564 **************** 
수요일 10 9월 2025  10:21:04 +0900 (0:00:00.031)       0:00:46.595 **************** 
수요일 10 9월 2025  10:21:04 +0900 (0:00:00.025)       0:00:46.620 **************** 
수요일 10 9월 2025  10:21:04 +0900 (0:00:00.026)       0:00:46.647 **************** 
수요일 10 9월 2025  10:21:04 +0900 (0:00:00.025)       0:00:46.672 **************** 
수요일 10 9월 2025  10:21:04 +0900 (0:00:00.030)       0:00:46.702 **************** 
수요일 10 9월 2025  10:21:04 +0900 (0:00:00.025)       0:00:46.727 **************** 
수요일 10 9월 2025  10:21:04 +0900 (0:00:00.038)       0:00:46.766 **************** 
수요일 10 9월 2025  10:21:04 +0900 (0:00:00.024)       0:00:46.791 **************** 
수요일 10 9월 2025  10:21:04 +0900 (0:00:00.023)       0:00:46.815 **************** 
수요일 10 9월 2025  10:21:04 +0900 (0:00:00.027)       0:00:46.842 **************** 
수요일 10 9월 2025  10:21:04 +0900 (0:00:00.024)       0:00:46.867 **************** 
수요일 10 9월 2025  10:21:04 +0900 (0:00:00.047)       0:00:46.914 **************** 
수요일 10 9월 2025  10:21:04 +0900 (0:00:00.025)       0:00:46.940 **************** 
수요일 10 9월 2025  10:21:04 +0900 (0:00:00.024)       0:00:46.964 **************** 
수요일 10 9월 2025  10:21:04 +0900 (0:00:00.025)       0:00:46.989 **************** 
수요일 10 9월 2025  10:21:04 +0900 (0:00:00.024)       0:00:47.014 **************** 
수요일 10 9월 2025  10:21:04 +0900 (0:00:00.031)       0:00:47.046 **************** 
수요일 10 9월 2025  10:21:04 +0900 (0:00:00.024)       0:00:47.071 **************** 
수요일 10 9월 2025  10:21:04 +0900 (0:00:00.025)       0:00:47.096 **************** 
수요일 10 9월 2025  10:21:04 +0900 (0:00:00.029)       0:00:47.125 **************** 
수요일 10 9월 2025  10:21:04 +0900 (0:00:00.025)       0:00:47.150 **************** 
수요일 10 9월 2025  10:21:04 +0900 (0:00:00.025)       0:00:47.176 **************** 
수요일 10 9월 2025  10:21:04 +0900 (0:00:00.036)       0:00:47.212 **************** 
수요일 10 9월 2025  10:21:05 +0900 (0:00:00.069)       0:00:47.281 **************** 
수요일 10 9월 2025  10:21:05 +0900 (0:00:00.025)       0:00:47.307 **************** 
수요일 10 9월 2025  10:21:05 +0900 (0:00:00.024)       0:00:47.331 **************** 
수요일 10 9월 2025  10:21:05 +0900 (0:00:00.026)       0:00:47.358 **************** 
수요일 10 9월 2025  10:21:05 +0900 (0:00:00.031)       0:00:47.389 **************** 
수요일 10 9월 2025  10:21:05 +0900 (0:00:00.031)       0:00:47.420 **************** 
수요일 10 9월 2025  10:21:05 +0900 (0:00:00.025)       0:00:47.446 **************** 
수요일 10 9월 2025  10:21:05 +0900 (0:00:00.024)       0:00:47.470 **************** 
수요일 10 9월 2025  10:21:05 +0900 (0:00:00.024)       0:00:47.495 **************** 
수요일 10 9월 2025  10:21:05 +0900 (0:00:00.026)       0:00:47.521 **************** 
수요일 10 9월 2025  10:21:05 +0900 (0:00:00.031)       0:00:47.553 **************** 
수요일 10 9월 2025  10:21:05 +0900 (0:00:00.026)       0:00:47.579 **************** 
수요일 10 9월 2025  10:21:05 +0900 (0:00:00.027)       0:00:47.607 **************** 
수요일 10 9월 2025  10:21:05 +0900 (0:00:00.024)       0:00:47.632 **************** 
수요일 10 9월 2025  10:21:05 +0900 (0:00:00.026)       0:00:47.659 **************** 
수요일 10 9월 2025  10:21:05 +0900 (0:00:00.024)       0:00:47.684 **************** 
수요일 10 9월 2025  10:21:05 +0900 (0:00:00.025)       0:00:47.709 **************** 
수요일 10 9월 2025  10:21:05 +0900 (0:00:00.025)       0:00:47.734 **************** 
수요일 10 9월 2025  10:21:05 +0900 (0:00:00.024)       0:00:47.759 **************** 
수요일 10 9월 2025  10:21:05 +0900 (0:00:00.029)       0:00:47.789 **************** 
수요일 10 9월 2025  10:21:05 +0900 (0:00:00.024)       0:00:47.813 **************** 
수요일 10 9월 2025  10:21:05 +0900 (0:00:00.029)       0:00:47.843 **************** 
수요일 10 9월 2025  10:21:05 +0900 (0:00:00.027)       0:00:47.871 **************** 
수요일 10 9월 2025  10:21:05 +0900 (0:00:00.037)       0:00:47.909 **************** 
수요일 10 9월 2025  10:21:05 +0900 (0:00:00.025)       0:00:47.935 **************** 
수요일 10 9월 2025  10:21:05 +0900 (0:00:00.024)       0:00:47.959 **************** 
수요일 10 9월 2025  10:21:05 +0900 (0:00:00.023)       0:00:47.983 **************** 
수요일 10 9월 2025  10:21:05 +0900 (0:00:00.025)       0:00:48.009 **************** 
수요일 10 9월 2025  10:21:05 +0900 (0:00:00.026)       0:00:48.036 **************** 
수요일 10 9월 2025  10:21:05 +0900 (0:00:00.026)       0:00:48.062 **************** 
수요일 10 9월 2025  10:21:05 +0900 (0:00:00.030)       0:00:48.093 **************** 
수요일 10 9월 2025  10:21:05 +0900 (0:00:00.024)       0:00:48.117 **************** 
수요일 10 9월 2025  10:21:05 +0900 (0:00:00.023)       0:00:48.141 **************** 
수요일 10 9월 2025  10:21:06 +0900 (0:00:00.356)       0:00:48.497 **************** 
수요일 10 9월 2025  10:21:06 +0900 (0:00:00.024)       0:00:48.521 **************** 
수요일 10 9월 2025  10:21:06 +0900 (0:00:00.031)       0:00:48.553 **************** 
수요일 10 9월 2025  10:21:06 +0900 (0:00:00.024)       0:00:48.578 **************** 
수요일 10 9월 2025  10:21:06 +0900 (0:00:00.032)       0:00:48.610 **************** 
수요일 10 9월 2025  10:21:06 +0900 (0:00:00.026)       0:00:48.636 **************** 
수요일 10 9월 2025  10:21:06 +0900 (0:00:00.032)       0:00:48.669 **************** 
수요일 10 9월 2025  10:21:06 +0900 (0:00:00.035)       0:00:48.705 **************** 
수요일 10 9월 2025  10:21:06 +0900 (0:00:00.027)       0:00:48.732 **************** 
수요일 10 9월 2025  10:21:06 +0900 (0:00:00.024)       0:00:48.757 **************** 
수요일 10 9월 2025  10:21:06 +0900 (0:00:00.024)       0:00:48.781 **************** 
수요일 10 9월 2025  10:21:06 +0900 (0:00:00.023)       0:00:48.804 **************** 
수요일 10 9월 2025  10:21:06 +0900 (0:00:00.032)       0:00:48.837 **************** 
수요일 10 9월 2025  10:21:06 +0900 (0:00:00.024)       0:00:48.861 **************** 
수요일 10 9월 2025  10:21:06 +0900 (0:00:00.025)       0:00:48.886 **************** 
수요일 10 9월 2025  10:21:06 +0900 (0:00:00.024)       0:00:48.911 **************** 
수요일 10 9월 2025  10:21:06 +0900 (0:00:00.025)       0:00:48.936 **************** 
수요일 10 9월 2025  10:21:06 +0900 (0:00:00.024)       0:00:48.961 **************** 
수요일 10 9월 2025  10:21:06 +0900 (0:00:00.023)       0:00:48.984 **************** 
수요일 10 9월 2025  10:21:06 +0900 (0:00:00.025)       0:00:49.010 **************** 
수요일 10 9월 2025  10:21:06 +0900 (0:00:00.024)       0:00:49.034 **************** 
수요일 10 9월 2025  10:21:06 +0900 (0:00:00.024)       0:00:49.059 **************** 
수요일 10 9월 2025  10:21:06 +0900 (0:00:00.023)       0:00:49.083 **************** 
수요일 10 9월 2025  10:21:06 +0900 (0:00:00.023)       0:00:49.107 **************** 
수요일 10 9월 2025  10:21:06 +0900 (0:00:00.025)       0:00:49.132 **************** 
수요일 10 9월 2025  10:21:06 +0900 (0:00:00.027)       0:00:49.160 **************** 
수요일 10 9월 2025  10:21:06 +0900 (0:00:00.024)       0:00:49.184 **************** 
수요일 10 9월 2025  10:21:06 +0900 (0:00:00.025)       0:00:49.210 **************** 
수요일 10 9월 2025  10:21:06 +0900 (0:00:00.024)       0:00:49.234 **************** 
수요일 10 9월 2025  10:21:07 +0900 (0:00:00.025)       0:00:49.260 **************** 
수요일 10 9월 2025  10:21:07 +0900 (0:00:00.024)       0:00:49.284 **************** 
수요일 10 9월 2025  10:21:07 +0900 (0:00:00.024)       0:00:49.308 **************** 
수요일 10 9월 2025  10:21:07 +0900 (0:00:00.062)       0:00:49.371 **************** 
수요일 10 9월 2025  10:21:07 +0900 (0:00:00.024)       0:00:49.395 **************** 
수요일 10 9월 2025  10:21:07 +0900 (0:00:00.023)       0:00:49.419 **************** 
수요일 10 9월 2025  10:21:07 +0900 (0:00:00.025)       0:00:49.444 **************** 
수요일 10 9월 2025  10:21:07 +0900 (0:00:00.023)       0:00:49.468 **************** 
수요일 10 9월 2025  10:21:07 +0900 (0:00:00.028)       0:00:49.497 **************** 
수요일 10 9월 2025  10:21:07 +0900 (0:00:00.025)       0:00:49.522 **************** 
수요일 10 9월 2025  10:21:07 +0900 (0:00:00.023)       0:00:49.546 **************** 
수요일 10 9월 2025  10:21:07 +0900 (0:00:00.022)       0:00:49.568 **************** 
수요일 10 9월 2025  10:21:07 +0900 (0:00:00.025)       0:00:49.594 **************** 
수요일 10 9월 2025  10:21:07 +0900 (0:00:00.025)       0:00:49.619 **************** 
수요일 10 9월 2025  10:21:07 +0900 (0:00:00.029)       0:00:49.649 **************** 
수요일 10 9월 2025  10:21:07 +0900 (0:00:00.024)       0:00:49.674 **************** 
수요일 10 9월 2025  10:21:07 +0900 (0:00:00.023)       0:00:49.698 **************** 
수요일 10 9월 2025  10:21:07 +0900 (0:00:00.031)       0:00:49.729 **************** 

TASK [container-engine/containerd-common : Containerd-common | check if fedora coreos] ***
ok: [node1]
ok: [node2]
ok: [node3]
수요일 10 9월 2025  10:21:07 +0900 (0:00:00.304)       0:00:50.034 **************** 

TASK [container-engine/containerd-common : Containerd-common | set is_ostree] ***
ok: [node1]
ok: [node2]
ok: [node3]
수요일 10 9월 2025  10:21:07 +0900 (0:00:00.046)       0:00:50.081 **************** 
수요일 10 9월 2025  10:21:07 +0900 (0:00:00.045)       0:00:50.126 **************** 

TASK [container-engine/runc : Runc | check if fedora coreos] *******************
ok: [node2]
ok: [node1]
ok: [node3]
수요일 10 9월 2025  10:21:08 +0900 (0:00:00.301)       0:00:50.428 **************** 

TASK [container-engine/runc : Runc | set is_ostree] ****************************
ok: [node1]
ok: [node2]
ok: [node3]
수요일 10 9월 2025  10:21:08 +0900 (0:00:00.048)       0:00:50.476 **************** 

TASK [container-engine/runc : Runc | Uninstall runc package managed by package manager] ***
ok: [node3]
ok: [node1]
ok: [node2]
수요일 10 9월 2025  10:21:09 +0900 (0:00:01.063)       0:00:51.540 **************** 

TASK [container-engine/runc : Runc | Download runc binary] *********************
included: /Users/xiilab/Develop/astrago/astrago-deployment/kubespray/versions/v2.28.1/kubespray/roles/container-engine/runc/tasks/../../../download/tasks/download_file.yml for node1, node2, node3
수요일 10 9월 2025  10:21:09 +0900 (0:00:00.055)       0:00:51.596 **************** 

TASK [container-engine/runc : Prep_download | Set a few facts] *****************
ok: [node1]
ok: [node2]
ok: [node3]
수요일 10 9월 2025  10:21:09 +0900 (0:00:00.161)       0:00:51.757 **************** 
수요일 10 9월 2025  10:21:09 +0900 (0:00:00.029)       0:00:51.786 **************** 

TASK [container-engine/runc : Download_file | Set pathname of cached file] *****
ok: [node1]
ok: [node2]
ok: [node3]
수요일 10 9월 2025  10:21:09 +0900 (0:00:00.279)       0:00:52.066 **************** 

TASK [container-engine/runc : Download_file | Create dest directory on node] ***
changed: [node1]
changed: [node2]
changed: [node3]
수요일 10 9월 2025  10:21:10 +0900 (0:00:00.682)       0:00:52.748 **************** 
수요일 10 9월 2025  10:21:10 +0900 (0:00:00.023)       0:00:52.772 **************** 
수요일 10 9월 2025  10:21:10 +0900 (0:00:00.015)       0:00:52.787 **************** 

TASK [container-engine/runc : Download_file | Download item] *******************
changed: [node3]
changed: [node1]
changed: [node2]
수요일 10 9월 2025  10:21:17 +0900 (0:00:06.507)       0:00:59.294 **************** 
수요일 10 9월 2025  10:21:17 +0900 (0:00:00.038)       0:00:59.332 **************** 
수요일 10 9월 2025  10:21:17 +0900 (0:00:00.027)       0:00:59.360 **************** 
수요일 10 9월 2025  10:21:17 +0900 (0:00:00.028)       0:00:59.388 **************** 

TASK [container-engine/runc : Download_file | Extract file archives] ***********
included: /Users/xiilab/Develop/astrago/astrago-deployment/kubespray/versions/v2.28.1/kubespray/roles/download/tasks/extract_file.yml for node1, node2, node3
수요일 10 9월 2025  10:21:17 +0900 (0:00:00.040)       0:00:59.429 **************** 
수요일 10 9월 2025  10:21:17 +0900 (0:00:00.206)       0:00:59.635 **************** 

TASK [container-engine/runc : Copy runc binary from download dir] **************
ok: [node2]
ok: [node1]
ok: [node3]
수요일 10 9월 2025  10:21:18 +0900 (0:00:00.706)       0:01:00.342 **************** 

TASK [container-engine/runc : Runc | Remove orphaned binary] *******************
ok: [node1]
ok: [node2]
ok: [node3]
수요일 10 9월 2025  10:21:18 +0900 (0:00:00.336)       0:01:00.678 **************** 

TASK [container-engine/crictl : Install crictl] ********************************
included: /Users/xiilab/Develop/astrago/astrago-deployment/kubespray/versions/v2.28.1/kubespray/roles/container-engine/crictl/tasks/crictl.yml for node1, node2, node3
수요일 10 9월 2025  10:21:18 +0900 (0:00:00.086)       0:01:00.765 **************** 

TASK [container-engine/crictl : Crictl | Download crictl] **********************
included: /Users/xiilab/Develop/astrago/astrago-deployment/kubespray/versions/v2.28.1/kubespray/roles/container-engine/crictl/tasks/../../../download/tasks/download_file.yml for node1, node2, node3
수요일 10 9월 2025  10:21:18 +0900 (0:00:00.040)       0:01:00.805 **************** 

TASK [container-engine/crictl : Prep_download | Set a few facts] ***************
ok: [node1]
ok: [node2]
ok: [node3]
수요일 10 9월 2025  10:21:18 +0900 (0:00:00.159)       0:01:00.965 **************** 
수요일 10 9월 2025  10:21:18 +0900 (0:00:00.029)       0:01:00.994 **************** 

TASK [container-engine/crictl : Download_file | Set pathname of cached file] ***
ok: [node1]
ok: [node2]
ok: [node3]
수요일 10 9월 2025  10:21:19 +0900 (0:00:00.280)       0:01:01.275 **************** 

TASK [container-engine/crictl : Download_file | Create dest directory on node] ***
ok: [node1]
ok: [node2]
ok: [node3]
수요일 10 9월 2025  10:21:19 +0900 (0:00:00.678)       0:01:01.954 **************** 
수요일 10 9월 2025  10:21:19 +0900 (0:00:00.022)       0:01:01.976 **************** 
수요일 10 9월 2025  10:21:19 +0900 (0:00:00.018)       0:01:01.995 **************** 

TASK [container-engine/crictl : Download_file | Download item] *****************
changed: [node2]
changed: [node1]
changed: [node3]
수요일 10 9월 2025  10:21:29 +0900 (0:00:09.296)       0:01:11.291 **************** 
수요일 10 9월 2025  10:21:29 +0900 (0:00:00.040)       0:01:11.332 **************** 
수요일 10 9월 2025  10:21:29 +0900 (0:00:00.029)       0:01:11.361 **************** 
수요일 10 9월 2025  10:21:29 +0900 (0:00:00.026)       0:01:11.387 **************** 

TASK [container-engine/crictl : Download_file | Extract file archives] *********
included: /Users/xiilab/Develop/astrago/astrago-deployment/kubespray/versions/v2.28.1/kubespray/roles/download/tasks/extract_file.yml for node1, node2, node3
수요일 10 9월 2025  10:21:29 +0900 (0:00:00.040)       0:01:11.428 **************** 

TASK [container-engine/crictl : Extract_file | Unpacking archive] **************
changed: [node3]
changed: [node1]
changed: [node2]
수요일 10 9월 2025  10:21:32 +0900 (0:00:02.948)       0:01:14.377 **************** 

TASK [container-engine/crictl : Install crictl config] *************************
ok: [node3]
ok: [node1]
ok: [node2]
수요일 10 9월 2025  10:21:32 +0900 (0:00:00.788)       0:01:15.165 **************** 

TASK [container-engine/crictl : Copy crictl binary from download dir] **********
ok: [node1]
ok: [node3]
ok: [node2]
수요일 10 9월 2025  10:21:33 +0900 (0:00:00.654)       0:01:15.820 **************** 

TASK [container-engine/nerdctl : Nerdctl | Download nerdctl] *******************
included: /Users/xiilab/Develop/astrago/astrago-deployment/kubespray/versions/v2.28.1/kubespray/roles/container-engine/nerdctl/tasks/../../../download/tasks/download_file.yml for node1, node2, node3
수요일 10 9월 2025  10:21:33 +0900 (0:00:00.043)       0:01:15.863 **************** 

TASK [container-engine/nerdctl : Prep_download | Set a few facts] **************
ok: [node1]
ok: [node2]
ok: [node3]
수요일 10 9월 2025  10:21:33 +0900 (0:00:00.161)       0:01:16.025 **************** 
수요일 10 9월 2025  10:21:33 +0900 (0:00:00.031)       0:01:16.056 **************** 

TASK [container-engine/nerdctl : Download_file | Set pathname of cached file] ***
ok: [node1]
ok: [node2]
ok: [node3]
수요일 10 9월 2025  10:21:34 +0900 (0:00:00.280)       0:01:16.336 **************** 

TASK [container-engine/nerdctl : Download_file | Create dest directory on node] ***
ok: [node1]
ok: [node2]
ok: [node3]
수요일 10 9월 2025  10:21:34 +0900 (0:00:00.685)       0:01:17.022 **************** 
수요일 10 9월 2025  10:21:34 +0900 (0:00:00.025)       0:01:17.047 **************** 
수요일 10 9월 2025  10:21:34 +0900 (0:00:00.018)       0:01:17.065 **************** 

TASK [container-engine/nerdctl : Download_file | Download item] ****************
changed: [node3]
changed: [node1]
changed: [node2]
수요일 10 9월 2025  10:21:42 +0900 (0:00:07.711)       0:01:24.777 **************** 
수요일 10 9월 2025  10:21:42 +0900 (0:00:00.037)       0:01:24.814 **************** 
수요일 10 9월 2025  10:21:42 +0900 (0:00:00.030)       0:01:24.845 **************** 
수요일 10 9월 2025  10:21:42 +0900 (0:00:00.026)       0:01:24.871 **************** 

TASK [container-engine/nerdctl : Download_file | Extract file archives] ********
included: /Users/xiilab/Develop/astrago/astrago-deployment/kubespray/versions/v2.28.1/kubespray/roles/download/tasks/extract_file.yml for node1, node2, node3
수요일 10 9월 2025  10:21:42 +0900 (0:00:00.039)       0:01:24.911 **************** 

TASK [container-engine/nerdctl : Extract_file | Unpacking archive] *************
changed: [node3]
changed: [node1]
changed: [node2]
수요일 10 9월 2025  10:21:45 +0900 (0:00:02.571)       0:01:27.482 **************** 

TASK [container-engine/nerdctl : Nerdctl | Copy nerdctl binary from download dir] ***
ok: [node1]
ok: [node2]
ok: [node3]
수요일 10 9월 2025  10:21:45 +0900 (0:00:00.558)       0:01:28.040 **************** 

TASK [container-engine/nerdctl : Nerdctl | Create configuration dir] ***********
ok: [node1]
ok: [node2]
ok: [node3]
수요일 10 9월 2025  10:21:46 +0900 (0:00:00.319)       0:01:28.360 **************** 

TASK [container-engine/nerdctl : Nerdctl | Install nerdctl configuration] ******
ok: [node2]
ok: [node1]
ok: [node3]
수요일 10 9월 2025  10:21:46 +0900 (0:00:00.759)       0:01:29.119 **************** 

TASK [container-engine/containerd : Containerd | Download containerd] **********
included: /Users/xiilab/Develop/astrago/astrago-deployment/kubespray/versions/v2.28.1/kubespray/roles/container-engine/containerd/tasks/../../../download/tasks/download_file.yml for node1, node2, node3
수요일 10 9월 2025  10:21:46 +0900 (0:00:00.082)       0:01:29.202 **************** 

TASK [container-engine/containerd : Prep_download | Set a few facts] ***********
ok: [node1]
ok: [node2]
ok: [node3]
수요일 10 9월 2025  10:21:47 +0900 (0:00:00.160)       0:01:29.362 **************** 
수요일 10 9월 2025  10:21:47 +0900 (0:00:00.029)       0:01:29.392 **************** 

TASK [container-engine/containerd : Download_file | Set pathname of cached file] ***
ok: [node1]
ok: [node2]
ok: [node3]
수요일 10 9월 2025  10:21:47 +0900 (0:00:00.281)       0:01:29.673 **************** 

TASK [container-engine/containerd : Download_file | Create dest directory on node] ***
ok: [node1]
ok: [node3]
ok: [node2]
수요일 10 9월 2025  10:21:48 +0900 (0:00:00.664)       0:01:30.338 **************** 
수요일 10 9월 2025  10:21:48 +0900 (0:00:00.012)       0:01:30.350 **************** 
수요일 10 9월 2025  10:21:48 +0900 (0:00:00.013)       0:01:30.364 **************** 

TASK [container-engine/containerd : Download_file | Download item] *************
changed: [node2]
changed: [node1]
changed: [node3]
수요일 10 9월 2025  10:22:05 +0900 (0:00:17.445)       0:01:47.809 **************** 
수요일 10 9월 2025  10:22:05 +0900 (0:00:00.037)       0:01:47.847 **************** 
수요일 10 9월 2025  10:22:05 +0900 (0:00:00.029)       0:01:47.876 **************** 
수요일 10 9월 2025  10:22:05 +0900 (0:00:00.026)       0:01:47.903 **************** 

TASK [container-engine/containerd : Download_file | Extract file archives] *****
included: /Users/xiilab/Develop/astrago/astrago-deployment/kubespray/versions/v2.28.1/kubespray/roles/download/tasks/extract_file.yml for node1, node2, node3
수요일 10 9월 2025  10:22:05 +0900 (0:00:00.038)       0:01:47.942 **************** 
수요일 10 9월 2025  10:22:05 +0900 (0:00:00.159)       0:01:48.101 **************** 

TASK [container-engine/containerd : Containerd | Unpack containerd archive] ****
ok: [node1]
ok: [node2]
ok: [node3]
수요일 10 9월 2025  10:22:08 +0900 (0:00:03.135)       0:01:51.237 **************** 

TASK [container-engine/containerd : Containerd | Generate systemd service for containerd] ***
ok: [node1]
ok: [node2]
ok: [node3]
수요일 10 9월 2025  10:22:09 +0900 (0:00:00.744)       0:01:51.981 **************** 

TASK [container-engine/containerd : Containerd | Ensure containerd directories exist] ***
ok: [node1] => (item=/etc/systemd/system/containerd.service.d)
ok: [node2] => (item=/etc/systemd/system/containerd.service.d)
ok: [node3] => (item=/etc/systemd/system/containerd.service.d)
ok: [node2] => (item=/etc/containerd)
ok: [node1] => (item=/etc/containerd)
ok: [node3] => (item=/etc/containerd)
ok: [node3] => (item=/var/lib/containerd)
ok: [node2] => (item=/var/lib/containerd)
ok: [node1] => (item=/var/lib/containerd)
ok: [node3] => (item=/run/containerd)
ok: [node2] => (item=/run/containerd)
ok: [node1] => (item=/run/containerd)
수요일 10 9월 2025  10:22:10 +0900 (0:00:01.149)       0:01:53.131 **************** 
수요일 10 9월 2025  10:22:10 +0900 (0:00:00.043)       0:01:53.175 **************** 

TASK [container-engine/containerd : Containerd | Generate default base_runtime_spec] ***
ok: [node1]
ok: [node3]
ok: [node2]
수요일 10 9월 2025  10:22:11 +0900 (0:00:00.342)       0:01:53.518 **************** 

TASK [container-engine/containerd : Containerd | Store generated default base_runtime_spec] ***
ok: [node1]
ok: [node2]
ok: [node3]
수요일 10 9월 2025  10:22:11 +0900 (0:00:00.047)       0:01:53.565 **************** 

TASK [container-engine/containerd : Containerd | Write base_runtime_specs] *****
ok: [node1] => (item={'key': 'cri-base.json', 'value': {'ociVersion': '1.2.0', 'process': {'user': {'uid': 0, 'gid': 0}, 'cwd': '/', 'capabilities': {'bounding': ['CAP_CHOWN', 'CAP_DAC_OVERRIDE', 'CAP_FSETID', 'CAP_FOWNER', 'CAP_MKNOD', 'CAP_NET_RAW', 'CAP_SETGID', 'CAP_SETUID', 'CAP_SETFCAP', 'CAP_SETPCAP', 'CAP_NET_BIND_SERVICE', 'CAP_SYS_CHROOT', 'CAP_KILL', 'CAP_AUDIT_WRITE'], 'effective': ['CAP_CHOWN', 'CAP_DAC_OVERRIDE', 'CAP_FSETID', 'CAP_FOWNER', 'CAP_MKNOD', 'CAP_NET_RAW', 'CAP_SETGID', 'CAP_SETUID', 'CAP_SETFCAP', 'CAP_SETPCAP', 'CAP_NET_BIND_SERVICE', 'CAP_SYS_CHROOT', 'CAP_KILL', 'CAP_AUDIT_WRITE'], 'permitted': ['CAP_CHOWN', 'CAP_DAC_OVERRIDE', 'CAP_FSETID', 'CAP_FOWNER', 'CAP_MKNOD', 'CAP_NET_RAW', 'CAP_SETGID', 'CAP_SETUID', 'CAP_SETFCAP', 'CAP_SETPCAP', 'CAP_NET_BIND_SERVICE', 'CAP_SYS_CHROOT', 'CAP_KILL', 'CAP_AUDIT_WRITE']}, 'rlimits': [{'type': 'RLIMIT_NOFILE', 'hard': 65535, 'soft': 65535}], 'noNewPrivileges': True}, 'root': {'path': 'rootfs'}, 'mounts': [{'destination': '/proc', 'type': 'proc', 'source': 'proc', 'options': ['nosuid', 'noexec', 'nodev']}, {'destination': '/dev', 'type': 'tmpfs', 'source': 'tmpfs', 'options': ['nosuid', 'strictatime', 'mode=755', 'size=65536k']}, {'destination': '/dev/pts', 'type': 'devpts', 'source': 'devpts', 'options': ['nosuid', 'noexec', 'newinstance', 'ptmxmode=0666', 'mode=0620', 'gid=5']}, {'destination': '/dev/shm', 'type': 'tmpfs', 'source': 'shm', 'options': ['nosuid', 'noexec', 'nodev', 'mode=1777', 'size=65536k']}, {'destination': '/dev/mqueue', 'type': 'mqueue', 'source': 'mqueue', 'options': ['nosuid', 'noexec', 'nodev']}, {'destination': '/sys', 'type': 'sysfs', 'source': 'sysfs', 'options': ['nosuid', 'noexec', 'nodev', 'ro']}, {'destination': '/run', 'type': 'tmpfs', 'source': 'tmpfs', 'options': ['nosuid', 'strictatime', 'mode=755', 'size=65536k']}], 'linux': {'resources': {'devices': [{'allow': False, 'access': 'rwm'}]}, 'cgroupsPath': '/default', 'namespaces': [{'type': 'pid'}, {'type': 'ipc'}, {'type': 'uts'}, {'type': 'mount'}, {'type': 'network'}], 'maskedPaths': ['/proc/acpi', '/proc/asound', '/proc/kcore', '/proc/keys', '/proc/latency_stats', '/proc/timer_list', '/proc/timer_stats', '/proc/sched_debug', '/sys/firmware', '/sys/devices/virtual/powercap', '/proc/scsi'], 'readonlyPaths': ['/proc/bus', '/proc/fs', '/proc/irq', '/proc/sys', '/proc/sysrq-trigger']}}})
ok: [node3] => (item={'key': 'cri-base.json', 'value': {'ociVersion': '1.2.0', 'process': {'user': {'uid': 0, 'gid': 0}, 'cwd': '/', 'capabilities': {'bounding': ['CAP_CHOWN', 'CAP_DAC_OVERRIDE', 'CAP_FSETID', 'CAP_FOWNER', 'CAP_MKNOD', 'CAP_NET_RAW', 'CAP_SETGID', 'CAP_SETUID', 'CAP_SETFCAP', 'CAP_SETPCAP', 'CAP_NET_BIND_SERVICE', 'CAP_SYS_CHROOT', 'CAP_KILL', 'CAP_AUDIT_WRITE'], 'effective': ['CAP_CHOWN', 'CAP_DAC_OVERRIDE', 'CAP_FSETID', 'CAP_FOWNER', 'CAP_MKNOD', 'CAP_NET_RAW', 'CAP_SETGID', 'CAP_SETUID', 'CAP_SETFCAP', 'CAP_SETPCAP', 'CAP_NET_BIND_SERVICE', 'CAP_SYS_CHROOT', 'CAP_KILL', 'CAP_AUDIT_WRITE'], 'permitted': ['CAP_CHOWN', 'CAP_DAC_OVERRIDE', 'CAP_FSETID', 'CAP_FOWNER', 'CAP_MKNOD', 'CAP_NET_RAW', 'CAP_SETGID', 'CAP_SETUID', 'CAP_SETFCAP', 'CAP_SETPCAP', 'CAP_NET_BIND_SERVICE', 'CAP_SYS_CHROOT', 'CAP_KILL', 'CAP_AUDIT_WRITE']}, 'rlimits': [{'type': 'RLIMIT_NOFILE', 'hard': 65535, 'soft': 65535}], 'noNewPrivileges': True}, 'root': {'path': 'rootfs'}, 'mounts': [{'destination': '/proc', 'type': 'proc', 'source': 'proc', 'options': ['nosuid', 'noexec', 'nodev']}, {'destination': '/dev', 'type': 'tmpfs', 'source': 'tmpfs', 'options': ['nosuid', 'strictatime', 'mode=755', 'size=65536k']}, {'destination': '/dev/pts', 'type': 'devpts', 'source': 'devpts', 'options': ['nosuid', 'noexec', 'newinstance', 'ptmxmode=0666', 'mode=0620', 'gid=5']}, {'destination': '/dev/shm', 'type': 'tmpfs', 'source': 'shm', 'options': ['nosuid', 'noexec', 'nodev', 'mode=1777', 'size=65536k']}, {'destination': '/dev/mqueue', 'type': 'mqueue', 'source': 'mqueue', 'options': ['nosuid', 'noexec', 'nodev']}, {'destination': '/sys', 'type': 'sysfs', 'source': 'sysfs', 'options': ['nosuid', 'noexec', 'nodev', 'ro']}, {'destination': '/run', 'type': 'tmpfs', 'source': 'tmpfs', 'options': ['nosuid', 'strictatime', 'mode=755', 'size=65536k']}], 'linux': {'resources': {'devices': [{'allow': False, 'access': 'rwm'}]}, 'cgroupsPath': '/default', 'namespaces': [{'type': 'pid'}, {'type': 'ipc'}, {'type': 'uts'}, {'type': 'mount'}, {'type': 'network'}], 'maskedPaths': ['/proc/acpi', '/proc/asound', '/proc/kcore', '/proc/keys', '/proc/latency_stats', '/proc/timer_list', '/proc/timer_stats', '/proc/sched_debug', '/sys/firmware', '/sys/devices/virtual/powercap', '/proc/scsi'], 'readonlyPaths': ['/proc/bus', '/proc/fs', '/proc/irq', '/proc/sys', '/proc/sysrq-trigger']}}})
ok: [node2] => (item={'key': 'cri-base.json', 'value': {'ociVersion': '1.2.0', 'process': {'user': {'uid': 0, 'gid': 0}, 'cwd': '/', 'capabilities': {'bounding': ['CAP_CHOWN', 'CAP_DAC_OVERRIDE', 'CAP_FSETID', 'CAP_FOWNER', 'CAP_MKNOD', 'CAP_NET_RAW', 'CAP_SETGID', 'CAP_SETUID', 'CAP_SETFCAP', 'CAP_SETPCAP', 'CAP_NET_BIND_SERVICE', 'CAP_SYS_CHROOT', 'CAP_KILL', 'CAP_AUDIT_WRITE'], 'effective': ['CAP_CHOWN', 'CAP_DAC_OVERRIDE', 'CAP_FSETID', 'CAP_FOWNER', 'CAP_MKNOD', 'CAP_NET_RAW', 'CAP_SETGID', 'CAP_SETUID', 'CAP_SETFCAP', 'CAP_SETPCAP', 'CAP_NET_BIND_SERVICE', 'CAP_SYS_CHROOT', 'CAP_KILL', 'CAP_AUDIT_WRITE'], 'permitted': ['CAP_CHOWN', 'CAP_DAC_OVERRIDE', 'CAP_FSETID', 'CAP_FOWNER', 'CAP_MKNOD', 'CAP_NET_RAW', 'CAP_SETGID', 'CAP_SETUID', 'CAP_SETFCAP', 'CAP_SETPCAP', 'CAP_NET_BIND_SERVICE', 'CAP_SYS_CHROOT', 'CAP_KILL', 'CAP_AUDIT_WRITE']}, 'rlimits': [{'type': 'RLIMIT_NOFILE', 'hard': 65535, 'soft': 65535}], 'noNewPrivileges': True}, 'root': {'path': 'rootfs'}, 'mounts': [{'destination': '/proc', 'type': 'proc', 'source': 'proc', 'options': ['nosuid', 'noexec', 'nodev']}, {'destination': '/dev', 'type': 'tmpfs', 'source': 'tmpfs', 'options': ['nosuid', 'strictatime', 'mode=755', 'size=65536k']}, {'destination': '/dev/pts', 'type': 'devpts', 'source': 'devpts', 'options': ['nosuid', 'noexec', 'newinstance', 'ptmxmode=0666', 'mode=0620', 'gid=5']}, {'destination': '/dev/shm', 'type': 'tmpfs', 'source': 'shm', 'options': ['nosuid', 'noexec', 'nodev', 'mode=1777', 'size=65536k']}, {'destination': '/dev/mqueue', 'type': 'mqueue', 'source': 'mqueue', 'options': ['nosuid', 'noexec', 'nodev']}, {'destination': '/sys', 'type': 'sysfs', 'source': 'sysfs', 'options': ['nosuid', 'noexec', 'nodev', 'ro']}, {'destination': '/run', 'type': 'tmpfs', 'source': 'tmpfs', 'options': ['nosuid', 'strictatime', 'mode=755', 'size=65536k']}], 'linux': {'resources': {'devices': [{'allow': False, 'access': 'rwm'}]}, 'cgroupsPath': '/default', 'namespaces': [{'type': 'pid'}, {'type': 'ipc'}, {'type': 'uts'}, {'type': 'mount'}, {'type': 'network'}], 'maskedPaths': ['/proc/acpi', '/proc/asound', '/proc/kcore', '/proc/keys', '/proc/latency_stats', '/proc/timer_list', '/proc/timer_stats', '/proc/sched_debug', '/sys/firmware', '/sys/devices/virtual/powercap', '/proc/scsi'], 'readonlyPaths': ['/proc/bus', '/proc/fs', '/proc/irq', '/proc/sys', '/proc/sysrq-trigger']}}})
수요일 10 9월 2025  10:22:12 +0900 (0:00:00.750)       0:01:54.316 **************** 

TASK [container-engine/containerd : Containerd | Copy containerd config file] ***
ok: [node2]
ok: [node3]
ok: [node1]
수요일 10 9월 2025  10:22:12 +0900 (0:00:00.740)       0:01:55.057 **************** 

TASK [container-engine/containerd : Containerd | Create registry directories] ***
ok: [node2] => (item={'prefix': 'docker.io', 'mirrors': [{'host': 'https://registry-1.docker.io', 'capabilities': ['pull', 'resolve'], 'skip_verify': False}]})
ok: [node1] => (item={'prefix': 'docker.io', 'mirrors': [{'host': 'https://registry-1.docker.io', 'capabilities': ['pull', 'resolve'], 'skip_verify': False}]})
ok: [node3] => (item={'prefix': 'docker.io', 'mirrors': [{'host': 'https://registry-1.docker.io', 'capabilities': ['pull', 'resolve'], 'skip_verify': False}]})
수요일 10 9월 2025  10:22:13 +0900 (0:00:00.319)       0:01:55.376 **************** 

TASK [container-engine/containerd : Containerd | Write hosts.toml file] ********
ok: [node3] => (item={'prefix': 'docker.io', 'mirrors': [{'host': 'https://registry-1.docker.io', 'capabilities': ['pull', 'resolve'], 'skip_verify': False}]})
ok: [node2] => (item={'prefix': 'docker.io', 'mirrors': [{'host': 'https://registry-1.docker.io', 'capabilities': ['pull', 'resolve'], 'skip_verify': False}]})
ok: [node1] => (item={'prefix': 'docker.io', 'mirrors': [{'host': 'https://registry-1.docker.io', 'capabilities': ['pull', 'resolve'], 'skip_verify': False}]})
수요일 10 9월 2025  10:22:13 +0900 (0:00:00.740)       0:01:56.117 **************** 
수요일 10 9월 2025  10:22:13 +0900 (0:00:00.007)       0:01:56.124 **************** 
수요일 10 9월 2025  10:22:13 +0900 (0:00:00.007)       0:01:56.131 **************** 
수요일 10 9월 2025  10:22:13 +0900 (0:00:00.005)       0:01:56.137 **************** 

TASK [container-engine/containerd : Containerd | Ensure containerd is started and enabled] ***
ok: [node2]
ok: [node3]
ok: [node1]
수요일 10 9월 2025  10:22:14 +0900 (0:00:01.044)       0:01:57.181 **************** 
수요일 10 9월 2025  10:22:14 +0900 (0:00:00.032)       0:01:57.214 **************** 
수요일 10 9월 2025  10:22:14 +0900 (0:00:00.025)       0:01:57.239 **************** 
수요일 10 9월 2025  10:22:15 +0900 (0:00:00.047)       0:01:57.287 **************** 
수요일 10 9월 2025  10:22:15 +0900 (0:00:00.023)       0:01:57.310 **************** 
수요일 10 9월 2025  10:22:15 +0900 (0:00:00.026)       0:01:57.336 **************** 
수요일 10 9월 2025  10:22:15 +0900 (0:00:00.037)       0:01:57.374 **************** 
수요일 10 9월 2025  10:22:15 +0900 (0:00:00.023)       0:01:57.398 **************** 
수요일 10 9월 2025  10:22:15 +0900 (0:00:00.067)       0:01:57.465 **************** 
수요일 10 9월 2025  10:22:15 +0900 (0:00:00.024)       0:01:57.490 **************** 
수요일 10 9월 2025  10:22:15 +0900 (0:00:00.023)       0:01:57.513 **************** 
수요일 10 9월 2025  10:22:15 +0900 (0:00:00.025)       0:01:57.539 **************** 
수요일 10 9월 2025  10:22:15 +0900 (0:00:00.023)       0:01:57.563 **************** 
수요일 10 9월 2025  10:22:15 +0900 (0:00:00.026)       0:01:57.590 **************** 
수요일 10 9월 2025  10:22:15 +0900 (0:00:00.024)       0:01:57.614 **************** 
수요일 10 9월 2025  10:22:15 +0900 (0:00:00.025)       0:01:57.640 **************** 
수요일 10 9월 2025  10:22:15 +0900 (0:00:00.025)       0:01:57.665 **************** 
수요일 10 9월 2025  10:22:15 +0900 (0:00:00.023)       0:01:57.689 **************** 
수요일 10 9월 2025  10:22:15 +0900 (0:00:00.028)       0:01:57.717 **************** 
수요일 10 9월 2025  10:22:15 +0900 (0:00:00.025)       0:01:57.743 **************** 
수요일 10 9월 2025  10:22:15 +0900 (0:00:00.029)       0:01:57.772 **************** 
수요일 10 9월 2025  10:22:15 +0900 (0:00:00.025)       0:01:57.797 **************** 
수요일 10 9월 2025  10:22:15 +0900 (0:00:00.004)       0:01:57.802 **************** 
수요일 10 9월 2025  10:22:15 +0900 (0:00:00.004)       0:01:57.806 **************** 
수요일 10 9월 2025  10:22:15 +0900 (0:00:00.004)       0:01:57.811 **************** 
수요일 10 9월 2025  10:22:15 +0900 (0:00:00.023)       0:01:57.834 **************** 
수요일 10 9월 2025  10:22:15 +0900 (0:00:00.024)       0:01:57.858 **************** 
수요일 10 9월 2025  10:22:15 +0900 (0:00:00.024)       0:01:57.882 **************** 
수요일 10 9월 2025  10:22:15 +0900 (0:00:00.025)       0:01:57.908 **************** 
수요일 10 9월 2025  10:22:15 +0900 (0:00:00.024)       0:01:57.932 **************** 
수요일 10 9월 2025  10:22:15 +0900 (0:00:00.024)       0:01:57.957 **************** 
수요일 10 9월 2025  10:22:15 +0900 (0:00:00.024)       0:01:57.981 **************** 
수요일 10 9월 2025  10:22:15 +0900 (0:00:00.024)       0:01:58.005 **************** 
수요일 10 9월 2025  10:22:15 +0900 (0:00:00.004)       0:01:58.010 **************** 
수요일 10 9월 2025  10:22:15 +0900 (0:00:00.005)       0:01:58.015 **************** 
수요일 10 9월 2025  10:22:15 +0900 (0:00:00.004)       0:01:58.019 **************** 
수요일 10 9월 2025  10:22:15 +0900 (0:00:00.032)       0:01:58.052 **************** 
수요일 10 9월 2025  10:22:15 +0900 (0:00:00.024)       0:01:58.076 **************** 
수요일 10 9월 2025  10:22:15 +0900 (0:00:00.023)       0:01:58.100 **************** 
수요일 10 9월 2025  10:22:15 +0900 (0:00:00.028)       0:01:58.128 **************** 
수요일 10 9월 2025  10:22:15 +0900 (0:00:00.004)       0:01:58.133 **************** 
수요일 10 9월 2025  10:22:15 +0900 (0:00:00.004)       0:01:58.137 **************** 
수요일 10 9월 2025  10:22:15 +0900 (0:00:00.016)       0:01:58.154 **************** 

TASK [download : Prep_download | Set a few facts] ******************************
ok: [node1]
ok: [node2]
ok: [node3]
수요일 10 9월 2025  10:22:15 +0900 (0:00:00.037)       0:01:58.191 **************** 
수요일 10 9월 2025  10:22:15 +0900 (0:00:00.018)       0:01:58.210 **************** 
수요일 10 9월 2025  10:22:15 +0900 (0:00:00.016)       0:01:58.226 **************** 
수요일 10 9월 2025  10:22:15 +0900 (0:00:00.030)       0:01:58.257 **************** 
수요일 10 9월 2025  10:22:16 +0900 (0:00:00.029)       0:01:58.286 **************** 

TASK [download : Prep_download | Register docker images info] ******************
ok: [node3]
ok: [node1]
ok: [node2]
수요일 10 9월 2025  10:22:16 +0900 (0:00:00.379)       0:01:58.666 **************** 

TASK [download : Prep_download | Create staging directory on remote node] ******
changed: [node1]
changed: [node2]
changed: [node3]
수요일 10 9월 2025  10:22:16 +0900 (0:00:00.323)       0:01:58.989 **************** 
수요일 10 9월 2025  10:22:16 +0900 (0:00:00.028)       0:01:59.018 **************** 

TASK [download : Download | Get kubeadm binary and list of required images] ****
included: /Users/xiilab/Develop/astrago/astrago-deployment/kubespray/versions/v2.28.1/kubespray/roles/download/tasks/prep_kubeadm_images.yml for node1, node2, node3
수요일 10 9월 2025  10:22:16 +0900 (0:00:00.131)       0:01:59.149 **************** 

TASK [download : Prep_kubeadm_images | Download kubeadm binary] ****************
included: /Users/xiilab/Develop/astrago/astrago-deployment/kubespray/versions/v2.28.1/kubespray/roles/download/tasks/download_file.yml for node1, node2, node3
수요일 10 9월 2025  10:22:17 +0900 (0:00:00.170)       0:01:59.319 **************** 

TASK [download : Prep_download | Set a few facts] ******************************
ok: [node1]
ok: [node2]
ok: [node3]
수요일 10 9월 2025  10:22:17 +0900 (0:00:00.160)       0:01:59.480 **************** 
수요일 10 9월 2025  10:22:17 +0900 (0:00:00.031)       0:01:59.511 **************** 

TASK [download : Download_file | Set pathname of cached file] ******************
ok: [node1]
ok: [node2]
ok: [node3]
수요일 10 9월 2025  10:22:17 +0900 (0:00:00.277)       0:01:59.789 **************** 

TASK [download : Download_file | Create dest directory on node] ****************
ok: [node1]
ok: [node3]
ok: [node2]
수요일 10 9월 2025  10:22:18 +0900 (0:00:00.680)       0:02:00.469 **************** 
수요일 10 9월 2025  10:22:18 +0900 (0:00:00.020)       0:02:00.490 **************** 
수요일 10 9월 2025  10:22:18 +0900 (0:00:00.020)       0:02:00.510 **************** 

TASK [download : Download_file | Download item] ********************************
changed: [node1]
changed: [node3]
FAILED - RETRYING: [node2]: Download_file | Download item (4 retries left).
changed: [node2]
수요일 10 9월 2025  10:36:53 +0900 (0:14:35.337)       0:16:35.848 **************** 
수요일 10 9월 2025  10:36:53 +0900 (0:00:00.044)       0:16:35.893 **************** 
수요일 10 9월 2025  10:36:53 +0900 (0:00:00.030)       0:16:35.923 **************** 
수요일 10 9월 2025  10:36:53 +0900 (0:00:00.025)       0:16:35.949 **************** 

TASK [download : Download_file | Extract file archives] ************************
included: /Users/xiilab/Develop/astrago/astrago-deployment/kubespray/versions/v2.28.1/kubespray/roles/download/tasks/extract_file.yml for node1, node2, node3
수요일 10 9월 2025  10:36:53 +0900 (0:00:00.039)       0:16:35.988 **************** 
수요일 10 9월 2025  10:36:53 +0900 (0:00:00.157)       0:16:36.145 **************** 

TASK [download : Prep_kubeadm_images | Copy kubeadm binary from download dir to system path] ***
ok: [node1]
ok: [node2]
ok: [node3]
수요일 10 9월 2025  10:36:54 +0900 (0:00:00.904)       0:16:37.049 **************** 

TASK [download : Prep_kubeadm_images | Create kubeadm config] ******************
changed: [node3]
changed: [node1]
changed: [node2]
수요일 10 9월 2025  10:36:55 +0900 (0:00:00.937)       0:16:37.987 **************** 

TASK [download : Prep_kubeadm_images | Generate list of required images] *******
ok: [node1]
수요일 10 9월 2025  10:36:56 +0900 (0:00:00.419)       0:16:38.407 **************** 

TASK [download : Prep_kubeadm_images | Parse list of images] *******************
ok: [node1] => (item=registry.k8s.io/kube-apiserver:v1.32.8)
ok: [node1] => (item=registry.k8s.io/kube-controller-manager:v1.32.8)
ok: [node1] => (item=registry.k8s.io/kube-scheduler:v1.32.8)
ok: [node1] => (item=registry.k8s.io/kube-proxy:v1.32.8)
수요일 10 9월 2025  10:36:56 +0900 (0:00:00.056)       0:16:38.464 **************** 

TASK [download : Prep_kubeadm_images | Convert list of images to dict for later use] ***
ok: [node1]
수요일 10 9월 2025  10:36:56 +0900 (0:00:00.023)       0:16:38.487 **************** 

TASK [download : Download | Download files / images] ***************************
included: /Users/xiilab/Develop/astrago/astrago-deployment/kubespray/versions/v2.28.1/kubespray/roles/download/tasks/download_file.yml for node1, node2, node3 => (item={'key': 'etcd', 'value': {'container': False, 'file': True, 'enabled': True, 'dest': '/tmp/releases/etcd-3.5.22-linux-amd64.tar.gz', 'repo': 'quay.io/coreos/etcd', 'tag': 'v3.5.22', 'checksum': 'sha256:20174ab70a6f3df94da13ecac4610f42c47d25af82426f21c112c2c841ec499a', 'url': 'https://github.com/etcd-io/etcd/releases/download/v3.5.22/etcd-v3.5.22-linux-amd64.tar.gz', 'unarchive': True, 'owner': 'root', 'mode': '0755', 'groups': ['etcd']}})
included: /Users/xiilab/Develop/astrago/astrago-deployment/kubespray/versions/v2.28.1/kubespray/roles/download/tasks/download_file.yml for node1, node2, node3 => (item={'key': 'cni', 'value': {'enabled': True, 'file': True, 'dest': '/tmp/releases/cni-plugins-linux-amd64-1.4.1.tgz', 'checksum': 'sha256:2a0ea7072d1806b8526489bcd3b4847a06ab010ee32ba3c3d4e5a3235d3eb138', 'url': 'https://github.com/containernetworking/plugins/releases/download/v1.4.1/cni-plugins-linux-amd64-v1.4.1.tgz', 'unarchive': False, 'owner': 'root', 'mode': '0755', 'groups': ['k8s_cluster']}})
included: /Users/xiilab/Develop/astrago/astrago-deployment/kubespray/versions/v2.28.1/kubespray/roles/download/tasks/download_file.yml for node1, node2, node3 => (item={'key': 'kubeadm', 'value': {'enabled': True, 'file': True, 'dest': '/tmp/releases/kubeadm-1.32.8-amd64', 'checksum': 'sha256:da4cc996800db14f82fce8813caa55be318e52ef69d82e50e728ef4cfa18b69f', 'url': 'https://dl.k8s.io/release/v1.32.8/bin/linux/amd64/kubeadm', 'unarchive': False, 'owner': 'root', 'mode': '0755', 'groups': ['k8s_cluster']}})
included: /Users/xiilab/Develop/astrago/astrago-deployment/kubespray/versions/v2.28.1/kubespray/roles/download/tasks/download_file.yml for node1, node2, node3 => (item={'key': 'kubelet', 'value': {'enabled': True, 'file': True, 'dest': '/tmp/releases/kubelet-1.32.8-amd64', 'checksum': 'sha256:7dfca4da9cdf592c0f70800e09fb42553765bc0951cade3d6e0c571daf3f23ee', 'url': 'https://dl.k8s.io/release/v1.32.8/bin/linux/amd64/kubelet', 'unarchive': False, 'owner': 'root', 'mode': '0755', 'groups': ['k8s_cluster']}})
included: /Users/xiilab/Develop/astrago/astrago-deployment/kubespray/versions/v2.28.1/kubespray/roles/download/tasks/download_file.yml for node1, node2, node3 => (item={'key': 'kubectl', 'value': {'enabled': True, 'file': True, 'dest': '/tmp/releases/kubectl-1.32.8-amd64', 'checksum': 'sha256:0fc709a8262be523293a18965771fedfba7466eda7ab4337feaa5c028aa46b1b', 'url': 'https://dl.k8s.io/release/v1.32.8/bin/linux/amd64/kubectl', 'unarchive': False, 'owner': 'root', 'mode': '0755', 'groups': ['kube_control_plane']}})
included: /Users/xiilab/Develop/astrago/astrago-deployment/kubespray/versions/v2.28.1/kubespray/roles/download/tasks/download_file.yml for node1, node2, node3 => (item={'key': 'crictl', 'value': {'file': True, 'enabled': True, 'dest': '/tmp/releases/crictl-1.32.0-linux-amd64.tar.gz', 'checksum': 'sha256:f050b71d3a73a91a4e0990b90143ed04dcd100cc66f953736fcb6a2730e283c4', 'url': 'https://github.com/kubernetes-sigs/cri-tools/releases/download/v1.32.0/crictl-v1.32.0-linux-amd64.tar.gz', 'unarchive': True, 'owner': 'root', 'mode': '0755', 'groups': ['k8s_cluster']}})
included: /Users/xiilab/Develop/astrago/astrago-deployment/kubespray/versions/v2.28.1/kubespray/roles/download/tasks/download_file.yml for node1, node2, node3 => (item={'key': 'runc', 'value': {'file': True, 'enabled': True, 'dest': '/tmp/releases/runc-1.2.6.amd64', 'checksum': 'sha256:0774f49d1b1eebb5849e644db5e4dc6f2b06cee05f13b3d17d5d6ba62d6f2ebc', 'url': 'https://github.com/opencontainers/runc/releases/download/v1.2.6/runc.amd64', 'unarchive': False, 'owner': 'root', 'mode': '0755', 'groups': ['k8s_cluster']}})
included: /Users/xiilab/Develop/astrago/astrago-deployment/kubespray/versions/v2.28.1/kubespray/roles/download/tasks/download_file.yml for node1, node2, node3 => (item={'key': 'containerd', 'value': {'enabled': True, 'file': True, 'dest': '/tmp/releases/containerd-2.0.6-linux-amd64.tar.gz', 'checksum': 'sha256:a545471a67b8508a3c58ad01a4e6bb2921ace1e59e00a0a2d2e784c1f4fa8caa', 'url': 'https://github.com/containerd/containerd/releases/download/v2.0.6/containerd-2.0.6-linux-amd64.tar.gz', 'unarchive': False, 'owner': 'root', 'mode': '0755', 'groups': ['k8s_cluster']}})
included: /Users/xiilab/Develop/astrago/astrago-deployment/kubespray/versions/v2.28.1/kubespray/roles/download/tasks/download_file.yml for node1, node2, node3 => (item={'key': 'nerdctl', 'value': {'file': True, 'enabled': True, 'dest': '/tmp/releases/nerdctl-2.0.5-linux-amd64.tar.gz', 'checksum': 'sha256:a029af80fd4b3de096d1a18779e7ff8369fbd1285944ebc50bdd22ad41438b5d', 'url': 'https://github.com/containerd/nerdctl/releases/download/v2.0.5/nerdctl-2.0.5-linux-amd64.tar.gz', 'unarchive': True, 'owner': 'root', 'mode': '0755', 'groups': ['k8s_cluster']}})
included: /Users/xiilab/Develop/astrago/astrago-deployment/kubespray/versions/v2.28.1/kubespray/roles/download/tasks/download_file.yml for node1, node2, node3 => (item={'key': 'calicoctl', 'value': {'enabled': True, 'file': True, 'dest': '/tmp/releases/calicoctl-3.29.5-amd64', 'checksum': 'sha256:0b118c7efa08e84751a6c7f6647d61ecac58793343d949ad75b71a1d55480a9c', 'url': 'https://github.com/projectcalico/calico/releases/download/v3.29.5/calicoctl-linux-amd64', 'unarchive': False, 'owner': 'root', 'mode': '0755', 'groups': ['k8s_cluster']}})
included: /Users/xiilab/Develop/astrago/astrago-deployment/kubespray/versions/v2.28.1/kubespray/roles/download/tasks/download_container.yml for node1, node2, node3 => (item={'key': 'calico_node', 'value': {'enabled': True, 'container': True, 'repo': 'quay.io/calico/node', 'tag': 'v3.29.5', 'checksum': '', 'groups': ['k8s_cluster']}})
included: /Users/xiilab/Develop/astrago/astrago-deployment/kubespray/versions/v2.28.1/kubespray/roles/download/tasks/download_container.yml for node1, node2, node3 => (item={'key': 'calico_cni', 'value': {'enabled': True, 'container': True, 'repo': 'quay.io/calico/cni', 'tag': 'v3.29.5', 'checksum': '', 'groups': ['k8s_cluster']}})
included: /Users/xiilab/Develop/astrago/astrago-deployment/kubespray/versions/v2.28.1/kubespray/roles/download/tasks/download_container.yml for node1, node2, node3 => (item={'key': 'calico_policy', 'value': {'enabled': True, 'container': True, 'repo': 'quay.io/calico/kube-controllers', 'tag': 'v3.29.5', 'checksum': '', 'groups': ['k8s_cluster']}})
included: /Users/xiilab/Develop/astrago/astrago-deployment/kubespray/versions/v2.28.1/kubespray/roles/download/tasks/download_file.yml for node1, node2, node3 => (item={'key': 'calico_crds', 'value': {'file': True, 'enabled': True, 'dest': '/tmp/releases/calico-3.29.5-kdd-crds/3.29.5.tar.gz', 'checksum': 'sha256:f36d0b31aaa34f648b211d16f864f262e4700aad30ab0889b327d31c115b6a42', 'url': 'https://github.com/projectcalico/calico/archive/v3.29.5.tar.gz', 'unarchive': True, 'unarchive_extra_opts': ['--strip=3', '--wildcards', '*/libcalico-go/config/crd/'], 'owner': 'root', 'mode': '0755', 'groups': ['kube_control_plane']}})
included: /Users/xiilab/Develop/astrago/astrago-deployment/kubespray/versions/v2.28.1/kubespray/roles/download/tasks/download_container.yml for node1, node2, node3 => (item={'key': 'pod_infra', 'value': {'enabled': True, 'container': True, 'repo': 'registry.k8s.io/pause', 'tag': '3.10', 'checksum': '', 'groups': ['k8s_cluster']}})
included: /Users/xiilab/Develop/astrago/astrago-deployment/kubespray/versions/v2.28.1/kubespray/roles/download/tasks/download_container.yml for node1, node2, node3 => (item={'key': 'nginx', 'value': {'enabled': True, 'container': True, 'repo': 'docker.io/library/nginx', 'tag': '1.27.4-alpine', 'checksum': '', 'groups': ['kube_node']}})
included: /Users/xiilab/Develop/astrago/astrago-deployment/kubespray/versions/v2.28.1/kubespray/roles/download/tasks/download_container.yml for node1, node2, node3 => (item={'key': 'coredns', 'value': {'enabled': True, 'container': True, 'repo': 'registry.k8s.io/coredns/coredns', 'tag': 'v1.11.3', 'checksum': '', 'groups': ['k8s_cluster']}})
included: /Users/xiilab/Develop/astrago/astrago-deployment/kubespray/versions/v2.28.1/kubespray/roles/download/tasks/download_container.yml for node1, node2, node3 => (item={'key': 'nodelocaldns', 'value': {'enabled': True, 'container': True, 'repo': 'registry.k8s.io/dns/k8s-dns-node-cache', 'tag': '1.25.0', 'checksum': '', 'groups': ['k8s_cluster']}})
included: /Users/xiilab/Develop/astrago/astrago-deployment/kubespray/versions/v2.28.1/kubespray/roles/download/tasks/download_container.yml for node1, node2, node3 => (item={'key': 'dnsautoscaler', 'value': {'enabled': True, 'container': True, 'repo': 'registry.k8s.io/cpa/cluster-proportional-autoscaler', 'tag': 'v1.8.8', 'checksum': '', 'groups': ['kube_control_plane']}})
included: /Users/xiilab/Develop/astrago/astrago-deployment/kubespray/versions/v2.28.1/kubespray/roles/download/tasks/download_container.yml for node1, node2, node3 => (item={'key': 'kubeadm_kube-apiserver', 'value': {'enabled': True, 'container': True, 'repo': 'registry.k8s.io/kube-apiserver', 'tag': 'v1.32.8', 'groups': ['k8s_cluster']}})
included: /Users/xiilab/Develop/astrago/astrago-deployment/kubespray/versions/v2.28.1/kubespray/roles/download/tasks/download_container.yml for node1, node2, node3 => (item={'key': 'kubeadm_kube-controller-manager', 'value': {'enabled': True, 'container': True, 'repo': 'registry.k8s.io/kube-controller-manager', 'tag': 'v1.32.8', 'groups': ['k8s_cluster']}})
included: /Users/xiilab/Develop/astrago/astrago-deployment/kubespray/versions/v2.28.1/kubespray/roles/download/tasks/download_container.yml for node1, node2, node3 => (item={'key': 'kubeadm_kube-scheduler', 'value': {'enabled': True, 'container': True, 'repo': 'registry.k8s.io/kube-scheduler', 'tag': 'v1.32.8', 'groups': ['k8s_cluster']}})
included: /Users/xiilab/Develop/astrago/astrago-deployment/kubespray/versions/v2.28.1/kubespray/roles/download/tasks/download_container.yml for node1, node2, node3 => (item={'key': 'kubeadm_kube-proxy', 'value': {'enabled': True, 'container': True, 'repo': 'registry.k8s.io/kube-proxy', 'tag': 'v1.32.8', 'groups': ['k8s_cluster']}})
수요일 10 9월 2025  10:36:56 +0900 (0:00:00.518)       0:16:39.006 **************** 

TASK [download : Prep_download | Set a few facts] ******************************
ok: [node1]
ok: [node2]
ok: [node3]
수요일 10 9월 2025  10:36:56 +0900 (0:00:00.032)       0:16:39.038 **************** 
수요일 10 9월 2025  10:36:56 +0900 (0:00:00.023)       0:16:39.062 **************** 

TASK [download : Download_file | Set pathname of cached file] ******************
ok: [node1]
ok: [node2]
ok: [node3]
수요일 10 9월 2025  10:36:56 +0900 (0:00:00.031)       0:16:39.093 **************** 

TASK [download : Download_file | Create dest directory on node] ****************
ok: [node1]
ok: [node2]
ok: [node3]
수요일 10 9월 2025  10:36:57 +0900 (0:00:00.358)       0:16:39.451 **************** 
수요일 10 9월 2025  10:36:57 +0900 (0:00:00.022)       0:16:39.474 **************** 
수요일 10 9월 2025  10:36:57 +0900 (0:00:00.018)       0:16:39.492 **************** 

TASK [download : Download_file | Download item] ********************************
changed: [node1]
changed: [node2]
changed: [node3]
수요일 10 9월 2025  10:37:06 +0900 (0:00:08.837)       0:16:48.329 **************** 
수요일 10 9월 2025  10:37:06 +0900 (0:00:00.045)       0:16:48.375 **************** 
수요일 10 9월 2025  10:37:06 +0900 (0:00:00.028)       0:16:48.403 **************** 
수요일 10 9월 2025  10:37:06 +0900 (0:00:00.026)       0:16:48.430 **************** 

TASK [download : Download_file | Extract file archives] ************************
included: /Users/xiilab/Develop/astrago/astrago-deployment/kubespray/versions/v2.28.1/kubespray/roles/download/tasks/extract_file.yml for node1, node2, node3
수요일 10 9월 2025  10:37:06 +0900 (0:00:00.040)       0:16:48.470 **************** 

TASK [download : Extract_file | Unpacking archive] *****************************
changed: [node3]
changed: [node1]
changed: [node2]
수요일 10 9월 2025  10:37:08 +0900 (0:00:02.770)       0:16:51.240 **************** 

TASK [download : Prep_download | Set a few facts] ******************************
ok: [node1]
ok: [node2]
ok: [node3]
수요일 10 9월 2025  10:37:09 +0900 (0:00:00.038)       0:16:51.279 **************** 
수요일 10 9월 2025  10:37:09 +0900 (0:00:00.025)       0:16:51.304 **************** 

TASK [download : Download_file | Set pathname of cached file] ******************
ok: [node1]
ok: [node2]
ok: [node3]
수요일 10 9월 2025  10:37:09 +0900 (0:00:00.032)       0:16:51.337 **************** 

TASK [download : Download_file | Create dest directory on node] ****************
ok: [node1]
ok: [node3]
ok: [node2]
수요일 10 9월 2025  10:37:09 +0900 (0:00:00.324)       0:16:51.662 **************** 
수요일 10 9월 2025  10:37:09 +0900 (0:00:00.025)       0:16:51.687 **************** 
수요일 10 9월 2025  10:37:09 +0900 (0:00:00.021)       0:16:51.709 **************** 

TASK [download : Download_file | Download item] ********************************
changed: [node1]
changed: [node2]
changed: [node3]
수요일 10 9월 2025  10:37:26 +0900 (0:00:17.431)       0:17:09.141 **************** 
수요일 10 9월 2025  10:37:26 +0900 (0:00:00.042)       0:17:09.183 **************** 
수요일 10 9월 2025  10:37:26 +0900 (0:00:00.030)       0:17:09.213 **************** 
수요일 10 9월 2025  10:37:26 +0900 (0:00:00.026)       0:17:09.239 **************** 

TASK [download : Download_file | Extract file archives] ************************
included: /Users/xiilab/Develop/astrago/astrago-deployment/kubespray/versions/v2.28.1/kubespray/roles/download/tasks/extract_file.yml for node1, node2, node3
수요일 10 9월 2025  10:37:27 +0900 (0:00:00.040)       0:17:09.280 **************** 
수요일 10 9월 2025  10:37:27 +0900 (0:00:00.026)       0:17:09.306 **************** 

TASK [download : Prep_download | Set a few facts] ******************************
ok: [node1]
ok: [node2]
ok: [node3]
수요일 10 9월 2025  10:37:27 +0900 (0:00:00.032)       0:17:09.339 **************** 
수요일 10 9월 2025  10:37:27 +0900 (0:00:00.024)       0:17:09.363 **************** 

TASK [download : Download_file | Set pathname of cached file] ******************
ok: [node1]
ok: [node2]
ok: [node3]
수요일 10 9월 2025  10:37:27 +0900 (0:00:00.032)       0:17:09.396 **************** 

TASK [download : Download_file | Create dest directory on node] ****************
ok: [node2]
ok: [node1]
ok: [node3]
수요일 10 9월 2025  10:37:27 +0900 (0:00:00.310)       0:17:09.707 **************** 
수요일 10 9월 2025  10:37:27 +0900 (0:00:00.020)       0:17:09.727 **************** 
수요일 10 9월 2025  10:37:27 +0900 (0:00:00.016)       0:17:09.743 **************** 

TASK [download : Download_file | Download item] ********************************
ok: [node1]
ok: [node3]
ok: [node2]
수요일 10 9월 2025  10:37:28 +0900 (0:00:00.723)       0:17:10.466 **************** 
수요일 10 9월 2025  10:37:28 +0900 (0:00:00.043)       0:17:10.510 **************** 
수요일 10 9월 2025  10:37:28 +0900 (0:00:00.032)       0:17:10.542 **************** 
수요일 10 9월 2025  10:37:28 +0900 (0:00:00.028)       0:17:10.571 **************** 

TASK [download : Download_file | Extract file archives] ************************
included: /Users/xiilab/Develop/astrago/astrago-deployment/kubespray/versions/v2.28.1/kubespray/roles/download/tasks/extract_file.yml for node1, node2, node3
수요일 10 9월 2025  10:37:28 +0900 (0:00:00.042)       0:17:10.614 **************** 
수요일 10 9월 2025  10:37:28 +0900 (0:00:00.027)       0:17:10.641 **************** 

TASK [download : Prep_download | Set a few facts] ******************************
ok: [node1]
ok: [node2]
ok: [node3]
수요일 10 9월 2025  10:37:28 +0900 (0:00:00.031)       0:17:10.672 **************** 
수요일 10 9월 2025  10:37:28 +0900 (0:00:00.026)       0:17:10.699 **************** 

TASK [download : Download_file | Set pathname of cached file] ******************
ok: [node1]
ok: [node2]
ok: [node3]
수요일 10 9월 2025  10:37:28 +0900 (0:00:00.032)       0:17:10.731 **************** 

TASK [download : Download_file | Create dest directory on node] ****************
ok: [node3]
ok: [node1]
ok: [node2]
수요일 10 9월 2025  10:37:28 +0900 (0:00:00.311)       0:17:11.043 **************** 
수요일 10 9월 2025  10:37:28 +0900 (0:00:00.022)       0:17:11.066 **************** 
수요일 10 9월 2025  10:37:28 +0900 (0:00:00.024)       0:17:11.090 **************** 

TASK [download : Download_file | Download item] ********************************
ok: [node2]
ok: [node3]
changed: [node1]
수요일 10 9월 2025  10:42:20 +0900 (0:04:51.423)       0:22:02.513 **************** 
수요일 10 9월 2025  10:42:20 +0900 (0:00:00.038)       0:22:02.552 **************** 
수요일 10 9월 2025  10:42:20 +0900 (0:00:00.030)       0:22:02.583 **************** 
수요일 10 9월 2025  10:42:20 +0900 (0:00:00.026)       0:22:02.609 **************** 

TASK [download : Download_file | Extract file archives] ************************
included: /Users/xiilab/Develop/astrago/astrago-deployment/kubespray/versions/v2.28.1/kubespray/roles/download/tasks/extract_file.yml for node1, node2, node3
수요일 10 9월 2025  10:42:20 +0900 (0:00:00.093)       0:22:02.702 **************** 
수요일 10 9월 2025  10:42:20 +0900 (0:00:00.028)       0:22:02.730 **************** 

TASK [download : Prep_download | Set a few facts] ******************************
ok: [node1]
ok: [node2]
ok: [node3]
수요일 10 9월 2025  10:42:20 +0900 (0:00:00.035)       0:22:02.765 **************** 
수요일 10 9월 2025  10:42:20 +0900 (0:00:00.025)       0:22:02.791 **************** 

TASK [download : Download_file | Set pathname of cached file] ******************
ok: [node1]
ok: [node2]
ok: [node3]
수요일 10 9월 2025  10:42:20 +0900 (0:00:00.033)       0:22:02.824 **************** 

TASK [download : Download_file | Create dest directory on node] ****************
ok: [node2]
ok: [node1]
ok: [node3]
수요일 10 9월 2025  10:42:20 +0900 (0:00:00.314)       0:22:03.138 **************** 
수요일 10 9월 2025  10:42:20 +0900 (0:00:00.017)       0:22:03.156 **************** 
수요일 10 9월 2025  10:42:20 +0900 (0:00:00.016)       0:22:03.172 **************** 
