[WARNING]: While constructing a mapping from
/Users/xiilab/Develop/astrago/astrago-deployment/kubespray/versions/v2.28.1/kub
espray/roles/bootstrap_os/tasks/main.yml, line 29, column 7, found a duplicate
dict key (paths). Using last defined value only.
[WARNING]: Skipping callback plugin 'ara_default', unable to load

PLAY [Check Ansible version] ***************************************************
수요일 10 9월 2025  10:55:16 +0900 (0:00:00.006)       0:00:00.006 **************** 

TASK [Check 2.16.4 <= Ansible version < 2.17.0] ********************************
ok: [node1] => {
    "changed": false,
    "msg": "All assertions passed"
}
수요일 10 9월 2025  10:55:16 +0900 (0:00:00.014)       0:00:00.021 **************** 

TASK [Check that python netaddr is installed] **********************************
ok: [node1] => {
    "changed": false,
    "msg": "All assertions passed"
}
수요일 10 9월 2025  10:55:16 +0900 (0:00:00.033)       0:00:00.054 **************** 

TASK [Check that jinja is not too old (install via pip)] ***********************
ok: [node1] => {
    "changed": false,
    "msg": "All assertions passed"
}

PLAY [Define groups for legacy less structured inventories] ********************
수요일 10 9월 2025  10:55:16 +0900 (0:00:00.012)       0:00:00.067 **************** 

TASK [Match needed groups by their old names or definition] ********************
changed: [node1] => (item={'key': 'kube_control_plane', 'value': ['kube-master']})
ok: [node1] => (item={'key': 'kube_node', 'value': ['kube-node']})
ok: [node1] => (item={'key': 'calico_rr', 'value': ['calico-rr']})
ok: [node1] => (item={'key': 'no_floating', 'value': ['no-floating']})
ok: [node1] => (item={'key': 'k8s_cluster', 'value': ['kube_node', 'kube_control_plane', 'calico_rr']})
changed: [node2] => (item={'key': 'kube_control_plane', 'value': ['kube-master']})
ok: [node2] => (item={'key': 'kube_node', 'value': ['kube-node']})
ok: [node2] => (item={'key': 'calico_rr', 'value': ['calico-rr']})
ok: [node2] => (item={'key': 'no_floating', 'value': ['no-floating']})
ok: [node2] => (item={'key': 'k8s_cluster', 'value': ['kube_node', 'kube_control_plane', 'calico_rr']})
changed: [node3] => (item={'key': 'kube_control_plane', 'value': ['kube-master']})
ok: [node3] => (item={'key': 'kube_node', 'value': ['kube-node']})
ok: [node3] => (item={'key': 'calico_rr', 'value': ['calico-rr']})
ok: [node3] => (item={'key': 'no_floating', 'value': ['no-floating']})
ok: [node3] => (item={'key': 'k8s_cluster', 'value': ['kube_node', 'kube_control_plane', 'calico_rr']})

PLAY [Check inventory settings] ************************************************
수요일 10 9월 2025  10:55:16 +0900 (0:00:00.047)       0:00:00.114 **************** 

TASK [validate_inventory : Stop if some versions have a 'v' left at the start] ***
ok: [node1] => {
    "changed": false,
    "msg": "All assertions passed"
}
ok: [node2] => {
    "changed": false,
    "msg": "All assertions passed"
}
ok: [node3] => {
    "changed": false,
    "msg": "All assertions passed"
}
수요일 10 9월 2025  10:55:16 +0900 (0:00:00.043)       0:00:00.157 **************** 

TASK [validate_inventory : Stop if some derived versions have a 'v' left at the start] ***
ok: [node1] => {
    "changed": false,
    "msg": "All assertions passed"
}
ok: [node2] => {
    "changed": false,
    "msg": "All assertions passed"
}
ok: [node3] => {
    "changed": false,
    "msg": "All assertions passed"
}
수요일 10 9월 2025  10:55:16 +0900 (0:00:00.097)       0:00:00.254 **************** 

TASK [validate_inventory : Stop if kube_control_plane group is empty] **********
ok: [node1] => {
    "changed": false,
    "msg": "All assertions passed"
}
수요일 10 9월 2025  10:55:16 +0900 (0:00:00.019)       0:00:00.274 **************** 

TASK [validate_inventory : Stop if etcd group is empty in external etcd mode] ***
ok: [node1] => {
    "changed": false,
    "msg": "All assertions passed"
}
수요일 10 9월 2025  10:55:16 +0900 (0:00:00.019)       0:00:00.293 **************** 
수요일 10 9월 2025  10:55:16 +0900 (0:00:00.022)       0:00:00.316 **************** 

TASK [validate_inventory : Stop if unsupported version of Kubernetes] **********
ok: [node1] => {
    "changed": false,
    "msg": "All assertions passed"
}
ok: [node2] => {
    "changed": false,
    "msg": "All assertions passed"
}
ok: [node3] => {
    "changed": false,
    "msg": "All assertions passed"
}
수요일 10 9월 2025  10:55:16 +0900 (0:00:00.036)       0:00:00.352 **************** 

TASK [validate_inventory : Stop if known booleans are set as strings (Use JSON format on CLI: -e "{'key': true }")] ***
ok: [node1] => {
    "changed": false,
    "msg": "All assertions passed"
}
수요일 10 9월 2025  10:55:16 +0900 (0:00:00.020)       0:00:00.372 **************** 

TASK [validate_inventory : Stop if even number of etcd hosts] ******************
ok: [node1] => {
    "changed": false,
    "msg": "All assertions passed"
}
수요일 10 9월 2025  10:55:16 +0900 (0:00:00.020)       0:00:00.393 **************** 
수요일 10 9월 2025  10:55:16 +0900 (0:00:00.023)       0:00:00.416 **************** 
수요일 10 9월 2025  10:55:16 +0900 (0:00:00.022)       0:00:00.439 **************** 
수요일 10 9월 2025  10:55:16 +0900 (0:00:00.021)       0:00:00.461 **************** 
수요일 10 9월 2025  10:55:16 +0900 (0:00:00.023)       0:00:00.484 **************** 

TASK [validate_inventory : Check that kube_service_addresses is a network range] ***
ok: [node1] => {
    "changed": false,
    "msg": "All assertions passed"
}
수요일 10 9월 2025  10:55:16 +0900 (0:00:00.036)       0:00:00.520 **************** 
