[WARNING]: While constructing a mapping from
/Users/xiilab/Develop/astrago/astrago-deployment/kubespray/versions/v2.28.1/kub
espray/roles/bootstrap_os/tasks/main.yml, line 29, column 7, found a duplicate
dict key (paths). Using last defined value only.
[WARNING]: Skipping callback plugin 'ara_default', unable to load

PLAY [Check Ansible version] ***************************************************
수요일 10 9월 2025  09:54:06 +0900 (0:00:00.007)       0:00:00.007 **************** 

TASK [Check 2.16.4 <= Ansible version < 2.17.0] ********************************
ok: [node1] => {
    "changed": false,
    "msg": "All assertions passed"
}
수요일 10 9월 2025  09:54:06 +0900 (0:00:00.014)       0:00:00.021 **************** 

TASK [Check that python netaddr is installed] **********************************
ok: [node1] => {
    "changed": false,
    "msg": "All assertions passed"
}
수요일 10 9월 2025  09:54:06 +0900 (0:00:00.033)       0:00:00.054 **************** 

TASK [Check that jinja is not too old (install via pip)] ***********************
ok: [node1] => {
    "changed": false,
    "msg": "All assertions passed"
}

PLAY [Define groups for legacy less structured inventories] ********************
수요일 10 9월 2025  09:54:06 +0900 (0:00:00.011)       0:00:00.066 **************** 

TASK [Match needed groups by their old names or definition] ********************
changed: [node1] => (item={'key': 'kube_control_plane', 'value': ['kube-master']})
ok: [node1] => (item={'key': 'kube_node', 'value': ['kube-node']})
ok: [node1] => (item={'key': 'calico_rr', 'value': ['calico-rr']})
ok: [node1] => (item={'key': 'no_floating', 'value': ['no-floating']})
ok: [node1] => (item={'key': 'k8s_cluster', 'value': ['kube_node', 'kube_control_plane', 'calico_rr']})
changed: [node2] => (item={'key': 'kube_control_plane', 'value': ['kube-master']})
ok: [node2] => (item={'key': 'kube_node', 'value': ['kube-node']})
ok: [node2] => (item={'key': 'calico_rr', 'value': ['calico-rr']})
ok: [node2] => (item={'key': 'no_floating', 'value': ['no-floating']})
ok: [node2] => (item={'key': 'k8s_cluster', 'value': ['kube_node', 'kube_control_plane', 'calico_rr']})
changed: [node3] => (item={'key': 'kube_control_plane', 'value': ['kube-master']})
ok: [node3] => (item={'key': 'kube_node', 'value': ['kube-node']})
ok: [node3] => (item={'key': 'calico_rr', 'value': ['calico-rr']})
ok: [node3] => (item={'key': 'no_floating', 'value': ['no-floating']})
ok: [node3] => (item={'key': 'k8s_cluster', 'value': ['kube_node', 'kube_control_plane', 'calico_rr']})

PLAY [Check inventory settings] ************************************************
수요일 10 9월 2025  09:54:06 +0900 (0:00:00.047)       0:00:00.113 **************** 

TASK [validate_inventory : Stop if some versions have a 'v' left at the start] ***
ok: [node1] => {
    "changed": false,
    "msg": "All assertions passed"
}
ok: [node2] => {
    "changed": false,
    "msg": "All assertions passed"
}
ok: [node3] => {
    "changed": false,
    "msg": "All assertions passed"
}
수요일 10 9월 2025  09:54:06 +0900 (0:00:00.041)       0:00:00.155 **************** 

TASK [validate_inventory : Stop if some derived versions have a 'v' left at the start] ***
ok: [node1] => {
    "changed": false,
    "msg": "All assertions passed"
}
ok: [node2] => {
    "changed": false,
    "msg": "All assertions passed"
}
ok: [node3] => {
    "changed": false,
    "msg": "All assertions passed"
}
수요일 10 9월 2025  09:54:06 +0900 (0:00:00.098)       0:00:00.254 **************** 

TASK [validate_inventory : Stop if kube_control_plane group is empty] **********
ok: [node1] => {
    "changed": false,
    "msg": "All assertions passed"
}
수요일 10 9월 2025  09:54:06 +0900 (0:00:00.019)       0:00:00.273 **************** 

TASK [validate_inventory : Stop if etcd group is empty in external etcd mode] ***
ok: [node1] => {
    "changed": false,
    "msg": "All assertions passed"
}
수요일 10 9월 2025  09:54:06 +0900 (0:00:00.019)       0:00:00.292 **************** 
수요일 10 9월 2025  09:54:06 +0900 (0:00:00.022)       0:00:00.315 **************** 

TASK [validate_inventory : Stop if unsupported version of Kubernetes] **********
ok: [node1] => {
    "changed": false,
    "msg": "All assertions passed"
}
ok: [node2] => {
    "changed": false,
    "msg": "All assertions passed"
}
ok: [node3] => {
    "changed": false,
    "msg": "All assertions passed"
}
수요일 10 9월 2025  09:54:06 +0900 (0:00:00.034)       0:00:00.350 **************** 

TASK [validate_inventory : Stop if known booleans are set as strings (Use JSON format on CLI: -e "{'key': true }")] ***
ok: [node1] => {
    "changed": false,
    "msg": "All assertions passed"
}
수요일 10 9월 2025  09:54:06 +0900 (0:00:00.020)       0:00:00.370 **************** 

TASK [validate_inventory : Stop if even number of etcd hosts] ******************
ok: [node1] => {
    "changed": false,
    "msg": "All assertions passed"
}
수요일 10 9월 2025  09:54:06 +0900 (0:00:00.020)       0:00:00.391 **************** 
수요일 10 9월 2025  09:54:06 +0900 (0:00:00.023)       0:00:00.414 **************** 
수요일 10 9월 2025  09:54:06 +0900 (0:00:00.022)       0:00:00.436 **************** 
수요일 10 9월 2025  09:54:06 +0900 (0:00:00.022)       0:00:00.459 **************** 
수요일 10 9월 2025  09:54:06 +0900 (0:00:00.022)       0:00:00.482 **************** 

TASK [validate_inventory : Check that kube_service_addresses is a network range] ***
ok: [node1] => {
    "changed": false,
    "msg": "All assertions passed"
}
수요일 10 9월 2025  09:54:06 +0900 (0:00:00.037)       0:00:00.520 **************** 

TASK [validate_inventory : Check that kube_pods_subnet is a network range] *****
ok: [node1] => {
    "changed": false,
    "msg": "All assertions passed"
}
수요일 10 9월 2025  09:54:06 +0900 (0:00:00.080)       0:00:00.600 **************** 

TASK [validate_inventory : Check that kube_pods_subnet does not collide with kube_service_addresses] ***
ok: [node1] => {
    "changed": false,
    "msg": "All assertions passed"
}
수요일 10 9월 2025  09:54:07 +0900 (0:00:00.116)       0:00:00.716 **************** 
수요일 10 9월 2025  09:54:07 +0900 (0:00:00.014)       0:00:00.731 **************** 
수요일 10 9월 2025  09:54:07 +0900 (0:00:00.015)       0:00:00.746 **************** 
수요일 10 9월 2025  09:54:07 +0900 (0:00:00.015)       0:00:00.761 **************** 
수요일 10 9월 2025  09:54:07 +0900 (0:00:00.014)       0:00:00.776 **************** 
수요일 10 9월 2025  09:54:07 +0900 (0:00:00.015)       0:00:00.792 **************** 

TASK [validate_inventory : Stop if unsupported options selected] ***************
ok: [node1] => {
    "changed": false,
    "msg": "All assertions passed"
}
수요일 10 9월 2025  09:54:07 +0900 (0:00:00.020)       0:00:00.813 **************** 
수요일 10 9월 2025  09:54:07 +0900 (0:00:00.026)       0:00:00.839 **************** 

TASK [validate_inventory : Stop if etcd_kubeadm_enabled is defined] ************
ok: [node1] => {
    "changed": false,
    "msg": "All assertions passed"
}
수요일 10 9월 2025  09:54:07 +0900 (0:00:00.018)       0:00:00.858 **************** 
수요일 10 9월 2025  09:54:07 +0900 (0:00:00.023)       0:00:00.881 **************** 
수요일 10 9월 2025  09:54:07 +0900 (0:00:00.022)       0:00:00.904 **************** 
수요일 10 9월 2025  09:54:07 +0900 (0:00:00.023)       0:00:00.927 **************** 

TASK [validate_inventory : Ensure minimum containerd version] ******************
ok: [node1] => {
    "changed": false,
    "msg": "All assertions passed"
}
수요일 10 9월 2025  09:54:07 +0900 (0:00:00.021)       0:00:00.949 **************** 
[WARNING]: Could not match supplied host pattern, ignoring: bastion

PLAY [Install bastion ssh config] **********************************************
skipping: no hosts matched

PLAY [Bootstrap hosts for Ansible] *********************************************
수요일 10 9월 2025  09:54:07 +0900 (0:00:00.084)       0:00:01.034 **************** 
[WARNING]: raw module does not support the environment keyword

TASK [bootstrap_os : Fetch /etc/os-release] ************************************
ok: [node3]
ok: [node2]
ok: [node1]
수요일 10 9월 2025  09:54:07 +0900 (0:00:00.159)       0:00:01.193 **************** 
수요일 10 9월 2025  09:54:07 +0900 (0:00:00.046)       0:00:01.239 **************** 

TASK [bootstrap_os : Include tasks] ********************************************
included: /Users/xiilab/Develop/astrago/astrago-deployment/kubespray/versions/v2.28.1/kubespray/roles/bootstrap_os/tasks/ubuntu.yml for node1, node2, node3 => (item=/Users/xiilab/Develop/astrago/astrago-deployment/kubespray/versions/v2.28.1/kubespray/roles/bootstrap_os/tasks/ubuntu.yml)
수요일 10 9월 2025  09:54:07 +0900 (0:00:00.056)       0:00:01.296 **************** 

TASK [bootstrap_os : Check if bootstrap is needed] *****************************
ok: [node1]
ok: [node3]
ok: [node2]
수요일 10 9월 2025  09:54:07 +0900 (0:00:00.130)       0:00:01.427 **************** 

TASK [bootstrap_os : Check http::proxy in apt configuration files] *************
ok: [node2]
ok: [node3]
ok: [node1]
수요일 10 9월 2025  09:54:07 +0900 (0:00:00.194)       0:00:01.621 **************** 
수요일 10 9월 2025  09:54:07 +0900 (0:00:00.034)       0:00:01.655 **************** 

TASK [bootstrap_os : Check https::proxy in apt configuration files] ************
ok: [node1]
ok: [node2]
ok: [node3]
수요일 10 9월 2025  09:54:08 +0900 (0:00:00.167)       0:00:01.823 **************** 
수요일 10 9월 2025  09:54:08 +0900 (0:00:00.029)       0:00:01.852 **************** 
수요일 10 9월 2025  09:54:08 +0900 (0:00:00.023)       0:00:01.876 **************** 
수요일 10 9월 2025  09:54:08 +0900 (0:00:00.038)       0:00:01.915 **************** 
수요일 10 9월 2025  09:54:08 +0900 (0:00:00.024)       0:00:01.939 **************** 
수요일 10 9월 2025  09:54:08 +0900 (0:00:00.024)       0:00:01.964 **************** 
수요일 10 9월 2025  09:54:08 +0900 (0:00:00.023)       0:00:01.987 **************** 

TASK [system_packages : Gather OS information] *********************************
ok: [node1]
ok: [node3]
ok: [node2]
수요일 10 9월 2025  09:54:09 +0900 (0:00:00.932)       0:00:02.920 **************** 
수요일 10 9월 2025  09:54:09 +0900 (0:00:00.034)       0:00:02.954 **************** 
수요일 10 9월 2025  09:54:09 +0900 (0:00:00.065)       0:00:03.020 **************** 
수요일 10 9월 2025  09:54:09 +0900 (0:00:00.023)       0:00:03.044 **************** 

TASK [system_packages : Update package management cache (APT)] *****************
ok: [node2]
ok: [node3]
ok: [node1]
수요일 10 9월 2025  09:54:10 +0900 (0:00:01.172)       0:00:04.216 **************** 
수요일 10 9월 2025  09:54:10 +0900 (0:00:00.043)       0:00:04.260 **************** 
수요일 10 9월 2025  09:54:10 +0900 (0:00:00.032)       0:00:04.292 **************** 

TASK [system_packages : Manage packages] ***************************************
ok: [node3] => (item=remove)
ok: [node2] => (item=remove)
ok: [node1] => (item=remove)
ok: [node3] => (item=install)
ok: [node2] => (item=install)
ok: [node1] => (item=install)
수요일 10 9월 2025  09:54:13 +0900 (0:00:02.698)       0:00:06.990 **************** 

TASK [bootstrap_os : Create remote_tmp for it is used by another module] *******
ok: [node2]
ok: [node1]
ok: [node3]
수요일 10 9월 2025  09:54:13 +0900 (0:00:00.422)       0:00:07.413 **************** 

TASK [bootstrap_os : Gather facts] *********************************************
ok: [node1]
ok: [node2]
ok: [node3]
수요일 10 9월 2025  09:54:14 +0900 (0:00:00.870)       0:00:08.284 **************** 

TASK [bootstrap_os : Assign inventory name to unconfigured hostnames (non-CoreOS, non-Flatcar, Suse and ClearLinux, non-Fedora)] ***
ok: [node3]
ok: [node1]
ok: [node2]
수요일 10 9월 2025  09:54:15 +0900 (0:00:00.987)       0:00:09.271 **************** 

TASK [bootstrap_os : Ensure bash_completion.d folder exists] *******************
ok: [node1]
ok: [node2]
ok: [node3]

PLAY [Gather facts] ************************************************************
수요일 10 9월 2025  09:54:15 +0900 (0:00:00.380)       0:00:09.652 **************** 
수요일 10 9월 2025  09:54:16 +0900 (0:00:00.034)       0:00:09.687 **************** 

TASK [network_facts : Set fallback_ip] *****************************************
ok: [node1]
ok: [node2]
ok: [node3]
수요일 10 9월 2025  09:54:16 +0900 (0:00:00.036)       0:00:09.723 **************** 
수요일 10 9월 2025  09:54:16 +0900 (0:00:00.029)       0:00:09.753 **************** 

TASK [network_facts : Set fallback_ip6] ****************************************
ok: [node1]
ok: [node2]
ok: [node3]
수요일 10 9월 2025  09:54:16 +0900 (0:00:00.034)       0:00:09.787 **************** 

TASK [network_facts : Set main access ip(access_ip based on ipv4_stack/ipv6_stack options).] ***
ok: [node1]
ok: [node2]
ok: [node3]
수요일 10 9월 2025  09:54:16 +0900 (0:00:00.081)       0:00:09.868 **************** 

TASK [network_facts : Set main ip(ip based on ipv4_stack/ipv6_stack options).] ***
ok: [node1]
ok: [node2]
ok: [node3]
수요일 10 9월 2025  09:54:16 +0900 (0:00:00.036)       0:00:09.904 **************** 

TASK [network_facts : Set main access ips(mixed ips for dualstack).] ***********
ok: [node1]
ok: [node2]
ok: [node3]
수요일 10 9월 2025  09:54:16 +0900 (0:00:00.036)       0:00:09.941 **************** 

TASK [network_facts : Set main ips(mixed ips for dualstack).] ******************
ok: [node1]
ok: [node2]
ok: [node3]
수요일 10 9월 2025  09:54:16 +0900 (0:00:00.034)       0:00:09.976 **************** 
수요일 10 9월 2025  09:54:16 +0900 (0:00:00.014)       0:00:09.990 **************** 
수요일 10 9월 2025  09:54:16 +0900 (0:00:00.036)       0:00:10.027 **************** 

TASK [Gather minimal facts] ****************************************************
ok: [node1]
ok: [node3]
ok: [node2]
수요일 10 9월 2025  09:54:17 +0900 (0:00:00.779)       0:00:10.806 **************** 

TASK [Gather necessary facts (network)] ****************************************
ok: [node1]
ok: [node2]
ok: [node3]
수요일 10 9월 2025  09:54:18 +0900 (0:00:00.883)       0:00:11.690 **************** 

TASK [Gather necessary facts (hardware)] ***************************************
ok: [node2]
ok: [node3]
ok: [node1]

PLAY [Prepare for etcd install] ************************************************
수요일 10 9월 2025  09:54:19 +0900 (0:00:01.274)       0:00:12.965 **************** 

TASK [adduser : User | Create User Group] **************************************
ok: [node2]
ok: [node1]
ok: [node3]
수요일 10 9월 2025  09:54:19 +0900 (0:00:00.369)       0:00:13.335 **************** 

TASK [adduser : User | Create User] ********************************************
ok: [node3]
ok: [node2]
ok: [node1]
수요일 10 9월 2025  09:54:20 +0900 (0:00:00.551)       0:00:13.886 **************** 

TASK [kubernetes/preinstall : Check if /etc/fstab exists] **********************
ok: [node3]
ok: [node1]
ok: [node2]
수요일 10 9월 2025  09:54:20 +0900 (0:00:00.417)       0:00:14.304 **************** 

TASK [kubernetes/preinstall : Remove swapfile from /etc/fstab] *****************
ok: [node3] => (item=swap)
ok: [node2] => (item=swap)
ok: [node1] => (item=swap)
ok: [node3] => (item=none)
ok: [node1] => (item=none)
ok: [node2] => (item=none)
수요일 10 9월 2025  09:54:21 +0900 (0:00:00.744)       0:00:15.048 **************** 

TASK [kubernetes/preinstall : Mask swap.target (persist swapoff)] **************
ok: [node3]
ok: [node1]
ok: [node2]
수요일 10 9월 2025  09:54:22 +0900 (0:00:00.721)       0:00:15.770 **************** 

TASK [kubernetes/preinstall : Disable swap] ************************************
changed: [node3]
changed: [node1]
changed: [node2]
수요일 10 9월 2025  09:54:22 +0900 (0:00:00.430)       0:00:16.201 **************** 
수요일 10 9월 2025  09:54:22 +0900 (0:00:00.043)       0:00:16.244 **************** 

TASK [kubernetes/preinstall : Check resolvconf] ********************************
ok: [node1]
ok: [node2]
ok: [node3]
수요일 10 9월 2025  09:54:22 +0900 (0:00:00.326)       0:00:16.571 **************** 

TASK [kubernetes/preinstall : Check existence of /etc/resolvconf/resolv.conf.d] ***
ok: [node1]
ok: [node2]
ok: [node3]
수요일 10 9월 2025  09:54:23 +0900 (0:00:00.330)       0:00:16.901 **************** 

TASK [kubernetes/preinstall : Check status of /etc/resolv.conf] ****************
ok: [node1]
ok: [node3]
ok: [node2]
수요일 10 9월 2025  09:54:23 +0900 (0:00:00.323)       0:00:17.225 **************** 

TASK [kubernetes/preinstall : Fetch resolv.conf] *******************************
ok: [node3]
ok: [node2]
ok: [node1]
수요일 10 9월 2025  09:54:23 +0900 (0:00:00.412)       0:00:17.637 **************** 

TASK [kubernetes/preinstall : NetworkManager | Check if host has NetworkManager] ***
ok: [node1]
ok: [node2]
ok: [node3]
수요일 10 9월 2025  09:54:24 +0900 (0:00:00.355)       0:00:17.993 **************** 

TASK [kubernetes/preinstall : Check systemd-resolved] **************************
ok: [node1]
ok: [node2]
ok: [node3]
수요일 10 9월 2025  09:54:24 +0900 (0:00:00.372)       0:00:18.366 **************** 

TASK [kubernetes/preinstall : Set default dns if remove_default_searchdomains is false] ***
ok: [node1]
ok: [node2]
ok: [node3]
수요일 10 9월 2025  09:54:24 +0900 (0:00:00.054)       0:00:18.420 **************** 

TASK [kubernetes/preinstall : Set dns facts] ***********************************
ok: [node1]
ok: [node2]
ok: [node3]
수요일 10 9월 2025  09:54:24 +0900 (0:00:00.105)       0:00:18.526 **************** 

TASK [kubernetes/preinstall : Check if kubelet is configured] ******************
ok: [node1]
ok: [node2]
ok: [node3]
수요일 10 9월 2025  09:54:25 +0900 (0:00:00.321)       0:00:18.847 **************** 

TASK [kubernetes/preinstall : Check if early DNS configuration stage] **********
ok: [node1]
ok: [node2]
ok: [node3]
수요일 10 9월 2025  09:54:25 +0900 (0:00:00.051)       0:00:18.899 **************** 

TASK [kubernetes/preinstall : Target resolv.conf files] ************************
ok: [node1]
ok: [node2]
ok: [node3]
수요일 10 9월 2025  09:54:25 +0900 (0:00:00.038)       0:00:18.937 **************** 
수요일 10 9월 2025  09:54:25 +0900 (0:00:00.026)       0:00:18.964 **************** 

TASK [kubernetes/preinstall : Check if /etc/dhclient.conf exists] **************
ok: [node1]
ok: [node2]
ok: [node3]
수요일 10 9월 2025  09:54:25 +0900 (0:00:00.318)       0:00:19.282 **************** 
수요일 10 9월 2025  09:54:25 +0900 (0:00:00.041)       0:00:19.324 **************** 

TASK [kubernetes/preinstall : Check if /etc/dhcp/dhclient.conf exists] *********
ok: [node1]
ok: [node2]
ok: [node3]
수요일 10 9월 2025  09:54:25 +0900 (0:00:00.320)       0:00:19.645 **************** 

TASK [kubernetes/preinstall : Target dhclient conf file for /etc/dhcp/dhclient.conf] ***
ok: [node1]
ok: [node2]
ok: [node3]
수요일 10 9월 2025  09:54:26 +0900 (0:00:00.053)       0:00:19.699 **************** 
수요일 10 9월 2025  09:54:26 +0900 (0:00:00.066)       0:00:19.766 **************** 

TASK [kubernetes/preinstall : Target dhclient hook file for Debian family] *****
ok: [node1]
ok: [node2]
ok: [node3]
수요일 10 9월 2025  09:54:26 +0900 (0:00:00.038)       0:00:19.804 **************** 
수요일 10 9월 2025  09:54:26 +0900 (0:00:00.024)       0:00:19.829 **************** 

TASK [kubernetes/preinstall : Check /usr readonly] *****************************
ok: [node1]
ok: [node2]
ok: [node3]
수요일 10 9월 2025  09:54:26 +0900 (0:00:00.322)       0:00:20.151 **************** 
수요일 10 9월 2025  09:54:26 +0900 (0:00:00.040)       0:00:20.192 **************** 
수요일 10 9월 2025  09:54:26 +0900 (0:00:00.017)       0:00:20.209 **************** 

TASK [kubernetes/preinstall : Stop if non systemd OS type] *********************
ok: [node1] => {
    "changed": false,
    "msg": "All assertions passed"
}
ok: [node2] => {
    "changed": false,
    "msg": "All assertions passed"
}
ok: [node3] => {
    "changed": false,
    "msg": "All assertions passed"
}
수요일 10 9월 2025  09:54:26 +0900 (0:00:00.040)       0:00:20.249 **************** 

TASK [kubernetes/preinstall : Stop if the os does not support] *****************
ok: [node1] => {
    "changed": false,
    "msg": "All assertions passed"
}
ok: [node2] => {
    "changed": false,
    "msg": "All assertions passed"
}
ok: [node3] => {
    "changed": false,
    "msg": "All assertions passed"
}
수요일 10 9월 2025  09:54:26 +0900 (0:00:00.038)       0:00:20.287 **************** 

TASK [kubernetes/preinstall : Stop if memory is too small for control plane nodes] ***
ok: [node1] => {
    "changed": false,
    "msg": "All assertions passed"
}
ok: [node2] => {
    "changed": false,
    "msg": "All assertions passed"
}
ok: [node3] => {
    "changed": false,
    "msg": "All assertions passed"
}
수요일 10 9월 2025  09:54:26 +0900 (0:00:00.038)       0:00:20.325 **************** 

TASK [kubernetes/preinstall : Stop if memory is too small for nodes] ***********
ok: [node1] => {
    "changed": false,
    "msg": "All assertions passed"
}
ok: [node2] => {
    "changed": false,
    "msg": "All assertions passed"
}
ok: [node3] => {
    "changed": false,
    "msg": "All assertions passed"
}
수요일 10 9월 2025  09:54:26 +0900 (0:00:00.121)       0:00:20.447 **************** 

TASK [kubernetes/preinstall : Stop if cgroups are not enabled on nodes] ********
ok: [node2]
ok: [node1]
ok: [node3]
수요일 10 9월 2025  09:54:27 +0900 (0:00:00.344)       0:00:20.792 **************** 

TASK [kubernetes/preinstall : Stop if ip var does not match local ips] *********
ok: [node1] => {
    "changed": false,
    "msg": "All assertions passed"
}
ok: [node2] => {
    "changed": false,
    "msg": "All assertions passed"
}
ok: [node3] => {
    "changed": false,
    "msg": "All assertions passed"
}
수요일 10 9월 2025  09:54:27 +0900 (0:00:00.056)       0:00:20.849 **************** 

TASK [kubernetes/preinstall : Stop if access_ip is not pingable] ***************
ok: [node1]
ok: [node3]
ok: [node2]
수요일 10 9월 2025  09:54:27 +0900 (0:00:00.325)       0:00:21.174 **************** 
수요일 10 9월 2025  09:54:27 +0900 (0:00:00.042)       0:00:21.216 **************** 
수요일 10 9월 2025  09:54:27 +0900 (0:00:00.029)       0:00:21.246 **************** 

TASK [kubernetes/preinstall : Stop if bad hostname] ****************************
ok: [node1] => {
    "changed": false,
    "msg": "All assertions passed"
}
ok: [node2] => {
    "changed": false,
    "msg": "All assertions passed"
}
ok: [node3] => {
    "changed": false,
    "msg": "All assertions passed"
}
수요일 10 9월 2025  09:54:27 +0900 (0:00:00.038)       0:00:21.285 **************** 

TASK [kubernetes/preinstall : Stop if /etc/resolv.conf has no configured nameservers] ***
ok: [node1] => {
    "changed": false,
    "msg": "All assertions passed"
}
ok: [node2] => {
    "changed": false,
    "msg": "All assertions passed"
}
ok: [node3] => {
    "changed": false,
    "msg": "All assertions passed"
}
수요일 10 9월 2025  09:54:27 +0900 (0:00:00.059)       0:00:21.345 **************** 
수요일 10 9월 2025  09:54:27 +0900 (0:00:00.026)       0:00:21.371 **************** 

TASK [kubernetes/preinstall : Create kubernetes directories] *******************
ok: [node1] => (item=/etc/kubernetes)
ok: [node2] => (item=/etc/kubernetes)
ok: [node3] => (item=/etc/kubernetes)
ok: [node2] => (item=/etc/kubernetes/manifests)
ok: [node1] => (item=/etc/kubernetes/manifests)
ok: [node3] => (item=/etc/kubernetes/manifests)
ok: [node2] => (item=/usr/local/bin/kubernetes-scripts)
ok: [node1] => (item=/usr/local/bin/kubernetes-scripts)
ok: [node3] => (item=/usr/local/bin/kubernetes-scripts)
ok: [node2] => (item=/usr/libexec/kubernetes/kubelet-plugins/volume/exec)
ok: [node1] => (item=/usr/libexec/kubernetes/kubelet-plugins/volume/exec)
ok: [node3] => (item=/usr/libexec/kubernetes/kubelet-plugins/volume/exec)
수요일 10 9월 2025  09:54:28 +0900 (0:00:01.229)       0:00:22.601 **************** 

TASK [kubernetes/preinstall : Create other directories of root owner] **********
ok: [node1] => (item=/etc/kubernetes/ssl)
ok: [node2] => (item=/etc/kubernetes/ssl)
ok: [node3] => (item=/etc/kubernetes/ssl)
ok: [node1] => (item=/usr/local/bin)
ok: [node3] => (item=/usr/local/bin)
ok: [node2] => (item=/usr/local/bin)
수요일 10 9월 2025  09:54:29 +0900 (0:00:00.633)       0:00:23.235 **************** 

TASK [kubernetes/preinstall : Check if kubernetes kubeadm compat cert dir exists] ***
ok: [node1]
ok: [node2]
ok: [node3]
수요일 10 9월 2025  09:54:29 +0900 (0:00:00.329)       0:00:23.565 **************** 
수요일 10 9월 2025  09:54:29 +0900 (0:00:00.040)       0:00:23.605 **************** 

TASK [kubernetes/preinstall : Create cni directories] **************************
ok: [node1] => (item=/etc/cni/net.d)
ok: [node2] => (item=/etc/cni/net.d)
ok: [node3] => (item=/etc/cni/net.d)
ok: [node1] => (item=/opt/cni/bin)
ok: [node2] => (item=/opt/cni/bin)
ok: [node3] => (item=/opt/cni/bin)
수요일 10 9월 2025  09:54:30 +0900 (0:00:00.612)       0:00:24.218 **************** 

TASK [kubernetes/preinstall : Create calico cni directories] *******************
ok: [node1] => (item=/var/lib/calico)
ok: [node2] => (item=/var/lib/calico)
ok: [node3] => (item=/var/lib/calico)
수요일 10 9월 2025  09:54:30 +0900 (0:00:00.351)       0:00:24.570 **************** 
수요일 10 9월 2025  09:54:30 +0900 (0:00:00.049)       0:00:24.620 **************** 
수요일 10 9월 2025  09:54:30 +0900 (0:00:00.029)       0:00:24.649 **************** 
수요일 10 9월 2025  09:54:31 +0900 (0:00:00.026)       0:00:24.676 **************** 
수요일 10 9월 2025  09:54:31 +0900 (0:00:00.106)       0:00:24.782 **************** 
수요일 10 9월 2025  09:54:31 +0900 (0:00:00.037)       0:00:24.819 **************** 
수요일 10 9월 2025  09:54:31 +0900 (0:00:00.028)       0:00:24.847 **************** 
수요일 10 9월 2025  09:54:31 +0900 (0:00:00.026)       0:00:24.874 **************** 

TASK [kubernetes/preinstall : Create systemd-resolved drop-in directory] *******
ok: [node1]
ok: [node2]
ok: [node3]
수요일 10 9월 2025  09:54:31 +0900 (0:00:00.324)       0:00:25.199 **************** 

TASK [kubernetes/preinstall : Write Kubespray DNS settings to systemd-resolved] ***
ok: [node3]
ok: [node1]
ok: [node2]
수요일 10 9월 2025  09:54:32 +0900 (0:00:00.869)       0:00:26.068 **************** 
수요일 10 9월 2025  09:54:32 +0900 (0:00:00.039)       0:00:26.108 **************** 
수요일 10 9월 2025  09:54:32 +0900 (0:00:00.028)       0:00:26.136 **************** 
수요일 10 9월 2025  09:54:32 +0900 (0:00:00.029)       0:00:26.166 **************** 
수요일 10 9월 2025  09:54:32 +0900 (0:00:00.067)       0:00:26.234 **************** 
수요일 10 9월 2025  09:54:32 +0900 (0:00:00.027)       0:00:26.261 **************** 
수요일 10 9월 2025  09:54:32 +0900 (0:00:00.026)       0:00:26.287 **************** 
수요일 10 9월 2025  09:54:32 +0900 (0:00:00.026)       0:00:26.314 **************** 
수요일 10 9월 2025  09:54:32 +0900 (0:00:00.026)       0:00:26.340 **************** 
수요일 10 9월 2025  09:54:32 +0900 (0:00:00.026)       0:00:26.367 **************** 
수요일 10 9월 2025  09:54:32 +0900 (0:00:00.025)       0:00:26.393 **************** 

TASK [kubernetes/preinstall : Clean previously used sysctl file locations] *****
ok: [node1] => (item=ipv4-ip_forward.conf)
ok: [node2] => (item=ipv4-ip_forward.conf)
ok: [node3] => (item=ipv4-ip_forward.conf)
ok: [node1] => (item=bridge-nf-call.conf)
ok: [node3] => (item=bridge-nf-call.conf)
ok: [node2] => (item=bridge-nf-call.conf)
수요일 10 9월 2025  09:54:33 +0900 (0:00:00.771)       0:00:27.164 **************** 

TASK [kubernetes/preinstall : Stat sysctl file configuration] ******************
ok: [node1]
ok: [node2]
ok: [node3]
수요일 10 9월 2025  09:54:33 +0900 (0:00:00.330)       0:00:27.495 **************** 

TASK [kubernetes/preinstall : Change sysctl file path to link source if linked] ***
ok: [node1]
ok: [node2]
ok: [node3]
수요일 10 9월 2025  09:54:33 +0900 (0:00:00.127)       0:00:27.622 **************** 

TASK [kubernetes/preinstall : Make sure sysctl file path folder exists] ********
ok: [node1]
ok: [node3]
ok: [node2]
수요일 10 9월 2025  09:54:34 +0900 (0:00:00.328)       0:00:27.951 **************** 

TASK [kubernetes/preinstall : Enable ip forwarding] ****************************
ok: [node2]
ok: [node3]
ok: [node1]
수요일 10 9월 2025  09:54:34 +0900 (0:00:00.380)       0:00:28.332 **************** 
수요일 10 9월 2025  09:54:34 +0900 (0:00:00.051)       0:00:28.383 **************** 

TASK [kubernetes/preinstall : Check if we need to set fs.may_detach_mounts] ****
ok: [node1]
ok: [node2]
ok: [node3]
수요일 10 9월 2025  09:54:35 +0900 (0:00:00.313)       0:00:28.697 **************** 
수요일 10 9월 2025  09:54:35 +0900 (0:00:00.047)       0:00:28.744 **************** 

TASK [kubernetes/preinstall : Ensure kubelet expected parameters are set] ******
ok: [node3] => (item={'name': 'kernel.keys.root_maxbytes', 'value': 25000000})
ok: [node1] => (item={'name': 'kernel.keys.root_maxbytes', 'value': 25000000})
ok: [node2] => (item={'name': 'kernel.keys.root_maxbytes', 'value': 25000000})
ok: [node3] => (item={'name': 'kernel.keys.root_maxkeys', 'value': 1000000})
ok: [node2] => (item={'name': 'kernel.keys.root_maxkeys', 'value': 1000000})
ok: [node1] => (item={'name': 'kernel.keys.root_maxkeys', 'value': 1000000})
ok: [node3] => (item={'name': 'kernel.panic', 'value': 10})
ok: [node2] => (item={'name': 'kernel.panic', 'value': 10})
ok: [node1] => (item={'name': 'kernel.panic', 'value': 10})
ok: [node3] => (item={'name': 'kernel.panic_on_oops', 'value': 1})
ok: [node2] => (item={'name': 'kernel.panic_on_oops', 'value': 1})
ok: [node1] => (item={'name': 'kernel.panic_on_oops', 'value': 1})
ok: [node3] => (item={'name': 'vm.overcommit_memory', 'value': 1})
ok: [node2] => (item={'name': 'vm.overcommit_memory', 'value': 1})
ok: [node1] => (item={'name': 'vm.overcommit_memory', 'value': 1})
ok: [node3] => (item={'name': 'vm.panic_on_oom', 'value': 0})
ok: [node2] => (item={'name': 'vm.panic_on_oom', 'value': 0})
ok: [node1] => (item={'name': 'vm.panic_on_oom', 'value': 0})
수요일 10 9월 2025  09:54:36 +0900 (0:00:01.829)       0:00:30.573 **************** 

TASK [kubernetes/preinstall : Check dummy module] ******************************
ok: [node3]
ok: [node2]
ok: [node1]
수요일 10 9월 2025  09:54:37 +0900 (0:00:00.444)       0:00:31.017 **************** 
수요일 10 9월 2025  09:54:37 +0900 (0:00:00.096)       0:00:31.114 **************** 

TASK [kubernetes/preinstall : Disable fapolicyd service] ***********************
ok: [node1]
ok: [node2]
ok: [node3]
수요일 10 9월 2025  09:54:38 +0900 (0:00:00.551)       0:00:31.666 **************** 
수요일 10 9월 2025  09:54:38 +0900 (0:00:00.041)       0:00:31.707 **************** 
수요일 10 9월 2025  09:54:38 +0900 (0:00:00.029)       0:00:31.736 **************** 
수요일 10 9월 2025  09:54:38 +0900 (0:00:00.027)       0:00:31.764 **************** 
수요일 10 9월 2025  09:54:38 +0900 (0:00:00.024)       0:00:31.789 **************** 
수요일 10 9월 2025  09:54:38 +0900 (0:00:00.025)       0:00:31.815 **************** 
수요일 10 9월 2025  09:54:38 +0900 (0:00:00.025)       0:00:31.840 **************** 
수요일 10 9월 2025  09:54:38 +0900 (0:00:00.026)       0:00:31.866 **************** 
수요일 10 9월 2025  09:54:38 +0900 (0:00:00.064)       0:00:31.931 **************** 

TASK [kubernetes/preinstall : Hosts | create hosts list from inventory] ********
ok: [node1 -> localhost]
수요일 10 9월 2025  09:54:38 +0900 (0:00:00.042)       0:00:31.973 **************** 

TASK [kubernetes/preinstall : Hosts | populate inventory into hosts file] ******
ok: [node3]
ok: [node2]
ok: [node1]
수요일 10 9월 2025  09:54:38 +0900 (0:00:00.374)       0:00:32.348 **************** 
수요일 10 9월 2025  09:54:38 +0900 (0:00:00.046)       0:00:32.394 **************** 

TASK [kubernetes/preinstall : Hosts | Retrieve hosts file content] *************
ok: [node1]
ok: [node2]
ok: [node3]
수요일 10 9월 2025  09:54:39 +0900 (0:00:00.310)       0:00:32.705 **************** 

TASK [kubernetes/preinstall : Hosts | Extract existing entries for localhost from hosts file] ***
ok: [node1] => (item=127.0.0.1 localhost)
ok: [node2] => (item=127.0.0.1 localhost)
ok: [node1] => (item=::1 localhost6 ip6-localhost localhost6.localdomain ip6-loopback)
ok: [node3] => (item=127.0.0.1 localhost)
ok: [node2] => (item=::1 localhost6 ip6-localhost localhost6.localdomain ip6-loopback)
ok: [node1] => (item=127.0.0.1 localhost localhost.localdomain ubuntu2204.localdomain)
ok: [node3] => (item=::1 localhost6 ip6-localhost localhost6.localdomain ip6-loopback)
ok: [node2] => (item=127.0.0.1 localhost localhost.localdomain ubuntu2204.localdomain)
ok: [node3] => (item=127.0.0.1 localhost localhost.localdomain ubuntu2204.localdomain)
수요일 10 9월 2025  09:54:39 +0900 (0:00:00.088)       0:00:32.794 **************** 

TASK [kubernetes/preinstall : Hosts | Update target hosts file entries dict with required entries] ***
ok: [node1] => (item={'key': '127.0.0.1', 'value': {'expected': ['localhost', 'localhost.localdomain']}})
ok: [node1] => (item={'key': '::1', 'value': {'expected': ['localhost6', 'localhost6.localdomain'], 'unexpected': ['localhost', 'localhost.localdomain']}})
ok: [node2] => (item={'key': '127.0.0.1', 'value': {'expected': ['localhost', 'localhost.localdomain']}})
ok: [node2] => (item={'key': '::1', 'value': {'expected': ['localhost6', 'localhost6.localdomain'], 'unexpected': ['localhost', 'localhost.localdomain']}})
ok: [node3] => (item={'key': '127.0.0.1', 'value': {'expected': ['localhost', 'localhost.localdomain']}})
ok: [node3] => (item={'key': '::1', 'value': {'expected': ['localhost6', 'localhost6.localdomain'], 'unexpected': ['localhost', 'localhost.localdomain']}})
수요일 10 9월 2025  09:54:39 +0900 (0:00:00.042)       0:00:32.837 **************** 

TASK [kubernetes/preinstall : Hosts | Update (if necessary) hosts file] ********
ok: [node3] => (item={'key': '127.0.0.1', 'value': ['localhost', 'localhost.localdomain', 'ubuntu2204.localdomain']})
ok: [node2] => (item={'key': '127.0.0.1', 'value': ['localhost', 'localhost.localdomain', 'ubuntu2204.localdomain']})
ok: [node1] => (item={'key': '127.0.0.1', 'value': ['localhost', 'localhost.localdomain', 'ubuntu2204.localdomain']})
changed: [node3] => (item={'key': '::1', 'value': ['ip6-loopback', 'localhost6', 'ip6-localhost', 'localhost6.localdomain']})
changed: [node2] => (item={'key': '::1', 'value': ['ip6-loopback', 'localhost6', 'ip6-localhost', 'localhost6.localdomain']})
changed: [node1] => (item={'key': '::1', 'value': ['ip6-loopback', 'localhost6', 'ip6-localhost', 'localhost6.localdomain']})
수요일 10 9월 2025  09:54:39 +0900 (0:00:00.713)       0:00:33.550 **************** 

TASK [kubernetes/preinstall : Update facts] ************************************
ok: [node2]
ok: [node1]
ok: [node3]
수요일 10 9월 2025  09:54:40 +0900 (0:00:00.815)       0:00:34.366 **************** 

TASK [kubernetes/preinstall : Configure dhclient to supersede search/domain/nameservers] ***
ok: [node2]
ok: [node1]
ok: [node3]
수요일 10 9월 2025  09:54:41 +0900 (0:00:00.399)       0:00:34.765 **************** 

TASK [kubernetes/preinstall : Configure dhclient hooks for resolv.conf (non-RH)] ***
ok: [node2]
ok: [node3]
ok: [node1]
수요일 10 9월 2025  09:54:41 +0900 (0:00:00.839)       0:00:35.605 **************** 
수요일 10 9월 2025  09:54:41 +0900 (0:00:00.044)       0:00:35.649 **************** 
수요일 10 9월 2025  09:54:42 +0900 (0:00:00.028)       0:00:35.678 **************** 
수요일 10 9월 2025  09:54:42 +0900 (0:00:00.026)       0:00:35.705 **************** 
수요일 10 9월 2025  09:54:42 +0900 (0:00:00.002)       0:00:35.708 **************** 
수요일 10 9월 2025  09:54:42 +0900 (0:00:00.002)       0:00:35.710 **************** 
수요일 10 9월 2025  09:54:42 +0900 (0:00:00.002)       0:00:35.713 **************** 

TASK [kubernetes/preinstall : Check if we are running inside a Azure VM] *******
ok: [node2]
ok: [node1]
ok: [node3]
수요일 10 9월 2025  09:54:42 +0900 (0:00:00.317)       0:00:36.031 **************** 

TASK [Run calico checks] *******************************************************
수요일 10 9월 2025  09:54:42 +0900 (0:00:00.157)       0:00:36.189 **************** 

TASK [network_plugin/calico : Stop if legacy encapsulation variables are detected (ipip)] ***
ok: [node1] => {
    "changed": false,
    "msg": "All assertions passed"
}
수요일 10 9월 2025  09:54:42 +0900 (0:00:00.025)       0:00:36.214 **************** 

TASK [network_plugin/calico : Stop if legacy encapsulation variables are detected (ipip_mode)] ***
ok: [node1] => {
    "changed": false,
    "msg": "All assertions passed"
}
수요일 10 9월 2025  09:54:42 +0900 (0:00:00.023)       0:00:36.238 **************** 

TASK [network_plugin/calico : Stop if legacy encapsulation variables are detected (calcio_ipam_autoallocateblocks)] ***
ok: [node1] => {
    "changed": false,
    "msg": "All assertions passed"
}
수요일 10 9월 2025  09:54:42 +0900 (0:00:00.023)       0:00:36.262 **************** 

TASK [network_plugin/calico : Stop if supported Calico versions] ***************
ok: [node1] => {
    "changed": false,
    "msg": "All assertions passed"
}
수요일 10 9월 2025  09:54:42 +0900 (0:00:00.026)       0:00:36.288 **************** 

TASK [network_plugin/calico : Check if calicoctl.sh exists] ********************
ok: [node1]
수요일 10 9월 2025  09:54:42 +0900 (0:00:00.299)       0:00:36.588 **************** 
수요일 10 9월 2025  09:54:42 +0900 (0:00:00.031)       0:00:36.619 **************** 
수요일 10 9월 2025  09:54:42 +0900 (0:00:00.019)       0:00:36.639 **************** 
수요일 10 9월 2025  09:54:43 +0900 (0:00:00.018)       0:00:36.657 **************** 
수요일 10 9월 2025  09:54:43 +0900 (0:00:00.020)       0:00:36.677 **************** 
수요일 10 9월 2025  09:54:43 +0900 (0:00:00.015)       0:00:36.693 **************** 

TASK [network_plugin/calico : Check vars defined correctly] ********************
ok: [node1] => {
    "changed": false,
    "msg": "All assertions passed"
}
수요일 10 9월 2025  09:54:43 +0900 (0:00:00.025)       0:00:36.718 **************** 

TASK [network_plugin/calico : Check calico network backend defined correctly] ***
ok: [node1] => {
    "changed": false,
    "msg": "All assertions passed"
}
수요일 10 9월 2025  09:54:43 +0900 (0:00:00.023)       0:00:36.742 **************** 

TASK [network_plugin/calico : Check ipip and vxlan mode defined correctly] *****
ok: [node1] => {
    "changed": false,
    "msg": "All assertions passed"
}
수요일 10 9월 2025  09:54:43 +0900 (0:00:00.025)       0:00:36.767 **************** 
수요일 10 9월 2025  09:54:43 +0900 (0:00:00.014)       0:00:36.781 **************** 

TASK [network_plugin/calico : Check ipip and vxlan mode if simultaneously enabled] ***
ok: [node1] => {
    "changed": false,
    "msg": "All assertions passed"
}
수요일 10 9월 2025  09:54:43 +0900 (0:00:00.024)       0:00:36.806 **************** 

TASK [network_plugin/calico : Get Calico default-pool configuration] ***********
ok: [node1]
수요일 10 9월 2025  09:54:43 +0900 (0:00:00.304)       0:00:37.110 **************** 
수요일 10 9월 2025  09:54:43 +0900 (0:00:00.040)       0:00:37.151 **************** 
수요일 10 9월 2025  09:54:43 +0900 (0:00:00.026)       0:00:37.178 **************** 
수요일 10 9월 2025  09:54:43 +0900 (0:00:00.019)       0:00:37.197 **************** 
수요일 10 9월 2025  09:54:43 +0900 (0:00:00.019)       0:00:37.217 **************** 
수요일 10 9월 2025  09:54:43 +0900 (0:00:00.019)       0:00:37.236 **************** 
수요일 10 9월 2025  09:54:43 +0900 (0:00:00.014)       0:00:37.250 **************** 
수요일 10 9월 2025  09:54:43 +0900 (0:00:00.105)       0:00:37.355 **************** 
수요일 10 9월 2025  09:54:43 +0900 (0:00:00.036)       0:00:37.392 **************** 

TASK [container-engine/validate-container-engine : Validate-container-engine | check if fedora coreos] ***
ok: [node1]
ok: [node3]
ok: [node2]
수요일 10 9월 2025  09:54:44 +0900 (0:00:00.314)       0:00:37.707 **************** 

TASK [container-engine/validate-container-engine : Validate-container-engine | set is_ostree] ***
ok: [node1]
ok: [node2]
ok: [node3]
수요일 10 9월 2025  09:54:44 +0900 (0:00:00.054)       0:00:37.762 **************** 

TASK [container-engine/validate-container-engine : Ensure kubelet systemd unit exists] ***
ok: [node2]
ok: [node1]
ok: [node3]
수요일 10 9월 2025  09:54:44 +0900 (0:00:00.309)       0:00:38.071 **************** 

TASK [container-engine/validate-container-engine : Populate service facts] *****
ok: [node3]
ok: [node1]
ok: [node2]
수요일 10 9월 2025  09:54:52 +0900 (0:00:08.263)       0:00:46.334 **************** 

TASK [container-engine/validate-container-engine : Check if containerd is installed] ***
ok: [node2]
ok: [node3]
ok: [node1]
수요일 10 9월 2025  09:54:53 +0900 (0:00:00.653)       0:00:46.987 **************** 

TASK [container-engine/validate-container-engine : Check if docker is installed] ***
ok: [node1]
ok: [node2]
ok: [node3]
수요일 10 9월 2025  09:54:53 +0900 (0:00:00.345)       0:00:47.333 **************** 

TASK [container-engine/validate-container-engine : Check if crio is installed] ***
ok: [node1]
ok: [node2]
ok: [node3]
수요일 10 9월 2025  09:54:54 +0900 (0:00:00.342)       0:00:47.676 **************** 
수요일 10 9월 2025  09:54:54 +0900 (0:00:00.040)       0:00:47.716 **************** 
수요일 10 9월 2025  09:54:54 +0900 (0:00:00.029)       0:00:47.745 **************** 
수요일 10 9월 2025  09:54:54 +0900 (0:00:00.072)       0:00:47.818 **************** 
수요일 10 9월 2025  09:54:54 +0900 (0:00:00.024)       0:00:47.842 **************** 
수요일 10 9월 2025  09:54:54 +0900 (0:00:00.046)       0:00:47.889 **************** 
수요일 10 9월 2025  09:54:54 +0900 (0:00:00.025)       0:00:47.914 **************** 
수요일 10 9월 2025  09:54:54 +0900 (0:00:00.026)       0:00:47.941 **************** 
수요일 10 9월 2025  09:54:54 +0900 (0:00:00.025)       0:00:47.966 **************** 
수요일 10 9월 2025  09:54:54 +0900 (0:00:00.024)       0:00:47.990 **************** 
수요일 10 9월 2025  09:54:54 +0900 (0:00:00.026)       0:00:48.017 **************** 
수요일 10 9월 2025  09:54:54 +0900 (0:00:00.031)       0:00:48.049 **************** 
수요일 10 9월 2025  09:54:54 +0900 (0:00:00.031)       0:00:48.080 **************** 
수요일 10 9월 2025  09:54:54 +0900 (0:00:00.025)       0:00:48.106 **************** 
수요일 10 9월 2025  09:54:54 +0900 (0:00:00.025)       0:00:48.132 **************** 
수요일 10 9월 2025  09:54:54 +0900 (0:00:00.025)       0:00:48.157 **************** 
수요일 10 9월 2025  09:54:54 +0900 (0:00:00.032)       0:00:48.189 **************** 
수요일 10 9월 2025  09:54:54 +0900 (0:00:00.024)       0:00:48.214 **************** 
수요일 10 9월 2025  09:54:54 +0900 (0:00:00.041)       0:00:48.255 **************** 
수요일 10 9월 2025  09:54:54 +0900 (0:00:00.025)       0:00:48.281 **************** 
수요일 10 9월 2025  09:54:54 +0900 (0:00:00.025)       0:00:48.306 **************** 
수요일 10 9월 2025  09:54:54 +0900 (0:00:00.024)       0:00:48.331 **************** 
수요일 10 9월 2025  09:54:54 +0900 (0:00:00.027)       0:00:48.359 **************** 
수요일 10 9월 2025  09:54:54 +0900 (0:00:00.045)       0:00:48.405 **************** 
수요일 10 9월 2025  09:54:54 +0900 (0:00:00.027)       0:00:48.432 **************** 
수요일 10 9월 2025  09:54:54 +0900 (0:00:00.024)       0:00:48.457 **************** 
수요일 10 9월 2025  09:54:54 +0900 (0:00:00.026)       0:00:48.483 **************** 
수요일 10 9월 2025  09:54:54 +0900 (0:00:00.026)       0:00:48.509 **************** 
수요일 10 9월 2025  09:54:54 +0900 (0:00:00.030)       0:00:48.540 **************** 
수요일 10 9월 2025  09:54:54 +0900 (0:00:00.027)       0:00:48.567 **************** 
수요일 10 9월 2025  09:54:54 +0900 (0:00:00.026)       0:00:48.594 **************** 
수요일 10 9월 2025  09:54:54 +0900 (0:00:00.027)       0:00:48.621 **************** 
수요일 10 9월 2025  09:54:54 +0900 (0:00:00.027)       0:00:48.649 **************** 
수요일 10 9월 2025  09:54:55 +0900 (0:00:00.025)       0:00:48.675 **************** 
수요일 10 9월 2025  09:54:55 +0900 (0:00:00.040)       0:00:48.715 **************** 
수요일 10 9월 2025  09:54:55 +0900 (0:00:00.072)       0:00:48.787 **************** 
수요일 10 9월 2025  09:54:55 +0900 (0:00:00.025)       0:00:48.813 **************** 
수요일 10 9월 2025  09:54:55 +0900 (0:00:00.026)       0:00:48.839 **************** 
수요일 10 9월 2025  09:54:55 +0900 (0:00:00.025)       0:00:48.865 **************** 
수요일 10 9월 2025  09:54:55 +0900 (0:00:00.032)       0:00:48.898 **************** 
수요일 10 9월 2025  09:54:55 +0900 (0:00:00.032)       0:00:48.930 **************** 
수요일 10 9월 2025  09:54:55 +0900 (0:00:00.025)       0:00:48.956 **************** 
수요일 10 9월 2025  09:54:55 +0900 (0:00:00.025)       0:00:48.981 **************** 
수요일 10 9월 2025  09:54:55 +0900 (0:00:00.027)       0:00:49.008 **************** 
수요일 10 9월 2025  09:54:55 +0900 (0:00:00.026)       0:00:49.035 **************** 
수요일 10 9월 2025  09:54:55 +0900 (0:00:00.032)       0:00:49.067 **************** 
수요일 10 9월 2025  09:54:55 +0900 (0:00:00.025)       0:00:49.093 **************** 
수요일 10 9월 2025  09:54:55 +0900 (0:00:00.026)       0:00:49.120 **************** 
수요일 10 9월 2025  09:54:55 +0900 (0:00:00.026)       0:00:49.146 **************** 
수요일 10 9월 2025  09:54:55 +0900 (0:00:00.026)       0:00:49.172 **************** 
수요일 10 9월 2025  09:54:55 +0900 (0:00:00.027)       0:00:49.200 **************** 
수요일 10 9월 2025  09:54:55 +0900 (0:00:00.024)       0:00:49.225 **************** 
수요일 10 9월 2025  09:54:55 +0900 (0:00:00.024)       0:00:49.249 **************** 
수요일 10 9월 2025  09:54:55 +0900 (0:00:00.026)       0:00:49.276 **************** 
수요일 10 9월 2025  09:54:55 +0900 (0:00:00.028)       0:00:49.304 **************** 
수요일 10 9월 2025  09:54:55 +0900 (0:00:00.025)       0:00:49.330 **************** 
수요일 10 9월 2025  09:54:55 +0900 (0:00:00.030)       0:00:49.360 **************** 
수요일 10 9월 2025  09:54:55 +0900 (0:00:00.025)       0:00:49.386 **************** 
수요일 10 9월 2025  09:54:55 +0900 (0:00:00.038)       0:00:49.425 **************** 
수요일 10 9월 2025  09:54:55 +0900 (0:00:00.026)       0:00:49.452 **************** 
수요일 10 9월 2025  09:54:55 +0900 (0:00:00.024)       0:00:49.476 **************** 
수요일 10 9월 2025  09:54:55 +0900 (0:00:00.023)       0:00:49.500 **************** 
수요일 10 9월 2025  09:54:55 +0900 (0:00:00.027)       0:00:49.528 **************** 
수요일 10 9월 2025  09:54:55 +0900 (0:00:00.024)       0:00:49.553 **************** 
수요일 10 9월 2025  09:54:55 +0900 (0:00:00.027)       0:00:49.580 **************** 
수요일 10 9월 2025  09:54:55 +0900 (0:00:00.030)       0:00:49.611 **************** 
수요일 10 9월 2025  09:54:55 +0900 (0:00:00.025)       0:00:49.636 **************** 
수요일 10 9월 2025  09:54:56 +0900 (0:00:00.024)       0:00:49.660 **************** 
수요일 10 9월 2025  09:54:56 +0900 (0:00:00.378)       0:00:50.039 **************** 
수요일 10 9월 2025  09:54:56 +0900 (0:00:00.025)       0:00:50.064 **************** 
수요일 10 9월 2025  09:54:56 +0900 (0:00:00.030)       0:00:50.095 **************** 
수요일 10 9월 2025  09:54:56 +0900 (0:00:00.024)       0:00:50.119 **************** 
수요일 10 9월 2025  09:54:56 +0900 (0:00:00.031)       0:00:50.151 **************** 
수요일 10 9월 2025  09:54:56 +0900 (0:00:00.025)       0:00:50.176 **************** 
수요일 10 9월 2025  09:54:56 +0900 (0:00:00.030)       0:00:50.207 **************** 
수요일 10 9월 2025  09:54:56 +0900 (0:00:00.031)       0:00:50.238 **************** 
수요일 10 9월 2025  09:54:56 +0900 (0:00:00.026)       0:00:50.265 **************** 
수요일 10 9월 2025  09:54:56 +0900 (0:00:00.024)       0:00:50.289 **************** 
수요일 10 9월 2025  09:54:56 +0900 (0:00:00.024)       0:00:50.314 **************** 
수요일 10 9월 2025  09:54:56 +0900 (0:00:00.026)       0:00:50.340 **************** 
수요일 10 9월 2025  09:54:56 +0900 (0:00:00.031)       0:00:50.372 **************** 
수요일 10 9월 2025  09:54:56 +0900 (0:00:00.025)       0:00:50.398 **************** 
수요일 10 9월 2025  09:54:56 +0900 (0:00:00.024)       0:00:50.422 **************** 
수요일 10 9월 2025  09:54:56 +0900 (0:00:00.026)       0:00:50.449 **************** 
수요일 10 9월 2025  09:54:56 +0900 (0:00:00.025)       0:00:50.474 **************** 
수요일 10 9월 2025  09:54:56 +0900 (0:00:00.024)       0:00:50.499 **************** 
수요일 10 9월 2025  09:54:56 +0900 (0:00:00.026)       0:00:50.525 **************** 
수요일 10 9월 2025  09:54:56 +0900 (0:00:00.024)       0:00:50.549 **************** 
수요일 10 9월 2025  09:54:56 +0900 (0:00:00.026)       0:00:50.576 **************** 
수요일 10 9월 2025  09:54:56 +0900 (0:00:00.025)       0:00:50.601 **************** 
수요일 10 9월 2025  09:54:56 +0900 (0:00:00.024)       0:00:50.625 **************** 
수요일 10 9월 2025  09:54:56 +0900 (0:00:00.026)       0:00:50.651 **************** 
수요일 10 9월 2025  09:54:57 +0900 (0:00:00.025)       0:00:50.676 **************** 
수요일 10 9월 2025  09:54:57 +0900 (0:00:00.028)       0:00:50.705 **************** 
수요일 10 9월 2025  09:54:57 +0900 (0:00:00.026)       0:00:50.731 **************** 
수요일 10 9월 2025  09:54:57 +0900 (0:00:00.024)       0:00:50.756 **************** 
수요일 10 9월 2025  09:54:57 +0900 (0:00:00.025)       0:00:50.782 **************** 
수요일 10 9월 2025  09:54:57 +0900 (0:00:00.025)       0:00:50.807 **************** 
수요일 10 9월 2025  09:54:57 +0900 (0:00:00.024)       0:00:50.832 **************** 
수요일 10 9월 2025  09:54:57 +0900 (0:00:00.026)       0:00:50.858 **************** 
수요일 10 9월 2025  09:54:57 +0900 (0:00:00.024)       0:00:50.883 **************** 
수요일 10 9월 2025  09:54:57 +0900 (0:00:00.025)       0:00:50.908 **************** 
수요일 10 9월 2025  09:54:57 +0900 (0:00:00.065)       0:00:50.974 **************** 
수요일 10 9월 2025  09:54:57 +0900 (0:00:00.024)       0:00:50.998 **************** 
수요일 10 9월 2025  09:54:57 +0900 (0:00:00.024)       0:00:51.023 **************** 
수요일 10 9월 2025  09:54:57 +0900 (0:00:00.031)       0:00:51.054 **************** 
수요일 10 9월 2025  09:54:57 +0900 (0:00:00.024)       0:00:51.079 **************** 
수요일 10 9월 2025  09:54:57 +0900 (0:00:00.026)       0:00:51.106 **************** 
수요일 10 9월 2025  09:54:57 +0900 (0:00:00.022)       0:00:51.128 **************** 
수요일 10 9월 2025  09:54:57 +0900 (0:00:00.024)       0:00:51.153 **************** 
수요일 10 9월 2025  09:54:57 +0900 (0:00:00.026)       0:00:51.179 **************** 
수요일 10 9월 2025  09:54:57 +0900 (0:00:00.028)       0:00:51.207 **************** 
수요일 10 9월 2025  09:54:57 +0900 (0:00:00.025)       0:00:51.233 **************** 
수요일 10 9월 2025  09:54:57 +0900 (0:00:00.024)       0:00:51.257 **************** 
수요일 10 9월 2025  09:54:57 +0900 (0:00:00.031)       0:00:51.288 **************** 

TASK [container-engine/containerd-common : Containerd-common | check if fedora coreos] ***
ok: [node2]
ok: [node1]
ok: [node3]
수요일 10 9월 2025  09:54:57 +0900 (0:00:00.312)       0:00:51.601 **************** 

TASK [container-engine/containerd-common : Containerd-common | set is_ostree] ***
ok: [node1]
ok: [node2]
ok: [node3]
수요일 10 9월 2025  09:54:57 +0900 (0:00:00.050)       0:00:51.652 **************** 
수요일 10 9월 2025  09:54:58 +0900 (0:00:00.048)       0:00:51.700 **************** 

TASK [container-engine/runc : Runc | check if fedora coreos] *******************
ok: [node1]
ok: [node3]
ok: [node2]
수요일 10 9월 2025  09:54:58 +0900 (0:00:00.331)       0:00:52.031 **************** 

TASK [container-engine/runc : Runc | set is_ostree] ****************************
ok: [node1]
ok: [node2]
ok: [node3]
수요일 10 9월 2025  09:54:58 +0900 (0:00:00.053)       0:00:52.084 **************** 

TASK [container-engine/runc : Runc | Uninstall runc package managed by package manager] ***
ok: [node2]
ok: [node3]
ok: [node1]
수요일 10 9월 2025  09:54:59 +0900 (0:00:01.115)       0:00:53.200 **************** 

TASK [container-engine/runc : Runc | Download runc binary] *********************
included: /Users/xiilab/Develop/astrago/astrago-deployment/kubespray/versions/v2.28.1/kubespray/roles/container-engine/runc/tasks/../../../download/tasks/download_file.yml for node1, node2, node3
수요일 10 9월 2025  09:54:59 +0900 (0:00:00.060)       0:00:53.261 **************** 

TASK [container-engine/runc : Prep_download | Set a few facts] *****************
ok: [node1]
ok: [node2]
ok: [node3]
수요일 10 9월 2025  09:54:59 +0900 (0:00:00.155)       0:00:53.416 **************** 
수요일 10 9월 2025  09:54:59 +0900 (0:00:00.032)       0:00:53.449 **************** 

TASK [container-engine/runc : Download_file | Set pathname of cached file] *****
ok: [node1]
ok: [node2]
ok: [node3]
수요일 10 9월 2025  09:55:00 +0900 (0:00:00.262)       0:00:53.711 **************** 

TASK [container-engine/runc : Download_file | Create dest directory on node] ***
ok: [node2]
ok: [node1]
ok: [node3]
수요일 10 9월 2025  09:55:00 +0900 (0:00:00.723)       0:00:54.435 **************** 
수요일 10 9월 2025  09:55:00 +0900 (0:00:00.022)       0:00:54.457 **************** 
수요일 10 9월 2025  09:55:00 +0900 (0:00:00.023)       0:00:54.481 **************** 

TASK [container-engine/runc : Download_file | Download item] *******************
ok: [node3]
ok: [node1]
ok: [node2]
수요일 10 9월 2025  09:55:02 +0900 (0:00:01.787)       0:00:56.269 **************** 
수요일 10 9월 2025  09:55:02 +0900 (0:00:00.039)       0:00:56.308 **************** 
수요일 10 9월 2025  09:55:02 +0900 (0:00:00.029)       0:00:56.337 **************** 
수요일 10 9월 2025  09:55:02 +0900 (0:00:00.026)       0:00:56.363 **************** 

TASK [container-engine/runc : Download_file | Extract file archives] ***********
included: /Users/xiilab/Develop/astrago/astrago-deployment/kubespray/versions/v2.28.1/kubespray/roles/download/tasks/extract_file.yml for node1, node2, node3
수요일 10 9월 2025  09:55:02 +0900 (0:00:00.040)       0:00:56.404 **************** 
수요일 10 9월 2025  09:55:02 +0900 (0:00:00.151)       0:00:56.555 **************** 

TASK [container-engine/runc : Copy runc binary from download dir] **************
ok: [node3]
ok: [node2]
ok: [node1]
수요일 10 9월 2025  09:55:03 +0900 (0:00:00.706)       0:00:57.261 **************** 

TASK [container-engine/runc : Runc | Remove orphaned binary] *******************
ok: [node2]
ok: [node1]
ok: [node3]
수요일 10 9월 2025  09:55:03 +0900 (0:00:00.344)       0:00:57.606 **************** 

TASK [container-engine/crictl : Install crictl] ********************************
included: /Users/xiilab/Develop/astrago/astrago-deployment/kubespray/versions/v2.28.1/kubespray/roles/container-engine/crictl/tasks/crictl.yml for node1, node2, node3
수요일 10 9월 2025  09:55:04 +0900 (0:00:00.091)       0:00:57.698 **************** 

TASK [container-engine/crictl : Crictl | Download crictl] **********************
included: /Users/xiilab/Develop/astrago/astrago-deployment/kubespray/versions/v2.28.1/kubespray/roles/container-engine/crictl/tasks/../../../download/tasks/download_file.yml for node1, node2, node3
수요일 10 9월 2025  09:55:04 +0900 (0:00:00.041)       0:00:57.740 **************** 

TASK [container-engine/crictl : Prep_download | Set a few facts] ***************
ok: [node1]
ok: [node2]
ok: [node3]
수요일 10 9월 2025  09:55:04 +0900 (0:00:00.150)       0:00:57.890 **************** 
수요일 10 9월 2025  09:55:04 +0900 (0:00:00.031)       0:00:57.922 **************** 

TASK [container-engine/crictl : Download_file | Set pathname of cached file] ***
ok: [node1]
ok: [node2]
ok: [node3]
수요일 10 9월 2025  09:55:04 +0900 (0:00:00.266)       0:00:58.188 **************** 

TASK [container-engine/crictl : Download_file | Create dest directory on node] ***
ok: [node2]
ok: [node1]
ok: [node3]
수요일 10 9월 2025  09:55:05 +0900 (0:00:00.673)       0:00:58.862 **************** 
수요일 10 9월 2025  09:55:05 +0900 (0:00:00.025)       0:00:58.887 **************** 
수요일 10 9월 2025  09:55:05 +0900 (0:00:00.020)       0:00:58.908 **************** 

TASK [container-engine/crictl : Download_file | Download item] *****************
ok: [node1]
ok: [node3]
ok: [node2]
수요일 10 9월 2025  09:55:06 +0900 (0:00:01.626)       0:01:00.534 **************** 
수요일 10 9월 2025  09:55:06 +0900 (0:00:00.035)       0:01:00.570 **************** 
수요일 10 9월 2025  09:55:06 +0900 (0:00:00.031)       0:01:00.601 **************** 
수요일 10 9월 2025  09:55:06 +0900 (0:00:00.027)       0:01:00.629 **************** 

TASK [container-engine/crictl : Download_file | Extract file archives] *********
included: /Users/xiilab/Develop/astrago/astrago-deployment/kubespray/versions/v2.28.1/kubespray/roles/download/tasks/extract_file.yml for node1, node2, node3
수요일 10 9월 2025  09:55:07 +0900 (0:00:00.042)       0:01:00.671 **************** 

TASK [container-engine/crictl : Extract_file | Unpacking archive] **************
ok: [node3]
ok: [node2]
ok: [node1]
수요일 10 9월 2025  09:55:09 +0900 (0:00:02.610)       0:01:03.282 **************** 

TASK [container-engine/crictl : Install crictl config] *************************
ok: [node3]
ok: [node2]
ok: [node1]
수요일 10 9월 2025  09:55:10 +0900 (0:00:00.788)       0:01:04.070 **************** 

TASK [container-engine/crictl : Copy crictl binary from download dir] **********
ok: [node3]
ok: [node2]
ok: [node1]
수요일 10 9월 2025  09:55:11 +0900 (0:00:00.677)       0:01:04.748 **************** 

TASK [container-engine/nerdctl : Nerdctl | Download nerdctl] *******************
included: /Users/xiilab/Develop/astrago/astrago-deployment/kubespray/versions/v2.28.1/kubespray/roles/container-engine/nerdctl/tasks/../../../download/tasks/download_file.yml for node1, node2, node3
수요일 10 9월 2025  09:55:11 +0900 (0:00:00.044)       0:01:04.792 **************** 

TASK [container-engine/nerdctl : Prep_download | Set a few facts] **************
ok: [node1]
ok: [node2]
ok: [node3]
수요일 10 9월 2025  09:55:11 +0900 (0:00:00.175)       0:01:04.968 **************** 
수요일 10 9월 2025  09:55:11 +0900 (0:00:00.031)       0:01:05.000 **************** 

TASK [container-engine/nerdctl : Download_file | Set pathname of cached file] ***
ok: [node1]
ok: [node2]
ok: [node3]
수요일 10 9월 2025  09:55:11 +0900 (0:00:00.296)       0:01:05.296 **************** 

TASK [container-engine/nerdctl : Download_file | Create dest directory on node] ***
ok: [node1]
ok: [node2]
ok: [node3]
수요일 10 9월 2025  09:55:12 +0900 (0:00:00.678)       0:01:05.975 **************** 
수요일 10 9월 2025  09:55:12 +0900 (0:00:00.025)       0:01:06.000 **************** 
수요일 10 9월 2025  09:55:12 +0900 (0:00:00.015)       0:01:06.016 **************** 

TASK [container-engine/nerdctl : Download_file | Download item] ****************
ok: [node3]
ok: [node2]
ok: [node1]
수요일 10 9월 2025  09:55:13 +0900 (0:00:01.574)       0:01:07.590 **************** 
수요일 10 9월 2025  09:55:13 +0900 (0:00:00.036)       0:01:07.627 **************** 
수요일 10 9월 2025  09:55:14 +0900 (0:00:00.037)       0:01:07.664 **************** 
수요일 10 9월 2025  09:55:14 +0900 (0:00:00.028)       0:01:07.692 **************** 

TASK [container-engine/nerdctl : Download_file | Extract file archives] ********
included: /Users/xiilab/Develop/astrago/astrago-deployment/kubespray/versions/v2.28.1/kubespray/roles/download/tasks/extract_file.yml for node1, node2, node3
수요일 10 9월 2025  09:55:14 +0900 (0:00:00.045)       0:01:07.738 **************** 

TASK [container-engine/nerdctl : Extract_file | Unpacking archive] *************
ok: [node2]
ok: [node3]
ok: [node1]
수요일 10 9월 2025  09:55:16 +0900 (0:00:02.293)       0:01:10.031 **************** 

TASK [container-engine/nerdctl : Nerdctl | Copy nerdctl binary from download dir] ***
ok: [node1]
ok: [node3]
ok: [node2]
수요일 10 9월 2025  09:55:16 +0900 (0:00:00.605)       0:01:10.637 **************** 

TASK [container-engine/nerdctl : Nerdctl | Create configuration dir] ***********
ok: [node1]
ok: [node2]
ok: [node3]
수요일 10 9월 2025  09:55:17 +0900 (0:00:00.475)       0:01:11.112 **************** 

TASK [container-engine/nerdctl : Nerdctl | Install nerdctl configuration] ******
ok: [node2]
ok: [node3]
ok: [node1]
수요일 10 9월 2025  09:55:18 +0900 (0:00:00.791)       0:01:11.903 **************** 

TASK [container-engine/containerd : Containerd | Download containerd] **********
included: /Users/xiilab/Develop/astrago/astrago-deployment/kubespray/versions/v2.28.1/kubespray/roles/container-engine/containerd/tasks/../../../download/tasks/download_file.yml for node1, node2, node3
수요일 10 9월 2025  09:55:18 +0900 (0:00:00.081)       0:01:11.985 **************** 

TASK [container-engine/containerd : Prep_download | Set a few facts] ***********
ok: [node1]
ok: [node2]
ok: [node3]
수요일 10 9월 2025  09:55:18 +0900 (0:00:00.149)       0:01:12.134 **************** 
수요일 10 9월 2025  09:55:18 +0900 (0:00:00.029)       0:01:12.164 **************** 

TASK [container-engine/containerd : Download_file | Set pathname of cached file] ***
ok: [node1]
ok: [node2]
ok: [node3]
수요일 10 9월 2025  09:55:18 +0900 (0:00:00.263)       0:01:12.427 **************** 

TASK [container-engine/containerd : Download_file | Create dest directory on node] ***
ok: [node3]
ok: [node2]
ok: [node1]
수요일 10 9월 2025  09:55:19 +0900 (0:00:00.658)       0:01:13.086 **************** 
수요일 10 9월 2025  09:55:19 +0900 (0:00:00.017)       0:01:13.104 **************** 
수요일 10 9월 2025  09:55:19 +0900 (0:00:00.022)       0:01:13.127 **************** 

TASK [container-engine/containerd : Download_file | Download item] *************
ok: [node3]
ok: [node2]
ok: [node1]
수요일 10 9월 2025  09:55:21 +0900 (0:00:01.711)       0:01:14.838 **************** 
수요일 10 9월 2025  09:55:21 +0900 (0:00:00.039)       0:01:14.878 **************** 
수요일 10 9월 2025  09:55:21 +0900 (0:00:00.027)       0:01:14.906 **************** 
수요일 10 9월 2025  09:55:21 +0900 (0:00:00.025)       0:01:14.931 **************** 

TASK [container-engine/containerd : Download_file | Extract file archives] *****
included: /Users/xiilab/Develop/astrago/astrago-deployment/kubespray/versions/v2.28.1/kubespray/roles/download/tasks/extract_file.yml for node1, node2, node3
수요일 10 9월 2025  09:55:21 +0900 (0:00:00.038)       0:01:14.970 **************** 
수요일 10 9월 2025  09:55:21 +0900 (0:00:00.152)       0:01:15.122 **************** 

TASK [container-engine/containerd : Containerd | Unpack containerd archive] ****
ok: [node3]
ok: [node1]
ok: [node2]
수요일 10 9월 2025  09:55:24 +0900 (0:00:03.143)       0:01:18.265 **************** 

TASK [container-engine/containerd : Containerd | Generate systemd service for containerd] ***
ok: [node1]
ok: [node2]
ok: [node3]
수요일 10 9월 2025  09:55:25 +0900 (0:00:01.306)       0:01:19.571 **************** 

TASK [container-engine/containerd : Containerd | Ensure containerd directories exist] ***
ok: [node1] => (item=/etc/systemd/system/containerd.service.d)
ok: [node3] => (item=/etc/systemd/system/containerd.service.d)
ok: [node2] => (item=/etc/systemd/system/containerd.service.d)
ok: [node3] => (item=/etc/containerd)
ok: [node1] => (item=/etc/containerd)
ok: [node2] => (item=/etc/containerd)
ok: [node3] => (item=/var/lib/containerd)
ok: [node2] => (item=/var/lib/containerd)
ok: [node1] => (item=/var/lib/containerd)
ok: [node3] => (item=/run/containerd)
ok: [node2] => (item=/run/containerd)
ok: [node1] => (item=/run/containerd)
수요일 10 9월 2025  09:55:27 +0900 (0:00:01.226)       0:01:20.797 **************** 
수요일 10 9월 2025  09:55:27 +0900 (0:00:00.037)       0:01:20.835 **************** 

TASK [container-engine/containerd : Containerd | Generate default base_runtime_spec] ***
ok: [node1]
ok: [node3]
ok: [node2]
수요일 10 9월 2025  09:55:27 +0900 (0:00:00.360)       0:01:21.196 **************** 

TASK [container-engine/containerd : Containerd | Store generated default base_runtime_spec] ***
ok: [node1]
ok: [node2]
ok: [node3]
수요일 10 9월 2025  09:55:27 +0900 (0:00:00.052)       0:01:21.248 **************** 

TASK [container-engine/containerd : Containerd | Write base_runtime_specs] *****
ok: [node3] => (item={'key': 'cri-base.json', 'value': {'ociVersion': '1.2.0', 'process': {'user': {'uid': 0, 'gid': 0}, 'cwd': '/', 'capabilities': {'bounding': ['CAP_CHOWN', 'CAP_DAC_OVERRIDE', 'CAP_FSETID', 'CAP_FOWNER', 'CAP_MKNOD', 'CAP_NET_RAW', 'CAP_SETGID', 'CAP_SETUID', 'CAP_SETFCAP', 'CAP_SETPCAP', 'CAP_NET_BIND_SERVICE', 'CAP_SYS_CHROOT', 'CAP_KILL', 'CAP_AUDIT_WRITE'], 'effective': ['CAP_CHOWN', 'CAP_DAC_OVERRIDE', 'CAP_FSETID', 'CAP_FOWNER', 'CAP_MKNOD', 'CAP_NET_RAW', 'CAP_SETGID', 'CAP_SETUID', 'CAP_SETFCAP', 'CAP_SETPCAP', 'CAP_NET_BIND_SERVICE', 'CAP_SYS_CHROOT', 'CAP_KILL', 'CAP_AUDIT_WRITE'], 'permitted': ['CAP_CHOWN', 'CAP_DAC_OVERRIDE', 'CAP_FSETID', 'CAP_FOWNER', 'CAP_MKNOD', 'CAP_NET_RAW', 'CAP_SETGID', 'CAP_SETUID', 'CAP_SETFCAP', 'CAP_SETPCAP', 'CAP_NET_BIND_SERVICE', 'CAP_SYS_CHROOT', 'CAP_KILL', 'CAP_AUDIT_WRITE']}, 'rlimits': [{'type': 'RLIMIT_NOFILE', 'hard': 65535, 'soft': 65535}], 'noNewPrivileges': True}, 'root': {'path': 'rootfs'}, 'mounts': [{'destination': '/proc', 'type': 'proc', 'source': 'proc', 'options': ['nosuid', 'noexec', 'nodev']}, {'destination': '/dev', 'type': 'tmpfs', 'source': 'tmpfs', 'options': ['nosuid', 'strictatime', 'mode=755', 'size=65536k']}, {'destination': '/dev/pts', 'type': 'devpts', 'source': 'devpts', 'options': ['nosuid', 'noexec', 'newinstance', 'ptmxmode=0666', 'mode=0620', 'gid=5']}, {'destination': '/dev/shm', 'type': 'tmpfs', 'source': 'shm', 'options': ['nosuid', 'noexec', 'nodev', 'mode=1777', 'size=65536k']}, {'destination': '/dev/mqueue', 'type': 'mqueue', 'source': 'mqueue', 'options': ['nosuid', 'noexec', 'nodev']}, {'destination': '/sys', 'type': 'sysfs', 'source': 'sysfs', 'options': ['nosuid', 'noexec', 'nodev', 'ro']}, {'destination': '/run', 'type': 'tmpfs', 'source': 'tmpfs', 'options': ['nosuid', 'strictatime', 'mode=755', 'size=65536k']}], 'linux': {'resources': {'devices': [{'allow': False, 'access': 'rwm'}]}, 'cgroupsPath': '/default', 'namespaces': [{'type': 'pid'}, {'type': 'ipc'}, {'type': 'uts'}, {'type': 'mount'}, {'type': 'network'}], 'maskedPaths': ['/proc/acpi', '/proc/asound', '/proc/kcore', '/proc/keys', '/proc/latency_stats', '/proc/timer_list', '/proc/timer_stats', '/proc/sched_debug', '/sys/firmware', '/sys/devices/virtual/powercap', '/proc/scsi'], 'readonlyPaths': ['/proc/bus', '/proc/fs', '/proc/irq', '/proc/sys', '/proc/sysrq-trigger']}}})
ok: [node2] => (item={'key': 'cri-base.json', 'value': {'ociVersion': '1.2.0', 'process': {'user': {'uid': 0, 'gid': 0}, 'cwd': '/', 'capabilities': {'bounding': ['CAP_CHOWN', 'CAP_DAC_OVERRIDE', 'CAP_FSETID', 'CAP_FOWNER', 'CAP_MKNOD', 'CAP_NET_RAW', 'CAP_SETGID', 'CAP_SETUID', 'CAP_SETFCAP', 'CAP_SETPCAP', 'CAP_NET_BIND_SERVICE', 'CAP_SYS_CHROOT', 'CAP_KILL', 'CAP_AUDIT_WRITE'], 'effective': ['CAP_CHOWN', 'CAP_DAC_OVERRIDE', 'CAP_FSETID', 'CAP_FOWNER', 'CAP_MKNOD', 'CAP_NET_RAW', 'CAP_SETGID', 'CAP_SETUID', 'CAP_SETFCAP', 'CAP_SETPCAP', 'CAP_NET_BIND_SERVICE', 'CAP_SYS_CHROOT', 'CAP_KILL', 'CAP_AUDIT_WRITE'], 'permitted': ['CAP_CHOWN', 'CAP_DAC_OVERRIDE', 'CAP_FSETID', 'CAP_FOWNER', 'CAP_MKNOD', 'CAP_NET_RAW', 'CAP_SETGID', 'CAP_SETUID', 'CAP_SETFCAP', 'CAP_SETPCAP', 'CAP_NET_BIND_SERVICE', 'CAP_SYS_CHROOT', 'CAP_KILL', 'CAP_AUDIT_WRITE']}, 'rlimits': [{'type': 'RLIMIT_NOFILE', 'hard': 65535, 'soft': 65535}], 'noNewPrivileges': True}, 'root': {'path': 'rootfs'}, 'mounts': [{'destination': '/proc', 'type': 'proc', 'source': 'proc', 'options': ['nosuid', 'noexec', 'nodev']}, {'destination': '/dev', 'type': 'tmpfs', 'source': 'tmpfs', 'options': ['nosuid', 'strictatime', 'mode=755', 'size=65536k']}, {'destination': '/dev/pts', 'type': 'devpts', 'source': 'devpts', 'options': ['nosuid', 'noexec', 'newinstance', 'ptmxmode=0666', 'mode=0620', 'gid=5']}, {'destination': '/dev/shm', 'type': 'tmpfs', 'source': 'shm', 'options': ['nosuid', 'noexec', 'nodev', 'mode=1777', 'size=65536k']}, {'destination': '/dev/mqueue', 'type': 'mqueue', 'source': 'mqueue', 'options': ['nosuid', 'noexec', 'nodev']}, {'destination': '/sys', 'type': 'sysfs', 'source': 'sysfs', 'options': ['nosuid', 'noexec', 'nodev', 'ro']}, {'destination': '/run', 'type': 'tmpfs', 'source': 'tmpfs', 'options': ['nosuid', 'strictatime', 'mode=755', 'size=65536k']}], 'linux': {'resources': {'devices': [{'allow': False, 'access': 'rwm'}]}, 'cgroupsPath': '/default', 'namespaces': [{'type': 'pid'}, {'type': 'ipc'}, {'type': 'uts'}, {'type': 'mount'}, {'type': 'network'}], 'maskedPaths': ['/proc/acpi', '/proc/asound', '/proc/kcore', '/proc/keys', '/proc/latency_stats', '/proc/timer_list', '/proc/timer_stats', '/proc/sched_debug', '/sys/firmware', '/sys/devices/virtual/powercap', '/proc/scsi'], 'readonlyPaths': ['/proc/bus', '/proc/fs', '/proc/irq', '/proc/sys', '/proc/sysrq-trigger']}}})
ok: [node1] => (item={'key': 'cri-base.json', 'value': {'ociVersion': '1.2.0', 'process': {'user': {'uid': 0, 'gid': 0}, 'cwd': '/', 'capabilities': {'bounding': ['CAP_CHOWN', 'CAP_DAC_OVERRIDE', 'CAP_FSETID', 'CAP_FOWNER', 'CAP_MKNOD', 'CAP_NET_RAW', 'CAP_SETGID', 'CAP_SETUID', 'CAP_SETFCAP', 'CAP_SETPCAP', 'CAP_NET_BIND_SERVICE', 'CAP_SYS_CHROOT', 'CAP_KILL', 'CAP_AUDIT_WRITE'], 'effective': ['CAP_CHOWN', 'CAP_DAC_OVERRIDE', 'CAP_FSETID', 'CAP_FOWNER', 'CAP_MKNOD', 'CAP_NET_RAW', 'CAP_SETGID', 'CAP_SETUID', 'CAP_SETFCAP', 'CAP_SETPCAP', 'CAP_NET_BIND_SERVICE', 'CAP_SYS_CHROOT', 'CAP_KILL', 'CAP_AUDIT_WRITE'], 'permitted': ['CAP_CHOWN', 'CAP_DAC_OVERRIDE', 'CAP_FSETID', 'CAP_FOWNER', 'CAP_MKNOD', 'CAP_NET_RAW', 'CAP_SETGID', 'CAP_SETUID', 'CAP_SETFCAP', 'CAP_SETPCAP', 'CAP_NET_BIND_SERVICE', 'CAP_SYS_CHROOT', 'CAP_KILL', 'CAP_AUDIT_WRITE']}, 'rlimits': [{'type': 'RLIMIT_NOFILE', 'hard': 65535, 'soft': 65535}], 'noNewPrivileges': True}, 'root': {'path': 'rootfs'}, 'mounts': [{'destination': '/proc', 'type': 'proc', 'source': 'proc', 'options': ['nosuid', 'noexec', 'nodev']}, {'destination': '/dev', 'type': 'tmpfs', 'source': 'tmpfs', 'options': ['nosuid', 'strictatime', 'mode=755', 'size=65536k']}, {'destination': '/dev/pts', 'type': 'devpts', 'source': 'devpts', 'options': ['nosuid', 'noexec', 'newinstance', 'ptmxmode=0666', 'mode=0620', 'gid=5']}, {'destination': '/dev/shm', 'type': 'tmpfs', 'source': 'shm', 'options': ['nosuid', 'noexec', 'nodev', 'mode=1777', 'size=65536k']}, {'destination': '/dev/mqueue', 'type': 'mqueue', 'source': 'mqueue', 'options': ['nosuid', 'noexec', 'nodev']}, {'destination': '/sys', 'type': 'sysfs', 'source': 'sysfs', 'options': ['nosuid', 'noexec', 'nodev', 'ro']}, {'destination': '/run', 'type': 'tmpfs', 'source': 'tmpfs', 'options': ['nosuid', 'strictatime', 'mode=755', 'size=65536k']}], 'linux': {'resources': {'devices': [{'allow': False, 'access': 'rwm'}]}, 'cgroupsPath': '/default', 'namespaces': [{'type': 'pid'}, {'type': 'ipc'}, {'type': 'uts'}, {'type': 'mount'}, {'type': 'network'}], 'maskedPaths': ['/proc/acpi', '/proc/asound', '/proc/kcore', '/proc/keys', '/proc/latency_stats', '/proc/timer_list', '/proc/timer_stats', '/proc/sched_debug', '/sys/firmware', '/sys/devices/virtual/powercap', '/proc/scsi'], 'readonlyPaths': ['/proc/bus', '/proc/fs', '/proc/irq', '/proc/sys', '/proc/sysrq-trigger']}}})
수요일 10 9월 2025  09:55:28 +0900 (0:00:00.758)       0:01:22.007 **************** 

TASK [container-engine/containerd : Containerd | Copy containerd config file] ***
ok: [node3]
ok: [node1]
ok: [node2]
수요일 10 9월 2025  09:55:29 +0900 (0:00:00.810)       0:01:22.818 **************** 

TASK [container-engine/containerd : Containerd | Create registry directories] ***
ok: [node1] => (item={'prefix': 'docker.io', 'mirrors': [{'host': 'https://registry-1.docker.io', 'capabilities': ['pull', 'resolve'], 'skip_verify': False}]})
ok: [node2] => (item={'prefix': 'docker.io', 'mirrors': [{'host': 'https://registry-1.docker.io', 'capabilities': ['pull', 'resolve'], 'skip_verify': False}]})
ok: [node3] => (item={'prefix': 'docker.io', 'mirrors': [{'host': 'https://registry-1.docker.io', 'capabilities': ['pull', 'resolve'], 'skip_verify': False}]})
수요일 10 9월 2025  09:55:29 +0900 (0:00:00.337)       0:01:23.155 **************** 

TASK [container-engine/containerd : Containerd | Write hosts.toml file] ********
ok: [node3] => (item={'prefix': 'docker.io', 'mirrors': [{'host': 'https://registry-1.docker.io', 'capabilities': ['pull', 'resolve'], 'skip_verify': False}]})
ok: [node2] => (item={'prefix': 'docker.io', 'mirrors': [{'host': 'https://registry-1.docker.io', 'capabilities': ['pull', 'resolve'], 'skip_verify': False}]})
ok: [node1] => (item={'prefix': 'docker.io', 'mirrors': [{'host': 'https://registry-1.docker.io', 'capabilities': ['pull', 'resolve'], 'skip_verify': False}]})
수요일 10 9월 2025  09:55:30 +0900 (0:00:00.768)       0:01:23.924 **************** 
수요일 10 9월 2025  09:55:30 +0900 (0:00:00.010)       0:01:23.934 **************** 
수요일 10 9월 2025  09:55:30 +0900 (0:00:00.007)       0:01:23.942 **************** 
수요일 10 9월 2025  09:55:30 +0900 (0:00:00.007)       0:01:23.949 **************** 

TASK [container-engine/containerd : Containerd | Ensure containerd is started and enabled] ***
ok: [node2]
ok: [node1]
ok: [node3]
수요일 10 9월 2025  09:55:31 +0900 (0:00:01.031)       0:01:24.981 **************** 
수요일 10 9월 2025  09:55:31 +0900 (0:00:00.038)       0:01:25.020 **************** 
수요일 10 9월 2025  09:55:31 +0900 (0:00:00.025)       0:01:25.045 **************** 
수요일 10 9월 2025  09:55:31 +0900 (0:00:00.046)       0:01:25.092 **************** 
수요일 10 9월 2025  09:55:31 +0900 (0:00:00.025)       0:01:25.117 **************** 
수요일 10 9월 2025  09:55:31 +0900 (0:00:00.025)       0:01:25.142 **************** 
수요일 10 9월 2025  09:55:31 +0900 (0:00:00.038)       0:01:25.181 **************** 
수요일 10 9월 2025  09:55:31 +0900 (0:00:00.025)       0:01:25.206 **************** 
수요일 10 9월 2025  09:55:31 +0900 (0:00:00.026)       0:01:25.233 **************** 
수요일 10 9월 2025  09:55:31 +0900 (0:00:00.025)       0:01:25.258 **************** 
수요일 10 9월 2025  09:55:31 +0900 (0:00:00.024)       0:01:25.282 **************** 
수요일 10 9월 2025  09:55:31 +0900 (0:00:00.068)       0:01:25.350 **************** 
수요일 10 9월 2025  09:55:31 +0900 (0:00:00.024)       0:01:25.375 **************** 
수요일 10 9월 2025  09:55:31 +0900 (0:00:00.026)       0:01:25.402 **************** 
수요일 10 9월 2025  09:55:31 +0900 (0:00:00.027)       0:01:25.429 **************** 
수요일 10 9월 2025  09:55:31 +0900 (0:00:00.026)       0:01:25.455 **************** 
수요일 10 9월 2025  09:55:31 +0900 (0:00:00.025)       0:01:25.481 **************** 
수요일 10 9월 2025  09:55:31 +0900 (0:00:00.024)       0:01:25.506 **************** 
수요일 10 9월 2025  09:55:31 +0900 (0:00:00.029)       0:01:25.535 **************** 
수요일 10 9월 2025  09:55:31 +0900 (0:00:00.026)       0:01:25.561 **************** 
수요일 10 9월 2025  09:55:31 +0900 (0:00:00.028)       0:01:25.590 **************** 
수요일 10 9월 2025  09:55:31 +0900 (0:00:00.024)       0:01:25.615 **************** 
수요일 10 9월 2025  09:55:31 +0900 (0:00:00.005)       0:01:25.621 **************** 
수요일 10 9월 2025  09:55:31 +0900 (0:00:00.004)       0:01:25.625 **************** 
수요일 10 9월 2025  09:55:31 +0900 (0:00:00.004)       0:01:25.630 **************** 
수요일 10 9월 2025  09:55:31 +0900 (0:00:00.022)       0:01:25.652 **************** 
수요일 10 9월 2025  09:55:32 +0900 (0:00:00.026)       0:01:25.679 **************** 
수요일 10 9월 2025  09:55:32 +0900 (0:00:00.025)       0:01:25.704 **************** 
수요일 10 9월 2025  09:55:32 +0900 (0:00:00.025)       0:01:25.729 **************** 
수요일 10 9월 2025  09:55:32 +0900 (0:00:00.025)       0:01:25.755 **************** 
수요일 10 9월 2025  09:55:32 +0900 (0:00:00.025)       0:01:25.781 **************** 
수요일 10 9월 2025  09:55:32 +0900 (0:00:00.027)       0:01:25.808 **************** 
수요일 10 9월 2025  09:55:32 +0900 (0:00:00.025)       0:01:25.834 **************** 
수요일 10 9월 2025  09:55:32 +0900 (0:00:00.004)       0:01:25.838 **************** 
수요일 10 9월 2025  09:55:32 +0900 (0:00:00.004)       0:01:25.843 **************** 
수요일 10 9월 2025  09:55:32 +0900 (0:00:00.005)       0:01:25.848 **************** 
수요일 10 9월 2025  09:55:32 +0900 (0:00:00.033)       0:01:25.882 **************** 
수요일 10 9월 2025  09:55:32 +0900 (0:00:00.026)       0:01:25.909 **************** 
수요일 10 9월 2025  09:55:32 +0900 (0:00:00.025)       0:01:25.935 **************** 
수요일 10 9월 2025  09:55:32 +0900 (0:00:00.027)       0:01:25.963 **************** 
수요일 10 9월 2025  09:55:32 +0900 (0:00:00.005)       0:01:25.969 **************** 
수요일 10 9월 2025  09:55:32 +0900 (0:00:00.004)       0:01:25.973 **************** 
수요일 10 9월 2025  09:55:32 +0900 (0:00:00.016)       0:01:25.989 **************** 

TASK [download : Prep_download | Set a few facts] ******************************
ok: [node1]
ok: [node2]
ok: [node3]
수요일 10 9월 2025  09:55:32 +0900 (0:00:00.037)       0:01:26.027 **************** 
수요일 10 9월 2025  09:55:32 +0900 (0:00:00.016)       0:01:26.043 **************** 
수요일 10 9월 2025  09:55:32 +0900 (0:00:00.016)       0:01:26.060 **************** 
수요일 10 9월 2025  09:55:32 +0900 (0:00:00.033)       0:01:26.094 **************** 
수요일 10 9월 2025  09:55:32 +0900 (0:00:00.030)       0:01:26.124 **************** 

TASK [download : Prep_download | Register docker images info] ******************
ok: [node3]
ok: [node2]
ok: [node1]
수요일 10 9월 2025  09:55:32 +0900 (0:00:00.375)       0:01:26.500 **************** 

TASK [download : Prep_download | Create staging directory on remote node] ******
ok: [node1]
ok: [node2]
ok: [node3]
수요일 10 9월 2025  09:55:33 +0900 (0:00:00.343)       0:01:26.843 **************** 
수요일 10 9월 2025  09:55:33 +0900 (0:00:00.033)       0:01:26.876 **************** 

TASK [download : Download | Get kubeadm binary and list of required images] ****
included: /Users/xiilab/Develop/astrago/astrago-deployment/kubespray/versions/v2.28.1/kubespray/roles/download/tasks/prep_kubeadm_images.yml for node1, node2, node3
수요일 10 9월 2025  09:55:33 +0900 (0:00:00.090)       0:01:26.966 **************** 

TASK [download : Prep_kubeadm_images | Download kubeadm binary] ****************
included: /Users/xiilab/Develop/astrago/astrago-deployment/kubespray/versions/v2.28.1/kubespray/roles/download/tasks/download_file.yml for node1, node2, node3
수요일 10 9월 2025  09:55:33 +0900 (0:00:00.163)       0:01:27.130 **************** 

TASK [download : Prep_download | Set a few facts] ******************************
ok: [node1]
ok: [node2]
ok: [node3]
수요일 10 9월 2025  09:55:33 +0900 (0:00:00.151)       0:01:27.281 **************** 
수요일 10 9월 2025  09:55:33 +0900 (0:00:00.030)       0:01:27.311 **************** 

TASK [download : Download_file | Set pathname of cached file] ******************
ok: [node1]
ok: [node2]
ok: [node3]
수요일 10 9월 2025  09:55:33 +0900 (0:00:00.264)       0:01:27.575 **************** 

TASK [download : Download_file | Create dest directory on node] ****************
ok: [node1]
ok: [node3]
ok: [node2]
수요일 10 9월 2025  09:55:34 +0900 (0:00:00.645)       0:01:28.221 **************** 
수요일 10 9월 2025  09:55:34 +0900 (0:00:00.022)       0:01:28.244 **************** 
수요일 10 9월 2025  09:55:34 +0900 (0:00:00.017)       0:01:28.261 **************** 

TASK [download : Download_file | Download item] ********************************
ok: [node2]
ok: [node3]
ok: [node1]
수요일 10 9월 2025  09:55:36 +0900 (0:00:01.789)       0:01:30.051 **************** 
수요일 10 9월 2025  09:55:36 +0900 (0:00:00.041)       0:01:30.093 **************** 
수요일 10 9월 2025  09:55:36 +0900 (0:00:00.031)       0:01:30.125 **************** 
수요일 10 9월 2025  09:55:36 +0900 (0:00:00.027)       0:01:30.152 **************** 

TASK [download : Download_file | Extract file archives] ************************
included: /Users/xiilab/Develop/astrago/astrago-deployment/kubespray/versions/v2.28.1/kubespray/roles/download/tasks/extract_file.yml for node1, node2, node3
수요일 10 9월 2025  09:55:36 +0900 (0:00:00.041)       0:01:30.193 **************** 
수요일 10 9월 2025  09:55:36 +0900 (0:00:00.149)       0:01:30.343 **************** 

TASK [download : Prep_kubeadm_images | Copy kubeadm binary from download dir to system path] ***
ok: [node1]
ok: [node3]
ok: [node2]
수요일 10 9월 2025  09:55:37 +0900 (0:00:00.988)       0:01:31.332 **************** 

TASK [download : Prep_kubeadm_images | Create kubeadm config] ******************
ok: [node3]
ok: [node2]
ok: [node1]
수요일 10 9월 2025  09:55:38 +0900 (0:00:00.814)       0:01:32.146 **************** 

TASK [download : Prep_kubeadm_images | Generate list of required images] *******
ok: [node1]
수요일 10 9월 2025  09:55:38 +0900 (0:00:00.401)       0:01:32.548 **************** 

TASK [download : Prep_kubeadm_images | Parse list of images] *******************
ok: [node1] => (item=registry.k8s.io/kube-apiserver:v1.32.8)
ok: [node1] => (item=registry.k8s.io/kube-controller-manager:v1.32.8)
ok: [node1] => (item=registry.k8s.io/kube-scheduler:v1.32.8)
ok: [node1] => (item=registry.k8s.io/kube-proxy:v1.32.8)
수요일 10 9월 2025  09:55:38 +0900 (0:00:00.060)       0:01:32.608 **************** 

TASK [download : Prep_kubeadm_images | Convert list of images to dict for later use] ***
ok: [node1]
수요일 10 9월 2025  09:55:38 +0900 (0:00:00.024)       0:01:32.632 **************** 

TASK [download : Download | Download files / images] ***************************
included: /Users/xiilab/Develop/astrago/astrago-deployment/kubespray/versions/v2.28.1/kubespray/roles/download/tasks/download_file.yml for node1, node2, node3 => (item={'key': 'etcd', 'value': {'container': False, 'file': True, 'enabled': True, 'dest': '/tmp/releases/etcd-3.5.22-linux-amd64.tar.gz', 'repo': 'quay.io/coreos/etcd', 'tag': 'v3.5.22', 'checksum': 'sha256:20174ab70a6f3df94da13ecac4610f42c47d25af82426f21c112c2c841ec499a', 'url': 'https://github.com/etcd-io/etcd/releases/download/v3.5.22/etcd-v3.5.22-linux-amd64.tar.gz', 'unarchive': True, 'owner': 'root', 'mode': '0755', 'groups': ['etcd']}})
included: /Users/xiilab/Develop/astrago/astrago-deployment/kubespray/versions/v2.28.1/kubespray/roles/download/tasks/download_file.yml for node1, node2, node3 => (item={'key': 'cni', 'value': {'enabled': True, 'file': True, 'dest': '/tmp/releases/cni-plugins-linux-amd64-1.4.1.tgz', 'checksum': 'sha256:2a0ea7072d1806b8526489bcd3b4847a06ab010ee32ba3c3d4e5a3235d3eb138', 'url': 'https://github.com/containernetworking/plugins/releases/download/v1.4.1/cni-plugins-linux-amd64-v1.4.1.tgz', 'unarchive': False, 'owner': 'root', 'mode': '0755', 'groups': ['k8s_cluster']}})
included: /Users/xiilab/Develop/astrago/astrago-deployment/kubespray/versions/v2.28.1/kubespray/roles/download/tasks/download_file.yml for node1, node2, node3 => (item={'key': 'kubeadm', 'value': {'enabled': True, 'file': True, 'dest': '/tmp/releases/kubeadm-1.32.8-amd64', 'checksum': 'sha256:da4cc996800db14f82fce8813caa55be318e52ef69d82e50e728ef4cfa18b69f', 'url': 'https://dl.k8s.io/release/v1.32.8/bin/linux/amd64/kubeadm', 'unarchive': False, 'owner': 'root', 'mode': '0755', 'groups': ['k8s_cluster']}})
included: /Users/xiilab/Develop/astrago/astrago-deployment/kubespray/versions/v2.28.1/kubespray/roles/download/tasks/download_file.yml for node1, node2, node3 => (item={'key': 'kubelet', 'value': {'enabled': True, 'file': True, 'dest': '/tmp/releases/kubelet-1.32.8-amd64', 'checksum': 'sha256:7dfca4da9cdf592c0f70800e09fb42553765bc0951cade3d6e0c571daf3f23ee', 'url': 'https://dl.k8s.io/release/v1.32.8/bin/linux/amd64/kubelet', 'unarchive': False, 'owner': 'root', 'mode': '0755', 'groups': ['k8s_cluster']}})
included: /Users/xiilab/Develop/astrago/astrago-deployment/kubespray/versions/v2.28.1/kubespray/roles/download/tasks/download_file.yml for node1, node2, node3 => (item={'key': 'kubectl', 'value': {'enabled': True, 'file': True, 'dest': '/tmp/releases/kubectl-1.32.8-amd64', 'checksum': 'sha256:0fc709a8262be523293a18965771fedfba7466eda7ab4337feaa5c028aa46b1b', 'url': 'https://dl.k8s.io/release/v1.32.8/bin/linux/amd64/kubectl', 'unarchive': False, 'owner': 'root', 'mode': '0755', 'groups': ['kube_control_plane']}})
included: /Users/xiilab/Develop/astrago/astrago-deployment/kubespray/versions/v2.28.1/kubespray/roles/download/tasks/download_file.yml for node1, node2, node3 => (item={'key': 'crictl', 'value': {'file': True, 'enabled': True, 'dest': '/tmp/releases/crictl-1.32.0-linux-amd64.tar.gz', 'checksum': 'sha256:f050b71d3a73a91a4e0990b90143ed04dcd100cc66f953736fcb6a2730e283c4', 'url': 'https://github.com/kubernetes-sigs/cri-tools/releases/download/v1.32.0/crictl-v1.32.0-linux-amd64.tar.gz', 'unarchive': True, 'owner': 'root', 'mode': '0755', 'groups': ['k8s_cluster']}})
included: /Users/xiilab/Develop/astrago/astrago-deployment/kubespray/versions/v2.28.1/kubespray/roles/download/tasks/download_file.yml for node1, node2, node3 => (item={'key': 'runc', 'value': {'file': True, 'enabled': True, 'dest': '/tmp/releases/runc-1.2.6.amd64', 'checksum': 'sha256:0774f49d1b1eebb5849e644db5e4dc6f2b06cee05f13b3d17d5d6ba62d6f2ebc', 'url': 'https://github.com/opencontainers/runc/releases/download/v1.2.6/runc.amd64', 'unarchive': False, 'owner': 'root', 'mode': '0755', 'groups': ['k8s_cluster']}})
included: /Users/xiilab/Develop/astrago/astrago-deployment/kubespray/versions/v2.28.1/kubespray/roles/download/tasks/download_file.yml for node1, node2, node3 => (item={'key': 'containerd', 'value': {'enabled': True, 'file': True, 'dest': '/tmp/releases/containerd-2.0.6-linux-amd64.tar.gz', 'checksum': 'sha256:a545471a67b8508a3c58ad01a4e6bb2921ace1e59e00a0a2d2e784c1f4fa8caa', 'url': 'https://github.com/containerd/containerd/releases/download/v2.0.6/containerd-2.0.6-linux-amd64.tar.gz', 'unarchive': False, 'owner': 'root', 'mode': '0755', 'groups': ['k8s_cluster']}})
included: /Users/xiilab/Develop/astrago/astrago-deployment/kubespray/versions/v2.28.1/kubespray/roles/download/tasks/download_file.yml for node1, node2, node3 => (item={'key': 'nerdctl', 'value': {'file': True, 'enabled': True, 'dest': '/tmp/releases/nerdctl-2.0.5-linux-amd64.tar.gz', 'checksum': 'sha256:a029af80fd4b3de096d1a18779e7ff8369fbd1285944ebc50bdd22ad41438b5d', 'url': 'https://github.com/containerd/nerdctl/releases/download/v2.0.5/nerdctl-2.0.5-linux-amd64.tar.gz', 'unarchive': True, 'owner': 'root', 'mode': '0755', 'groups': ['k8s_cluster']}})
included: /Users/xiilab/Develop/astrago/astrago-deployment/kubespray/versions/v2.28.1/kubespray/roles/download/tasks/download_file.yml for node1, node2, node3 => (item={'key': 'calicoctl', 'value': {'enabled': True, 'file': True, 'dest': '/tmp/releases/calicoctl-3.29.5-amd64', 'checksum': 'sha256:0b118c7efa08e84751a6c7f6647d61ecac58793343d949ad75b71a1d55480a9c', 'url': 'https://github.com/projectcalico/calico/releases/download/v3.29.5/calicoctl-linux-amd64', 'unarchive': False, 'owner': 'root', 'mode': '0755', 'groups': ['k8s_cluster']}})
included: /Users/xiilab/Develop/astrago/astrago-deployment/kubespray/versions/v2.28.1/kubespray/roles/download/tasks/download_container.yml for node1, node2, node3 => (item={'key': 'calico_node', 'value': {'enabled': True, 'container': True, 'repo': 'quay.io/calico/node', 'tag': 'v3.29.5', 'checksum': '', 'groups': ['k8s_cluster']}})
included: /Users/xiilab/Develop/astrago/astrago-deployment/kubespray/versions/v2.28.1/kubespray/roles/download/tasks/download_container.yml for node1, node2, node3 => (item={'key': 'calico_cni', 'value': {'enabled': True, 'container': True, 'repo': 'quay.io/calico/cni', 'tag': 'v3.29.5', 'checksum': '', 'groups': ['k8s_cluster']}})
included: /Users/xiilab/Develop/astrago/astrago-deployment/kubespray/versions/v2.28.1/kubespray/roles/download/tasks/download_container.yml for node1, node2, node3 => (item={'key': 'calico_policy', 'value': {'enabled': True, 'container': True, 'repo': 'quay.io/calico/kube-controllers', 'tag': 'v3.29.5', 'checksum': '', 'groups': ['k8s_cluster']}})
included: /Users/xiilab/Develop/astrago/astrago-deployment/kubespray/versions/v2.28.1/kubespray/roles/download/tasks/download_file.yml for node1, node2, node3 => (item={'key': 'calico_crds', 'value': {'file': True, 'enabled': True, 'dest': '/tmp/releases/calico-3.29.5-kdd-crds/3.29.5.tar.gz', 'checksum': 'sha256:f36d0b31aaa34f648b211d16f864f262e4700aad30ab0889b327d31c115b6a42', 'url': 'https://github.com/projectcalico/calico/archive/v3.29.5.tar.gz', 'unarchive': True, 'unarchive_extra_opts': ['--strip=3', '--wildcards', '*/libcalico-go/config/crd/'], 'owner': 'root', 'mode': '0755', 'groups': ['kube_control_plane']}})
included: /Users/xiilab/Develop/astrago/astrago-deployment/kubespray/versions/v2.28.1/kubespray/roles/download/tasks/download_container.yml for node1, node2, node3 => (item={'key': 'pod_infra', 'value': {'enabled': True, 'container': True, 'repo': 'registry.k8s.io/pause', 'tag': '3.10', 'checksum': '', 'groups': ['k8s_cluster']}})
included: /Users/xiilab/Develop/astrago/astrago-deployment/kubespray/versions/v2.28.1/kubespray/roles/download/tasks/download_container.yml for node1, node2, node3 => (item={'key': 'nginx', 'value': {'enabled': True, 'container': True, 'repo': 'docker.io/library/nginx', 'tag': '1.27.4-alpine', 'checksum': '', 'groups': ['kube_node']}})
included: /Users/xiilab/Develop/astrago/astrago-deployment/kubespray/versions/v2.28.1/kubespray/roles/download/tasks/download_container.yml for node1, node2, node3 => (item={'key': 'coredns', 'value': {'enabled': True, 'container': True, 'repo': 'registry.k8s.io/coredns/coredns', 'tag': 'v1.11.3', 'checksum': '', 'groups': ['k8s_cluster']}})
included: /Users/xiilab/Develop/astrago/astrago-deployment/kubespray/versions/v2.28.1/kubespray/roles/download/tasks/download_container.yml for node1, node2, node3 => (item={'key': 'nodelocaldns', 'value': {'enabled': True, 'container': True, 'repo': 'registry.k8s.io/dns/k8s-dns-node-cache', 'tag': '1.25.0', 'checksum': '', 'groups': ['k8s_cluster']}})
included: /Users/xiilab/Develop/astrago/astrago-deployment/kubespray/versions/v2.28.1/kubespray/roles/download/tasks/download_container.yml for node1, node2, node3 => (item={'key': 'dnsautoscaler', 'value': {'enabled': True, 'container': True, 'repo': 'registry.k8s.io/cpa/cluster-proportional-autoscaler', 'tag': 'v1.8.8', 'checksum': '', 'groups': ['kube_control_plane']}})
included: /Users/xiilab/Develop/astrago/astrago-deployment/kubespray/versions/v2.28.1/kubespray/roles/download/tasks/download_container.yml for node1, node2, node3 => (item={'key': 'kubeadm_kube-apiserver', 'value': {'enabled': True, 'container': True, 'repo': 'registry.k8s.io/kube-apiserver', 'tag': 'v1.32.8', 'groups': ['k8s_cluster']}})
included: /Users/xiilab/Develop/astrago/astrago-deployment/kubespray/versions/v2.28.1/kubespray/roles/download/tasks/download_container.yml for node1, node2, node3 => (item={'key': 'kubeadm_kube-controller-manager', 'value': {'enabled': True, 'container': True, 'repo': 'registry.k8s.io/kube-controller-manager', 'tag': 'v1.32.8', 'groups': ['k8s_cluster']}})
included: /Users/xiilab/Develop/astrago/astrago-deployment/kubespray/versions/v2.28.1/kubespray/roles/download/tasks/download_container.yml for node1, node2, node3 => (item={'key': 'kubeadm_kube-scheduler', 'value': {'enabled': True, 'container': True, 'repo': 'registry.k8s.io/kube-scheduler', 'tag': 'v1.32.8', 'groups': ['k8s_cluster']}})
included: /Users/xiilab/Develop/astrago/astrago-deployment/kubespray/versions/v2.28.1/kubespray/roles/download/tasks/download_container.yml for node1, node2, node3 => (item={'key': 'kubeadm_kube-proxy', 'value': {'enabled': True, 'container': True, 'repo': 'registry.k8s.io/kube-proxy', 'tag': 'v1.32.8', 'groups': ['k8s_cluster']}})
수요일 10 9월 2025  09:55:39 +0900 (0:00:00.513)       0:01:33.146 **************** 

TASK [download : Prep_download | Set a few facts] ******************************
ok: [node1]
ok: [node2]
ok: [node3]
수요일 10 9월 2025  09:55:39 +0900 (0:00:00.033)       0:01:33.180 **************** 
수요일 10 9월 2025  09:55:39 +0900 (0:00:00.026)       0:01:33.206 **************** 

TASK [download : Download_file | Set pathname of cached file] ******************
ok: [node1]
ok: [node2]
ok: [node3]
수요일 10 9월 2025  09:55:39 +0900 (0:00:00.032)       0:01:33.239 **************** 

TASK [download : Download_file | Create dest directory on node] ****************
ok: [node3]
ok: [node2]
ok: [node1]
수요일 10 9월 2025  09:55:39 +0900 (0:00:00.308)       0:01:33.548 **************** 
수요일 10 9월 2025  09:55:39 +0900 (0:00:00.099)       0:01:33.647 **************** 
수요일 10 9월 2025  09:55:40 +0900 (0:00:00.017)       0:01:33.664 **************** 

TASK [download : Download_file | Download item] ********************************
ok: [node2]
ok: [node1]
ok: [node3]
수요일 10 9월 2025  09:55:40 +0900 (0:00:00.517)       0:01:34.182 **************** 
수요일 10 9월 2025  09:55:40 +0900 (0:00:00.040)       0:01:34.222 **************** 
수요일 10 9월 2025  09:55:40 +0900 (0:00:00.029)       0:01:34.252 **************** 
수요일 10 9월 2025  09:55:40 +0900 (0:00:00.026)       0:01:34.279 **************** 

TASK [download : Download_file | Extract file archives] ************************
included: /Users/xiilab/Develop/astrago/astrago-deployment/kubespray/versions/v2.28.1/kubespray/roles/download/tasks/extract_file.yml for node1, node2, node3
수요일 10 9월 2025  09:55:40 +0900 (0:00:00.043)       0:01:34.323 **************** 

TASK [download : Extract_file | Unpacking archive] *****************************
ok: [node3]
ok: [node2]
ok: [node1]
수요일 10 9월 2025  09:55:42 +0900 (0:00:02.218)       0:01:36.541 **************** 

TASK [download : Prep_download | Set a few facts] ******************************
ok: [node1]
ok: [node2]
ok: [node3]
수요일 10 9월 2025  09:55:42 +0900 (0:00:00.046)       0:01:36.588 **************** 
수요일 10 9월 2025  09:55:42 +0900 (0:00:00.027)       0:01:36.615 **************** 

TASK [download : Download_file | Set pathname of cached file] ******************
ok: [node1]
ok: [node2]
ok: [node3]
수요일 10 9월 2025  09:55:42 +0900 (0:00:00.036)       0:01:36.652 **************** 

TASK [download : Download_file | Create dest directory on node] ****************
ok: [node2]
ok: [node1]
ok: [node3]
수요일 10 9월 2025  09:55:43 +0900 (0:00:00.315)       0:01:36.967 **************** 
수요일 10 9월 2025  09:55:43 +0900 (0:00:00.020)       0:01:36.987 **************** 
수요일 10 9월 2025  09:55:43 +0900 (0:00:00.019)       0:01:37.007 **************** 

TASK [download : Download_file | Download item] ********************************
ok: [node3]
ok: [node2]
ok: [node1]
수요일 10 9월 2025  09:55:43 +0900 (0:00:00.587)       0:01:37.594 **************** 
수요일 10 9월 2025  09:55:43 +0900 (0:00:00.038)       0:01:37.633 **************** 
수요일 10 9월 2025  09:55:44 +0900 (0:00:00.029)       0:01:37.663 **************** 
수요일 10 9월 2025  09:55:44 +0900 (0:00:00.029)       0:01:37.692 **************** 

TASK [download : Download_file | Extract file archives] ************************
included: /Users/xiilab/Develop/astrago/astrago-deployment/kubespray/versions/v2.28.1/kubespray/roles/download/tasks/extract_file.yml for node1, node2, node3
수요일 10 9월 2025  09:55:44 +0900 (0:00:00.043)       0:01:37.735 **************** 
수요일 10 9월 2025  09:55:44 +0900 (0:00:00.026)       0:01:37.762 **************** 

TASK [download : Prep_download | Set a few facts] ******************************
ok: [node1]
ok: [node2]
ok: [node3]
수요일 10 9월 2025  09:55:44 +0900 (0:00:00.031)       0:01:37.793 **************** 
수요일 10 9월 2025  09:55:44 +0900 (0:00:00.026)       0:01:37.820 **************** 

TASK [download : Download_file | Set pathname of cached file] ******************
ok: [node1]
ok: [node2]
ok: [node3]
수요일 10 9월 2025  09:55:44 +0900 (0:00:00.032)       0:01:37.852 **************** 

TASK [download : Download_file | Create dest directory on node] ****************
ok: [node1]
ok: [node3]
ok: [node2]
수요일 10 9월 2025  09:55:44 +0900 (0:00:00.315)       0:01:38.167 **************** 
수요일 10 9월 2025  09:55:44 +0900 (0:00:00.027)       0:01:38.195 **************** 
수요일 10 9월 2025  09:55:44 +0900 (0:00:00.021)       0:01:38.217 **************** 

TASK [download : Download_file | Download item] ********************************
ok: [node1]
ok: [node3]
ok: [node2]
수요일 10 9월 2025  09:55:45 +0900 (0:00:00.642)       0:01:38.859 **************** 
수요일 10 9월 2025  09:55:45 +0900 (0:00:00.041)       0:01:38.901 **************** 
수요일 10 9월 2025  09:55:45 +0900 (0:00:00.031)       0:01:38.933 **************** 
수요일 10 9월 2025  09:55:45 +0900 (0:00:00.026)       0:01:38.959 **************** 

TASK [download : Download_file | Extract file archives] ************************
included: /Users/xiilab/Develop/astrago/astrago-deployment/kubespray/versions/v2.28.1/kubespray/roles/download/tasks/extract_file.yml for node1, node2, node3
수요일 10 9월 2025  09:55:45 +0900 (0:00:00.042)       0:01:39.001 **************** 
수요일 10 9월 2025  09:55:45 +0900 (0:00:00.027)       0:01:39.028 **************** 

TASK [download : Prep_download | Set a few facts] ******************************
ok: [node1]
ok: [node2]
ok: [node3]
수요일 10 9월 2025  09:55:45 +0900 (0:00:00.035)       0:01:39.064 **************** 
수요일 10 9월 2025  09:55:45 +0900 (0:00:00.025)       0:01:39.089 **************** 

TASK [download : Download_file | Set pathname of cached file] ******************
ok: [node1]
ok: [node2]
ok: [node3]
수요일 10 9월 2025  09:55:45 +0900 (0:00:00.035)       0:01:39.125 **************** 

TASK [download : Download_file | Create dest directory on node] ****************
ok: [node1]
ok: [node3]
ok: [node2]
수요일 10 9월 2025  09:55:45 +0900 (0:00:00.323)       0:01:39.448 **************** 
수요일 10 9월 2025  09:55:45 +0900 (0:00:00.025)       0:01:39.473 **************** 
수요일 10 9월 2025  09:55:45 +0900 (0:00:00.021)       0:01:39.495 **************** 
